2023-07-19 09:26:23.466 [info] 日志级别: Info
2023-07-19 09:26:23.466 [info] 正在验证在以下位置找到的 git: "git"
2023-07-19 09:26:23.466 [info] 将使用位于 "2.25.1" 的 Git "git"
2023-07-19 09:26:23.466 [info] > git rev-parse --show-toplevel [10ms]
2023-07-19 09:26:23.466 [info] fatal: not a git repository (or any of the parent directories): .git
2023-07-19 09:26:23.466 [info] > git rev-parse --show-toplevel [15ms]
2023-07-19 09:26:23.468 [info] > git rev-parse --git-dir --git-common-dir [5ms]
2023-07-19 09:26:23.485 [info] Open repository: /home/funny/lab1
2023-07-19 09:26:23.572 [info] > git config --get commit.template [54ms]
2023-07-19 09:26:23.573 [info] > git rev-parse --show-toplevel [74ms]
2023-07-19 09:26:23.573 [info] fatal: not a git repository (or any of the parent directories): .git
2023-07-19 09:26:23.606 [info] > git rev-parse --show-toplevel [18ms]
2023-07-19 09:26:23.606 [info] fatal: not a git repository (or any of the parent directories): .git
2023-07-19 09:26:23.623 [info] > git for-each-ref --format=%(refname)%00%(upstream:short)%00%(objectname)%00%(upstream:track)%00%(upstream:remotename)%00%(upstream:remoteref) refs/heads/util refs/remotes/util [20ms]
2023-07-19 09:26:23.641 [info] > git rev-parse --show-toplevel [20ms]
2023-07-19 09:26:23.641 [info] fatal: not a git repository (or any of the parent directories): .git
2023-07-19 09:26:23.656 [info] > git status -z -uall [18ms]
2023-07-19 09:26:23.667 [info] > git rev-parse --show-toplevel [11ms]
2023-07-19 09:26:23.667 [info] fatal: not a git repository (or any of the parent directories): .git
2023-07-19 09:26:23.698 [info] > git rev-parse --show-toplevel [19ms]
2023-07-19 09:26:23.724 [info] > git config --get commit.template [29ms]
2023-07-19 09:26:23.724 [info] > git rev-parse --git-dir --git-common-dir [14ms]
2023-07-19 09:26:23.728 [info] Open repository: /home/funny/lab10
2023-07-19 09:26:23.759 [info] > git for-each-ref --format=%(refname)%00%(upstream:short)%00%(objectname)%00%(upstream:track)%00%(upstream:remotename)%00%(upstream:remoteref) refs/heads/util refs/remotes/util [37ms]
2023-07-19 09:26:23.811 [info] > git status -z -uall [39ms]
2023-07-19 09:26:23.814 [info] > git config --get commit.template [56ms]
2023-07-19 09:26:23.815 [info] > git rev-parse --show-toplevel [74ms]
2023-07-19 09:26:23.851 [info] > git rev-parse --git-dir --git-common-dir [21ms]
2023-07-19 09:26:23.854 [info] Open repository: /home/funny/lab11
2023-07-19 09:26:23.883 [info] > git for-each-ref --format=%(refname)%00%(upstream:short)%00%(objectname)%00%(upstream:track)%00%(upstream:remotename)%00%(upstream:remoteref) refs/heads/mmap refs/remotes/mmap [34ms]
2023-07-19 09:26:23.900 [info] > git config --get commit.template [19ms]
2023-07-19 09:26:23.901 [info] > git rev-parse --show-toplevel [34ms]
2023-07-19 09:26:23.918 [info] > git rev-parse --git-dir --git-common-dir [5ms]
2023-07-19 09:26:23.922 [info] Open repository: /home/funny/lab2
2023-07-19 09:26:23.970 [info] > git status -z -uall [73ms]
2023-07-19 09:26:23.996 [info] > git config --get commit.template [26ms]
2023-07-19 09:26:23.996 [info] > git for-each-ref --format=%(refname)%00%(upstream:short)%00%(objectname)%00%(upstream:track)%00%(upstream:remotename)%00%(upstream:remoteref) refs/heads/net refs/remotes/net [45ms]
2023-07-19 09:26:24.010 [info] > git rev-parse --show-toplevel [75ms]
2023-07-19 09:26:24.040 [info] > git rev-parse --git-dir --git-common-dir [17ms]
2023-07-19 09:26:24.045 [info] Open repository: /home/funny/lab3
2023-07-19 09:26:24.058 [info] > git config --get commit.template [70ms]
2023-07-19 09:26:24.087 [info] > git status -z -uall [78ms]
2023-07-19 09:26:24.088 [info] > git check-ignore -v -z --stdin [51ms]
2023-07-19 09:26:24.129 [info] > git config --get commit.template [42ms]
2023-07-19 09:26:24.129 [info] > git for-each-ref --format=%(refname)%00%(upstream:short)%00%(objectname)%00%(upstream:track)%00%(upstream:remotename)%00%(upstream:remoteref) refs/heads/syscall refs/remotes/syscall [56ms]
2023-07-19 09:26:24.143 [info] > git rev-parse --show-toplevel [86ms]
2023-07-19 09:26:24.159 [info] > git status -z -uall [15ms]
2023-07-19 09:26:24.163 [info] > git config --get commit.template [39ms]
2023-07-19 09:26:24.163 [info] > git for-each-ref --format=%(refname)%00%(upstream:short)%00%(objectname)%00%(upstream:track)%00%(upstream:remotename)%00%(upstream:remoteref) refs/heads/mmap refs/remotes/mmap [53ms]
2023-07-19 09:26:24.205 [info] > git status -z -uall [29ms]
2023-07-19 09:26:24.205 [info] > git rev-parse --git-dir --git-common-dir [49ms]
2023-07-19 09:26:24.209 [info] Open repository: /home/funny/lab4
2023-07-19 09:26:24.255 [info] > git config --get commit.template [51ms]
2023-07-19 09:26:24.255 [info] > git for-each-ref --format=%(refname)%00%(upstream:short)%00%(objectname)%00%(upstream:track)%00%(upstream:remotename)%00%(upstream:remoteref) refs/heads/pgtbl refs/remotes/pgtbl [65ms]
2023-07-19 09:26:24.277 [info] > git config --get commit.template [24ms]
2023-07-19 09:26:24.278 [info] > git for-each-ref --format=%(refname)%00%(upstream:short)%00%(objectname)%00%(upstream:track)%00%(upstream:remotename)%00%(upstream:remoteref) refs/heads/net refs/remotes/net [39ms]
2023-07-19 09:26:24.292 [info] > git rev-parse --show-toplevel [68ms]
2023-07-19 09:26:24.321 [info] > git status -z -uall [52ms]
2023-07-19 09:26:24.321 [info] > git status -z -uall [30ms]
2023-07-19 09:26:24.362 [info] > git rev-parse --git-dir --git-common-dir [58ms]
2023-07-19 09:26:24.367 [info] Open repository: /home/funny/lab5
2023-07-19 09:26:24.409 [info] > git rev-parse --show-toplevel [26ms]
2023-07-19 09:26:24.425 [info] > git config --get commit.template [67ms]
2023-07-19 09:26:24.425 [info] > git for-each-ref --format=%(refname)%00%(upstream:short)%00%(objectname)%00%(upstream:track)%00%(upstream:remotename)%00%(upstream:remoteref) refs/heads/traps refs/remotes/traps [83ms]
2023-07-19 09:26:24.439 [info] > git for-each-ref --format=%(refname)%00%(upstream:short)%00%(objectname)%00%(upstream:track)%00%(upstream:remotename)%00%(upstream:remoteref) refs/heads/syscall refs/remotes/syscall [120ms]
2023-07-19 09:26:24.467 [info] > git rev-parse --git-dir --git-common-dir [43ms]
2023-07-19 09:26:24.470 [info] Open repository: /home/funny/lab6
2023-07-19 09:26:24.486 [info] > git config --get commit.template [78ms]
2023-07-19 09:26:24.523 [info] > git status -z -uall [85ms]
2023-07-19 09:26:24.523 [info] > git status -z -uall [66ms]
2023-07-19 09:26:24.544 [info] > git config --get commit.template [25ms]
2023-07-19 09:26:24.544 [info] > git for-each-ref --format=%(refname)%00%(upstream:short)%00%(objectname)%00%(upstream:track)%00%(upstream:remotename)%00%(upstream:remoteref) refs/heads/pgtbl refs/remotes/pgtbl [39ms]
2023-07-19 09:26:24.559 [info] > git rev-parse --show-toplevel [74ms]
2023-07-19 09:26:24.586 [info] > git status -z -uall [28ms]
2023-07-19 09:26:24.586 [info] > git for-each-ref --format=%(refname)%00%(upstream:short)%00%(objectname)%00%(upstream:track)%00%(upstream:remotename)%00%(upstream:remoteref) refs/heads/lazy refs/remotes/lazy [43ms]
2023-07-19 09:26:24.614 [info] > git config --get commit.template [30ms]
2023-07-19 09:26:24.614 [info] > git rev-parse --git-dir --git-common-dir [42ms]
2023-07-19 09:26:24.619 [info] Open repository: /home/funny/lab7
2023-07-19 09:26:24.695 [info] > git status -z -uall [95ms]
2023-07-19 09:26:24.695 [info] > git check-ignore -v -z --stdin [42ms]
2023-07-19 09:26:24.696 [info] > git rev-parse --show-toplevel [63ms]
2023-07-19 09:26:24.709 [info] > git for-each-ref --format=%(refname)%00%(upstream:short)%00%(objectname)%00%(upstream:track)%00%(upstream:remotename)%00%(upstream:remoteref) refs/heads/cow refs/remotes/cow [96ms]
2023-07-19 09:26:24.751 [info] > git rev-parse --git-dir --git-common-dir [42ms]
2023-07-19 09:26:24.755 [info] Open repository: /home/funny/lab8
2023-07-19 09:26:24.771 [info] > git config --get commit.template [84ms]
2023-07-19 09:26:24.771 [info] > git for-each-ref --format=%(refname)%00%(upstream:short)%00%(objectname)%00%(upstream:track)%00%(upstream:remotename)%00%(upstream:remoteref) refs/heads/traps refs/remotes/traps [101ms]
2023-07-19 09:26:24.813 [info] > git status -z -uall [88ms]
2023-07-19 09:26:24.813 [info] > git status -z -uall [26ms]
2023-07-19 09:26:24.814 [info] > git rev-parse --show-toplevel [43ms]
2023-07-19 09:26:24.829 [info] > git config --get commit.template [81ms]
2023-07-19 09:26:24.870 [info] > git rev-parse --git-dir --git-common-dir [42ms]
2023-07-19 09:26:24.873 [info] Open repository: /home/funny/lab9
2023-07-19 09:26:24.877 [info] > git config --get commit.template [71ms]
2023-07-19 09:26:24.913 [info] > git config --get commit.template [44ms]
2023-07-19 09:26:24.913 [info] > git for-each-ref --format=%(refname)%00%(upstream:short)%00%(objectname)%00%(upstream:track)%00%(upstream:remotename)%00%(upstream:remoteref) refs/heads/thread refs/remotes/thread [60ms]
2023-07-19 09:26:24.942 [info] > git config --get commit.template [33ms]
2023-07-19 09:26:24.942 [info] > git for-each-ref --format=%(refname)%00%(upstream:short)%00%(objectname)%00%(upstream:track)%00%(upstream:remotename)%00%(upstream:remoteref) refs/heads/lazy refs/remotes/lazy [47ms]
2023-07-19 09:26:24.974 [info] > git status -z -uall [47ms]
2023-07-19 09:26:24.974 [info] > git for-each-ref --format=%(refname)%00%(upstream:short)%00%(objectname)%00%(upstream:track)%00%(upstream:remotename)%00%(upstream:remoteref) refs/heads/lock refs/remotes/lock [34ms]
2023-07-19 09:26:25.027 [info] > git status -z -uall [70ms]
2023-07-19 09:26:25.027 [info] > git status -z -uall [39ms]
2023-07-19 09:26:25.027 [info] > git for-each-ref --format=%(refname)%00%(upstream:short)%00%(objectname)%00%(upstream:track)%00%(upstream:remotename)%00%(upstream:remoteref) refs/heads/cow refs/remotes/cow [55ms]
2023-07-19 09:26:25.049 [info] > git config --get commit.template [24ms]
2023-07-19 09:26:25.049 [info] > git for-each-ref --format=%(refname)%00%(upstream:short)%00%(objectname)%00%(upstream:track)%00%(upstream:remotename)%00%(upstream:remoteref) refs/heads/fs refs/remotes/fs [38ms]
2023-07-19 09:26:25.068 [info] > git status -z -uall [27ms]
2023-07-19 09:26:25.104 [info] > git status -z -uall [40ms]
2023-07-19 09:26:25.104 [info] > git for-each-ref --format=%(refname)%00%(upstream:short)%00%(objectname)%00%(upstream:track)%00%(upstream:remotename)%00%(upstream:remoteref) refs/heads/thread refs/remotes/thread [20ms]
2023-07-19 09:26:25.156 [info] > git config --get commit.template [56ms]
2023-07-19 09:26:25.159 [info] > git status -z -uall [39ms]
2023-07-19 09:26:25.159 [info] > git for-each-ref --format=%(refname)%00%(upstream:short)%00%(objectname)%00%(upstream:track)%00%(upstream:remotename)%00%(upstream:remoteref) refs/heads/lock refs/remotes/lock [19ms]
2023-07-19 09:26:25.182 [info] > git config --get commit.template [27ms]
2023-07-19 09:26:25.220 [info] > git status -z -uall [44ms]
2023-07-19 09:26:25.221 [info] > git for-each-ref --format=%(refname)%00%(upstream:short)%00%(objectname)%00%(upstream:track)%00%(upstream:remotename)%00%(upstream:remoteref) refs/heads/fs refs/remotes/fs [19ms]
2023-07-19 09:26:25.245 [info] > git check-ignore -v -z --stdin [26ms]
2023-07-19 09:26:25.260 [info] > git status -z -uall [22ms]
2023-07-19 09:26:25.616 [info] > git show --textconv :user/primes.c [16ms]
2023-07-19 09:26:25.619 [info] > git ls-files --stage -- /home/funny/lab1/user/primes.c [4ms]
2023-07-19 09:30:40.732 [info] > git check-ignore -v -z --stdin [6ms]
2023-07-19 11:02:24.644 [info] > git check-ignore -v -z --stdin [9ms]
2023-07-19 11:02:25.957 [info] > git check-ignore -v -z --stdin [8ms]
2023-07-19 11:02:26.675 [info] > git check-ignore -v -z --stdin [8ms]
2023-07-19 11:02:28.131 [info] > git check-ignore -v -z --stdin [7ms]
2023-07-19 11:02:29.062 [info] > git show --textconv :user/find.c [21ms]
2023-07-19 11:02:29.067 [info] > git ls-files --stage -- /home/funny/lab1/user/find.c [7ms]
2023-07-19 11:30:03.351 [info] > git rev-parse --show-toplevel [7ms]
2023-07-19 11:30:03.351 [info] fatal: not a git repository (or any of the parent directories): .git
2023-07-19 11:30:05.971 [info] > git rev-parse --show-toplevel [4ms]
2023-07-19 11:30:05.971 [info] fatal: not a git repository (or any of the parent directories): .git
2023-07-19 11:30:10.120 [info] > git rev-parse --show-toplevel [5ms]
2023-07-19 11:30:10.120 [info] fatal: not a git repository (or any of the parent directories): .git
2023-07-19 11:30:15.497 [info] > git rev-parse --show-toplevel [5ms]
2023-07-19 11:30:15.497 [info] fatal: not a git repository (or any of the parent directories): .git
2023-07-19 11:30:15.729 [info] > git rev-parse --show-toplevel [6ms]
2023-07-19 11:30:15.729 [info] fatal: not a git repository (or any of the parent directories): .git
2023-07-19 11:30:15.899 [info] > git rev-parse --show-toplevel [5ms]
2023-07-19 11:30:15.899 [info] fatal: not a git repository (or any of the parent directories): .git
2023-07-19 12:04:40.345 [info] > git check-ignore -v -z --stdin [6ms]
2023-07-19 12:04:41.096 [info] > git check-ignore -v -z --stdin [4ms]
2023-07-19 12:04:42.203 [info] > git show --textconv :user/xargs.c [13ms]
2023-07-19 12:04:42.206 [info] > git ls-files --stage -- /home/funny/lab1/user/xargs.c [5ms]
2023-07-19 12:06:37.553 [info] > git check-ignore -v -z --stdin [7ms]
2023-07-19 12:06:40.122 [info] > git check-ignore -v -z --stdin [7ms]
2023-07-19 12:35:09.961 [info] > git check-ignore -v -z --stdin [165ms]
2023-07-19 12:35:09.962 [info] > git check-ignore -v -z --stdin [151ms]
2023-07-19 12:35:09.962 [info] > git check-ignore -v -z --stdin [136ms]
2023-07-19 12:35:09.963 [info] > git check-ignore -v -z --stdin [120ms]
2023-07-19 12:35:09.963 [info] > git check-ignore -v -z --stdin [104ms]
2023-07-19 12:35:09.963 [info] > git check-ignore -v -z --stdin [85ms]
2023-07-19 12:35:09.963 [info] > git check-ignore -v -z --stdin [69ms]
2023-07-19 12:35:09.963 [info] > git check-ignore -v -z --stdin [54ms]
2023-07-19 12:35:09.964 [info] > git check-ignore -v -z --stdin [40ms]
2023-07-19 12:35:09.964 [info] > git check-ignore -v -z --stdin [25ms]
2023-07-19 12:35:09.964 [info] > git check-ignore -v -z --stdin [9ms]
2023-07-19 12:35:12.355 [info] > git config --get commit.template [15ms]
2023-07-19 12:35:12.361 [info] > git for-each-ref --format=%(refname)%00%(upstream:short)%00%(objectname)%00%(upstream:track)%00%(upstream:remotename)%00%(upstream:remoteref) refs/heads/util refs/remotes/util [7ms]
2023-07-19 12:35:12.386 [info] > git status -z -uall [12ms]
2023-07-19 12:35:24.034 [info] > git config --get commit.template [16ms]
2023-07-19 12:35:24.040 [info] > git for-each-ref --format=%(refname)%00%(upstream:short)%00%(objectname)%00%(upstream:track)%00%(upstream:remotename)%00%(upstream:remoteref) refs/heads/util refs/remotes/util [8ms]
2023-07-19 12:35:24.064 [info] > git status -z -uall [10ms]
2023-07-19 19:04:03.244 [info] > git check-ignore -v -z --stdin [8ms]
2023-07-19 19:04:04.958 [info] > git check-ignore -v -z --stdin [8ms]
2023-07-19 19:04:12.345 [info] > git check-ignore -v -z --stdin [8ms]
2023-07-19 19:04:14.291 [info] > git check-ignore -v -z --stdin [9ms]
2023-07-19 19:04:15.200 [info] > git check-ignore -v -z --stdin [9ms]
2023-07-19 19:04:19.335 [info] > git check-ignore -v -z --stdin [7ms]
2023-07-19 19:04:20.387 [info] > git check-ignore -v -z --stdin [8ms]
2023-07-19 19:04:21.266 [info] > git check-ignore -v -z --stdin [8ms]
2023-07-19 19:04:23.202 [info] > git show --textconv :kernel/syscall.c [25ms]
2023-07-19 19:04:23.208 [info] > git ls-files --stage -- /home/funny/lab2/kernel/syscall.c [8ms]
2023-07-19 19:04:23.243 [info] > git cat-file -s c1b3670db9d39f5570df45da08ab392eb74f2338 [11ms]
2023-07-19 19:04:25.166 [info] > git show --textconv :kernel/syscall.h [30ms]
2023-07-19 19:04:25.174 [info] > git ls-files --stage -- /home/funny/lab2/kernel/syscall.h [9ms]
2023-07-19 19:04:25.214 [info] > git cat-file -s bc5f35651c0e0e6d79e60a80b778962429832aeb [11ms]
2023-07-19 19:04:25.750 [info] > git show --textconv :kernel/syscall.c [24ms]
2023-07-19 19:04:25.756 [info] > git ls-files --stage -- /home/funny/lab2/kernel/syscall.c [7ms]
2023-07-19 19:04:25.786 [info] > git cat-file -s c1b3670db9d39f5570df45da08ab392eb74f2338 [10ms]
2023-07-19 19:05:06.966 [info] > git check-ignore -v -z --stdin [8ms]
2023-07-19 19:05:11.433 [info] > git check-ignore -v -z --stdin [9ms]
2023-07-19 19:05:12.633 [info] > git check-ignore -v -z --stdin [9ms]
2023-07-19 19:05:13.846 [info] > git check-ignore -v -z --stdin [8ms]
2023-07-19 19:05:15.202 [info] > git show --textconv :user/user.h [26ms]
2023-07-19 19:05:15.208 [info] > git ls-files --stage -- /home/funny/lab2/user/user.h [7ms]
2023-07-19 19:05:15.240 [info] > git cat-file -s b71ecda2b66d940b2dcc52fcd3673d5d91b3f9f1 [10ms]
2023-07-19 19:05:54.520 [info] > git show --textconv :user/usys.pl [24ms]
2023-07-19 19:05:54.526 [info] > git ls-files --stage -- /home/funny/lab2/user/usys.pl [7ms]
2023-07-19 19:05:54.557 [info] > git cat-file -s 01e426e6b36c706967da4dfc41f6377df9da9e31 [10ms]
2023-07-19 19:11:22.654 [info] > git show --textconv :kernel/proc.h [26ms]
2023-07-19 19:11:22.661 [info] > git ls-files --stage -- /home/funny/lab2/kernel/proc.h [7ms]
2023-07-19 19:11:22.694 [info] > git cat-file -s 9c16ea726d05735e23d0d2f74168c483c017be60 [10ms]
2023-07-19 19:13:10.272 [info] > git show --textconv :kernel/sysproc.c [17ms]
2023-07-19 19:13:10.276 [info] > git ls-files --stage -- /home/funny/lab2/kernel/sysproc.c [4ms]
2023-07-19 19:13:10.295 [info] > git cat-file -s e8bcda971ebad2c2b3801fb1d11670a2f37e9483 [6ms]
2023-07-19 19:13:38.642 [info] > git config --get commit.template [12ms]
2023-07-19 19:13:38.648 [info] > git for-each-ref --format=%(refname)%00%(upstream:short)%00%(objectname)%00%(upstream:track)%00%(upstream:remotename)%00%(upstream:remoteref) refs/heads/syscall refs/remotes/syscall [6ms]
2023-07-19 19:13:38.670 [info] > git status -z -uall [11ms]
2023-07-19 19:17:33.575 [info] > git show --textconv :kernel/proc.h [18ms]
2023-07-19 19:17:33.581 [info] > git ls-files --stage -- /home/funny/lab2/kernel/proc.h [6ms]
2023-07-19 19:17:33.600 [info] > git cat-file -s 9c16ea726d05735e23d0d2f74168c483c017be60 [5ms]
2023-07-19 19:21:20.515 [info] > git config --get commit.template [13ms]
2023-07-19 19:21:20.521 [info] > git for-each-ref --format=%(refname)%00%(upstream:short)%00%(objectname)%00%(upstream:track)%00%(upstream:remotename)%00%(upstream:remoteref) refs/heads/syscall refs/remotes/syscall [7ms]
2023-07-19 19:21:20.542 [info] > git status -z -uall [10ms]
2023-07-19 19:24:49.572 [info] > git show --textconv :kernel/proc.c [14ms]
2023-07-19 19:24:49.576 [info] > git ls-files --stage -- /home/funny/lab2/kernel/proc.c [5ms]
2023-07-19 19:24:49.594 [info] > git cat-file -s 6afafa13aba6902d3a9b241fd1746f25fd76dc10 [5ms]
2023-07-19 19:25:24.966 [info] > git config --get commit.template [14ms]
2023-07-19 19:25:24.973 [info] > git for-each-ref --format=%(refname)%00%(upstream:short)%00%(objectname)%00%(upstream:track)%00%(upstream:remotename)%00%(upstream:remoteref) refs/heads/syscall refs/remotes/syscall [9ms]
2023-07-19 19:25:24.997 [info] > git status -z -uall [11ms]
2023-07-19 19:36:25.862 [info] > git config --get commit.template [15ms]
2023-07-19 19:36:25.870 [info] > git for-each-ref --format=%(refname)%00%(upstream:short)%00%(objectname)%00%(upstream:track)%00%(upstream:remotename)%00%(upstream:remoteref) refs/heads/syscall refs/remotes/syscall [10ms]
2023-07-19 19:36:25.893 [info] > git status -z -uall [10ms]
2023-07-19 19:38:29.571 [info] > git for-each-ref --format=%(refname)%00%(upstream:short)%00%(objectname)%00%(upstream:track)%00%(upstream:remotename)%00%(upstream:remoteref) refs/heads/syscall refs/remotes/syscall [12ms]
2023-07-19 19:38:29.573 [info] > git config --get commit.template [3ms]
2023-07-19 19:38:29.595 [info] > git status -z -uall [11ms]
2023-07-19 20:34:39.593 [info] > git show --textconv :kernel/kalloc.c [17ms]
2023-07-19 20:34:39.597 [info] > git ls-files --stage -- /home/funny/lab2/kernel/kalloc.c [6ms]
2023-07-19 20:34:39.617 [info] > git cat-file -s fa6a0acaeef1115aec9cbec62e50caee44f4bbb2 [6ms]
2023-07-19 20:40:44.330 [info] > git show --textconv :kernel/defs.h [14ms]
2023-07-19 20:40:44.336 [info] > git ls-files --stage -- /home/funny/lab2/kernel/defs.h [5ms]
2023-07-19 20:40:44.354 [info] > git cat-file -s 4b9bbc0e6acd5e35dcd0b9a688f7f7d08bb8dbe9 [5ms]
