2023-07-18 11:07:42.567 [info] 日志级别: Info
2023-07-18 11:07:42.567 [info] 正在验证在以下位置找到的 git: "git"
2023-07-18 11:07:42.567 [info] 将使用位于 "2.25.1" 的 Git "git"
2023-07-18 11:07:42.567 [info] > git rev-parse --show-toplevel [9ms]
2023-07-18 11:07:42.567 [info] fatal: not a git repository (or any of the parent directories): .git
2023-07-18 11:07:42.567 [info] > git rev-parse --show-toplevel [10ms]
2023-07-18 11:07:42.567 [info] > git rev-parse --git-dir --git-common-dir [53ms]
2023-07-18 11:07:42.567 [info] Open repository: /home/funny/lab11
2023-07-18 11:07:42.588 [info] > git config --get commit.template [6ms]
2023-07-18 11:07:42.588 [info] > git rev-parse --show-toplevel [23ms]
2023-07-18 11:07:42.588 [info] fatal: not a git repository (or any of the parent directories): .git
2023-07-18 11:07:42.617 [info] > git rev-parse --show-toplevel [15ms]
2023-07-18 11:07:42.617 [info] fatal: not a git repository (or any of the parent directories): .git
2023-07-18 11:07:42.632 [info] > git for-each-ref --format=%(refname)%00%(upstream:short)%00%(objectname)%00%(upstream:track)%00%(upstream:remotename)%00%(upstream:remoteref) refs/heads/net refs/remotes/net [15ms]
2023-07-18 11:07:42.647 [info] > git rev-parse --show-toplevel [17ms]
2023-07-18 11:07:42.647 [info] fatal: not a git repository (or any of the parent directories): .git
2023-07-18 11:07:42.665 [info] > git rev-parse --show-toplevel [5ms]
2023-07-18 11:07:42.665 [info] fatal: not a git repository (or any of the parent directories): .git
2023-07-18 11:07:42.681 [info] > git rev-parse --show-toplevel [4ms]
2023-07-18 11:07:42.695 [info] > git status -z -uall [50ms]
2023-07-18 11:07:42.717 [info] > git rev-parse --git-dir --git-common-dir [23ms]
2023-07-18 11:07:42.722 [info] Open repository: /home/funny/lab1
2023-07-18 11:07:42.754 [info] > git config --get commit.template [38ms]
2023-07-18 11:07:42.755 [info] > git config --get commit.template [5ms]
2023-07-18 11:07:42.756 [info] > git rev-parse --show-toplevel [22ms]
2023-07-18 11:07:42.803 [info] > git rev-parse --git-dir --git-common-dir [32ms]
2023-07-18 11:07:42.807 [info] Open repository: /home/funny/lab10
2023-07-18 11:07:42.869 [info] > git rev-parse --show-toplevel [46ms]
2023-07-18 11:07:42.885 [info] > git for-each-ref --format=%(refname)%00%(upstream:short)%00%(objectname)%00%(upstream:track)%00%(upstream:remotename)%00%(upstream:remoteref) refs/heads/util refs/remotes/util [83ms]
2023-07-18 11:07:42.899 [info] > git for-each-ref --format=%(refname)%00%(upstream:short)%00%(objectname)%00%(upstream:track)%00%(upstream:remotename)%00%(upstream:remoteref) refs/heads/net refs/remotes/net [113ms]
2023-07-18 11:07:42.920 [info] > git status -z -uall [21ms]
2023-07-18 11:07:42.928 [info] > git rev-parse --git-dir --git-common-dir [44ms]
2023-07-18 11:07:42.932 [info] Open repository: /home/funny/lab2
2023-07-18 11:07:42.948 [info] > git config --get commit.template [87ms]
2023-07-18 11:07:42.997 [info] > git status -z -uall [83ms]
2023-07-18 11:07:43.015 [info] > git config --get commit.template [34ms]
2023-07-18 11:07:43.015 [info] > git config --get commit.template [51ms]
2023-07-18 11:07:43.015 [info] > git rev-parse --show-toplevel [68ms]
2023-07-18 11:07:43.034 [info] > git rev-parse --git-dir --git-common-dir [6ms]
2023-07-18 11:07:43.037 [info] Open repository: /home/funny/lab3
2023-07-18 11:07:43.051 [info] > git for-each-ref --format=%(refname)%00%(upstream:short)%00%(objectname)%00%(upstream:track)%00%(upstream:remotename)%00%(upstream:remoteref) refs/heads/mmap refs/remotes/mmap [38ms]
2023-07-18 11:07:43.113 [info] > git status -z -uall [47ms]
2023-07-18 11:07:43.113 [info] > git rev-parse --show-toplevel [63ms]
2023-07-18 11:07:43.132 [info] > git config --get commit.template [21ms]
2023-07-18 11:07:43.133 [info] > git for-each-ref --format=%(refname)%00%(upstream:short)%00%(objectname)%00%(upstream:track)%00%(upstream:remotename)%00%(upstream:remoteref) refs/heads/syscall refs/remotes/syscall [35ms]
2023-07-18 11:07:43.147 [info] > git for-each-ref --format=%(refname)%00%(upstream:short)%00%(objectname)%00%(upstream:track)%00%(upstream:remotename)%00%(upstream:remoteref) refs/heads/util refs/remotes/util [65ms]
2023-07-18 11:07:43.167 [info] > git status -z -uall [21ms]
2023-07-18 11:07:43.171 [info] > git rev-parse --git-dir --git-common-dir [44ms]
2023-07-18 11:07:43.175 [info] Open repository: /home/funny/lab4
2023-07-18 11:07:43.252 [info] > git status -z -uall [92ms]
2023-07-18 11:07:43.255 [info] > git config --get commit.template [6ms]
2023-07-18 11:07:43.255 [info] > git config --get commit.template [21ms]
2023-07-18 11:07:43.255 [info] > git config --get commit.template [35ms]
2023-07-18 11:07:43.255 [info] > git for-each-ref --format=%(refname)%00%(upstream:short)%00%(objectname)%00%(upstream:track)%00%(upstream:remotename)%00%(upstream:remoteref) refs/heads/pgtbl refs/remotes/pgtbl [51ms]
2023-07-18 11:07:43.276 [info] > git rev-parse --show-toplevel [88ms]
2023-07-18 11:07:43.304 [info] > git rev-parse --git-dir --git-common-dir [9ms]
2023-07-18 11:07:43.309 [info] Open repository: /home/funny/lab5
2023-07-18 11:07:43.405 [info] > git status -z -uall [130ms]
2023-07-18 11:07:43.433 [info] > git config --get commit.template [32ms]
2023-07-18 11:07:43.434 [info] > git for-each-ref --format=%(refname)%00%(upstream:short)%00%(objectname)%00%(upstream:track)%00%(upstream:remotename)%00%(upstream:remoteref) refs/heads/traps refs/remotes/traps [49ms]
2023-07-18 11:07:43.457 [info] > git for-each-ref --format=%(refname)%00%(upstream:short)%00%(objectname)%00%(upstream:track)%00%(upstream:remotename)%00%(upstream:remoteref) refs/heads/syscall refs/remotes/syscall [90ms]
2023-07-18 11:07:43.476 [info] > git for-each-ref --format=%(refname)%00%(upstream:short)%00%(objectname)%00%(upstream:track)%00%(upstream:remotename)%00%(upstream:remoteref) refs/heads/mmap refs/remotes/mmap [126ms]
2023-07-18 11:07:43.495 [info] > git rev-parse --show-toplevel [166ms]
2023-07-18 11:07:43.517 [info] > git status -z -uall [60ms]
2023-07-18 11:07:43.517 [info] > git status -z -uall [42ms]
2023-07-18 11:07:43.517 [info] > git status -z -uall [22ms]
2023-07-18 11:07:43.524 [info] > git config --get commit.template [93ms]
2023-07-18 11:07:43.544 [info] > git rev-parse --git-dir --git-common-dir [30ms]
2023-07-18 11:07:43.547 [info] Open repository: /home/funny/lab6
2023-07-18 11:07:43.640 [info] > git for-each-ref --format=%(refname)%00%(upstream:short)%00%(objectname)%00%(upstream:track)%00%(upstream:remotename)%00%(upstream:remoteref) refs/heads/lazy refs/remotes/lazy [97ms]
2023-07-18 11:07:43.676 [info] > git config --get commit.template [41ms]
2023-07-18 11:07:43.676 [info] > git for-each-ref --format=%(refname)%00%(upstream:short)%00%(objectname)%00%(upstream:track)%00%(upstream:remotename)%00%(upstream:remoteref) refs/heads/pgtbl refs/remotes/pgtbl [62ms]
2023-07-18 11:07:43.697 [info] > git config --get commit.template [103ms]
2023-07-18 11:07:43.698 [info] > git rev-parse --show-toplevel [128ms]
2023-07-18 11:07:43.741 [info] > git status -z -uall [80ms]
2023-07-18 11:07:43.741 [info] > git status -z -uall [45ms]
2023-07-18 11:07:43.767 [info] > git for-each-ref --format=%(refname)%00%(upstream:short)%00%(objectname)%00%(upstream:track)%00%(upstream:remotename)%00%(upstream:remoteref) refs/heads/traps refs/remotes/traps [28ms]
2023-07-18 11:07:43.789 [info] > git rev-parse --git-dir --git-common-dir [72ms]
2023-07-18 11:07:43.796 [info] Open repository: /home/funny/lab7
2023-07-18 11:07:43.849 [info] > git status -z -uall [61ms]
2023-07-18 11:07:43.851 [info] > git for-each-ref --format=%(refname)%00%(upstream:short)%00%(objectname)%00%(upstream:track)%00%(upstream:remotename)%00%(upstream:remoteref) refs/heads/cow refs/remotes/cow [85ms]
2023-07-18 11:07:43.870 [info] > git config --get commit.template [25ms]
2023-07-18 11:07:43.870 [info] > git config --get commit.template [38ms]
2023-07-18 11:07:43.870 [info] > git rev-parse --show-toplevel [54ms]
2023-07-18 11:07:43.912 [info] > git status -z -uall [47ms]
2023-07-18 11:07:43.912 [info] > git rev-parse --git-dir --git-common-dir [29ms]
2023-07-18 11:07:43.916 [info] Open repository: /home/funny/lab8
2023-07-18 11:07:43.955 [info] > git rev-parse --show-toplevel [24ms]
2023-07-18 11:07:43.969 [info] > git for-each-ref --format=%(refname)%00%(upstream:short)%00%(objectname)%00%(upstream:track)%00%(upstream:remotename)%00%(upstream:remoteref) refs/heads/thread refs/remotes/thread [58ms]
2023-07-18 11:07:43.984 [info] > git for-each-ref --format=%(refname)%00%(upstream:short)%00%(objectname)%00%(upstream:track)%00%(upstream:remotename)%00%(upstream:remoteref) refs/heads/lazy refs/remotes/lazy [87ms]
2023-07-18 11:07:44.017 [info] > git status -z -uall [33ms]
2023-07-18 11:07:44.018 [info] > git rev-parse --git-dir --git-common-dir [49ms]
2023-07-18 11:07:44.021 [info] Open repository: /home/funny/lab9
2023-07-18 11:07:44.025 [info] > git config --get commit.template [74ms]
2023-07-18 11:07:44.042 [info] > git status -z -uall [43ms]
2023-07-18 11:07:44.042 [info] > git config --get commit.template [26ms]
2023-07-18 11:07:44.099 [info] > git config --get commit.template [58ms]
2023-07-18 11:07:44.100 [info] > git config --get commit.template [6ms]
2023-07-18 11:07:44.101 [info] > git for-each-ref --format=%(refname)%00%(upstream:short)%00%(objectname)%00%(upstream:track)%00%(upstream:remotename)%00%(upstream:remoteref) refs/heads/cow refs/remotes/cow [22ms]
2023-07-18 11:07:44.115 [info] > git for-each-ref --format=%(refname)%00%(upstream:short)%00%(objectname)%00%(upstream:track)%00%(upstream:remotename)%00%(upstream:remoteref) refs/heads/lock refs/remotes/lock [51ms]
2023-07-18 11:07:44.167 [info] > git status -z -uall [52ms]
2023-07-18 11:07:44.167 [info] > git status -z -uall [35ms]
2023-07-18 11:07:44.170 [info] > git for-each-ref --format=%(refname)%00%(upstream:short)%00%(objectname)%00%(upstream:track)%00%(upstream:remotename)%00%(upstream:remoteref) refs/heads/fs refs/remotes/fs [23ms]
2023-07-18 11:07:44.191 [info] > git for-each-ref --format=%(refname)%00%(upstream:short)%00%(objectname)%00%(upstream:track)%00%(upstream:remotename)%00%(upstream:remoteref) refs/heads/thread refs/remotes/thread [25ms]
2023-07-18 11:07:44.224 [info] > git status -z -uall [39ms]
2023-07-18 11:07:44.250 [info] > git status -z -uall [44ms]
2023-07-18 11:07:44.251 [info] > git config --get commit.template [28ms]
2023-07-18 11:07:44.273 [info] > git config --get commit.template [4ms]
2023-07-18 11:07:44.273 [info] > git for-each-ref --format=%(refname)%00%(upstream:short)%00%(objectname)%00%(upstream:track)%00%(upstream:remotename)%00%(upstream:remoteref) refs/heads/lock refs/remotes/lock [24ms]
2023-07-18 11:07:44.314 [info] > git status -z -uall [21ms]
2023-07-18 11:07:44.316 [info] > git for-each-ref --format=%(refname)%00%(upstream:short)%00%(objectname)%00%(upstream:track)%00%(upstream:remotename)%00%(upstream:remoteref) refs/heads/fs refs/remotes/fs [8ms]
2023-07-18 11:07:44.351 [info] > git status -z -uall [19ms]
2023-07-18 11:07:44.745 [info] > git check-ignore -v -z --stdin [135ms]
2023-07-18 11:07:44.747 [info] > git check-ignore -v -z --stdin [120ms]
2023-07-18 11:07:44.748 [info] > git check-ignore -v -z --stdin [108ms]
2023-07-18 11:07:44.748 [info] > git check-ignore -v -z --stdin [96ms]
2023-07-18 11:07:44.748 [info] > git check-ignore -v -z --stdin [83ms]
2023-07-18 11:07:44.749 [info] > git check-ignore -v -z --stdin [71ms]
2023-07-18 11:07:44.749 [info] > git check-ignore -v -z --stdin [58ms]
2023-07-18 11:07:44.749 [info] > git check-ignore -v -z --stdin [46ms]
2023-07-18 11:07:44.750 [info] > git check-ignore -v -z --stdin [34ms]
2023-07-18 11:07:44.750 [info] > git check-ignore -v -z --stdin [21ms]
2023-07-18 11:07:44.750 [info] > git check-ignore -v -z --stdin [10ms]
2023-07-18 11:07:44.780 [info] > git show --textconv :kernel/e1000.c [14ms]
2023-07-18 11:07:44.785 [info] > git ls-files --stage -- /home/funny/lab11/kernel/e1000.c [5ms]
2023-07-18 11:07:44.805 [info] > git cat-file -s 70a2adf968a645086a43e3b0136d97f3ce2b39b9 [5ms]
