2023-07-21 09:42:12.729 [info] 日志级别: Info
2023-07-21 09:42:12.730 [info] 正在验证在以下位置找到的 git: "git"
2023-07-21 09:42:12.730 [info] 将使用位于 "2.25.1" 的 Git "git"
2023-07-21 09:42:12.730 [info] > git rev-parse --show-toplevel [14ms]
2023-07-21 09:42:12.730 [info] fatal: not a git repository (or any of the parent directories): .git
2023-07-21 09:42:12.730 [info] > git rev-parse --show-toplevel [10ms]
2023-07-21 09:42:12.730 [info] > git rev-parse --git-dir --git-common-dir [56ms]
2023-07-21 09:42:12.730 [info] Open repository: /home/funny/lab5
2023-07-21 09:42:12.748 [info] > git rev-parse --show-toplevel [19ms]
2023-07-21 09:42:12.748 [info] fatal: not a git repository (or any of the parent directories): .git
2023-07-21 09:42:12.768 [info] > git config --get commit.template [22ms]
2023-07-21 09:42:12.786 [info] > git rev-parse --show-toplevel [21ms]
2023-07-21 09:42:12.786 [info] fatal: not a git repository (or any of the parent directories): .git
2023-07-21 09:42:12.803 [info] > git for-each-ref --format=%(refname)%00%(upstream:short)%00%(objectname)%00%(upstream:track)%00%(upstream:remotename)%00%(upstream:remoteref) refs/heads/lazy refs/remotes/lazy [21ms]
2023-07-21 09:42:12.821 [info] > git rev-parse --show-toplevel [20ms]
2023-07-21 09:42:12.821 [info] fatal: not a git repository (or any of the parent directories): .git
2023-07-21 09:42:12.842 [info] > git status -z -uall [24ms]
2023-07-21 09:42:12.843 [info] > git rev-parse --show-toplevel [5ms]
2023-07-21 09:42:12.843 [info] fatal: not a git repository (or any of the parent directories): .git
2023-07-21 09:42:12.879 [info] > git rev-parse --show-toplevel [22ms]
2023-07-21 09:42:12.893 [info] > git config --get commit.template [14ms]
2023-07-21 09:42:12.907 [info] > git rev-parse --git-dir --git-common-dir [15ms]
2023-07-21 09:42:12.911 [info] Open repository: /home/funny/lab1
2023-07-21 09:42:12.948 [info] > git for-each-ref --format=%(refname)%00%(upstream:short)%00%(objectname)%00%(upstream:track)%00%(upstream:remotename)%00%(upstream:remoteref) refs/heads/lazy refs/remotes/lazy [41ms]
2023-07-21 09:42:12.977 [info] > git config --get commit.template [38ms]
2023-07-21 09:42:12.977 [info] > git rev-parse --show-toplevel [52ms]
2023-07-21 09:42:12.991 [info] > git status -z -uall [28ms]
2023-07-21 09:42:13.008 [info] > git rev-parse --git-dir --git-common-dir [17ms]
2023-07-21 09:42:13.011 [info] Open repository: /home/funny/lab10
2023-07-21 09:42:13.044 [info] > git for-each-ref --format=%(refname)%00%(upstream:short)%00%(objectname)%00%(upstream:track)%00%(upstream:remotename)%00%(upstream:remoteref) refs/heads/util refs/remotes/util [37ms]
2023-07-21 09:42:13.062 [info] > git config --get commit.template [19ms]
2023-07-21 09:42:13.062 [info] > git rev-parse --show-toplevel [38ms]
2023-07-21 09:42:13.077 [info] > git status -z -uall [19ms]
2023-07-21 09:42:13.101 [info] > git rev-parse --git-dir --git-common-dir [25ms]
2023-07-21 09:42:13.105 [info] Open repository: /home/funny/lab11
2023-07-21 09:42:13.158 [info] > git for-each-ref --format=%(refname)%00%(upstream:short)%00%(objectname)%00%(upstream:track)%00%(upstream:remotename)%00%(upstream:remoteref) refs/heads/mmap refs/remotes/mmap [60ms]
2023-07-21 09:42:13.177 [info] > git config --get commit.template [26ms]
2023-07-21 09:42:13.177 [info] > git config --get commit.template [42ms]
2023-07-21 09:42:13.177 [info] > git rev-parse --show-toplevel [57ms]
2023-07-21 09:42:13.213 [info] > git status -z -uall [38ms]
2023-07-21 09:42:13.213 [info] > git rev-parse --git-dir --git-common-dir [19ms]
2023-07-21 09:42:13.218 [info] Open repository: /home/funny/lab2
2023-07-21 09:42:13.278 [info] > git rev-parse --show-toplevel [47ms]
2023-07-21 09:42:13.291 [info] > git for-each-ref --format=%(refname)%00%(upstream:short)%00%(objectname)%00%(upstream:track)%00%(upstream:remotename)%00%(upstream:remoteref) refs/heads/util refs/remotes/util [80ms]
2023-07-21 09:42:13.324 [info] > git status -z -uall [20ms]
2023-07-21 09:42:13.324 [info] > git check-ignore -v -z --stdin [5ms]
2023-07-21 09:42:13.327 [info] > git rev-parse --git-dir --git-common-dir [36ms]
2023-07-21 09:42:13.330 [info] Open repository: /home/funny/lab3
2023-07-21 09:42:13.346 [info] > git config --get commit.template [68ms]
2023-07-21 09:42:13.346 [info] > git config --get commit.template [79ms]
2023-07-21 09:42:13.346 [info] > git for-each-ref --format=%(refname)%00%(upstream:short)%00%(objectname)%00%(upstream:track)%00%(upstream:remotename)%00%(upstream:remoteref) refs/heads/net refs/remotes/net [93ms]
2023-07-21 09:42:13.376 [info] > git rev-parse --show-toplevel [31ms]
2023-07-21 09:42:13.423 [info] > git status -z -uall [65ms]
2023-07-21 09:42:13.424 [info] > git config --get commit.template [48ms]
2023-07-21 09:42:13.446 [info] > git for-each-ref --format=%(refname)%00%(upstream:short)%00%(objectname)%00%(upstream:track)%00%(upstream:remotename)%00%(upstream:remoteref) refs/heads/mmap refs/remotes/mmap [29ms]
2023-07-21 09:42:13.460 [info] > git for-each-ref --format=%(refname)%00%(upstream:short)%00%(objectname)%00%(upstream:track)%00%(upstream:remotename)%00%(upstream:remoteref) refs/heads/syscall refs/remotes/syscall [54ms]
2023-07-21 09:42:13.473 [info] > git rev-parse --git-dir --git-common-dir [81ms]
2023-07-21 09:42:13.476 [info] Open repository: /home/funny/lab4
2023-07-21 09:42:13.523 [info] > git status -z -uall [64ms]
2023-07-21 09:42:13.523 [info] > git status -z -uall [51ms]
2023-07-21 09:42:13.529 [info] > git config --get commit.template [84ms]
2023-07-21 09:42:13.551 [info] > git config --get commit.template [35ms]
2023-07-21 09:42:13.552 [info] > git for-each-ref --format=%(refname)%00%(upstream:short)%00%(objectname)%00%(upstream:track)%00%(upstream:remotename)%00%(upstream:remoteref) refs/heads/pgtbl refs/remotes/pgtbl [48ms]
2023-07-21 09:42:13.567 [info] > git rev-parse --show-toplevel [78ms]
2023-07-21 09:42:13.601 [info] > git status -z -uall [35ms]
2023-07-21 09:42:13.601 [info] > git config --get commit.template [56ms]
2023-07-21 09:42:13.618 [info] > git rev-parse --git-dir --git-common-dir [36ms]
2023-07-21 09:42:13.622 [info] Open repository: /home/funny/lab6
2023-07-21 09:42:13.702 [info] > git rev-parse --show-toplevel [66ms]
2023-07-21 09:42:13.719 [info] > git for-each-ref --format=%(refname)%00%(upstream:short)%00%(objectname)%00%(upstream:track)%00%(upstream:remotename)%00%(upstream:remoteref) refs/heads/traps refs/remotes/traps [102ms]
2023-07-21 09:42:13.734 [info] > git for-each-ref --format=%(refname)%00%(upstream:short)%00%(objectname)%00%(upstream:track)%00%(upstream:remotename)%00%(upstream:remoteref) refs/heads/net refs/remotes/net [135ms]
2023-07-21 09:42:13.753 [info] > git rev-parse --git-dir --git-common-dir [35ms]
2023-07-21 09:42:13.757 [info] Open repository: /home/funny/lab7
2023-07-21 09:42:13.772 [info] > git config --get commit.template [73ms]
2023-07-21 09:42:13.772 [info] > git config --get commit.template [89ms]
2023-07-21 09:42:13.773 [info] > git for-each-ref --format=%(refname)%00%(upstream:short)%00%(objectname)%00%(upstream:track)%00%(upstream:remotename)%00%(upstream:remoteref) refs/heads/syscall refs/remotes/syscall [105ms]
2023-07-21 09:42:13.809 [info] > git status -z -uall [74ms]
2023-07-21 09:42:13.809 [info] > git status -z -uall [60ms]
2023-07-21 09:42:13.809 [info] > git status -z -uall [22ms]
2023-07-21 09:42:13.809 [info] > git rev-parse --show-toplevel [37ms]
2023-07-21 09:42:13.889 [info] > git check-ignore -v -z --stdin [45ms]
2023-07-21 09:42:13.890 [info] > git rev-parse --git-dir --git-common-dir [67ms]
2023-07-21 09:42:13.894 [info] Open repository: /home/funny/lab8
2023-07-21 09:42:13.907 [info] > git config --get commit.template [102ms]
2023-07-21 09:42:13.925 [info] > git config --get commit.template [39ms]
2023-07-21 09:42:13.925 [info] > git for-each-ref --format=%(refname)%00%(upstream:short)%00%(objectname)%00%(upstream:track)%00%(upstream:remotename)%00%(upstream:remoteref) refs/heads/pgtbl refs/remotes/pgtbl [52ms]
2023-07-21 09:42:13.938 [info] > git for-each-ref --format=%(refname)%00%(upstream:short)%00%(objectname)%00%(upstream:track)%00%(upstream:remotename)%00%(upstream:remoteref) refs/heads/cow refs/remotes/cow [78ms]
2023-07-21 09:42:13.972 [info] > git status -z -uall [35ms]
2023-07-21 09:42:13.972 [info] > git status -z -uall [22ms]
2023-07-21 09:42:13.972 [info] > git config --get commit.template [48ms]
2023-07-21 09:42:13.972 [info] > git rev-parse --show-toplevel [65ms]
2023-07-21 09:42:13.999 [info] > git for-each-ref --format=%(refname)%00%(upstream:short)%00%(objectname)%00%(upstream:track)%00%(upstream:remotename)%00%(upstream:remoteref) refs/heads/thread refs/remotes/thread [32ms]
2023-07-21 09:42:14.053 [info] > git status -z -uall [40ms]
2023-07-21 09:42:14.053 [info] > git for-each-ref --format=%(refname)%00%(upstream:short)%00%(objectname)%00%(upstream:track)%00%(upstream:remotename)%00%(upstream:remoteref) refs/heads/traps refs/remotes/traps [55ms]
2023-07-21 09:42:14.068 [info] > git rev-parse --git-dir --git-common-dir [84ms]
2023-07-21 09:42:14.072 [info] Open repository: /home/funny/lab9
2023-07-21 09:42:14.091 [info] > git status -z -uall [23ms]
2023-07-21 09:42:14.092 [info] > git config --get commit.template [42ms]
2023-07-21 09:42:14.092 [info] > git for-each-ref --format=%(refname)%00%(upstream:short)%00%(objectname)%00%(upstream:track)%00%(upstream:remotename)%00%(upstream:remoteref) refs/heads/lock refs/remotes/lock [57ms]
2023-07-21 09:42:14.112 [info] > git config --get commit.template [22ms]
2023-07-21 09:42:14.164 [info] > git status -z -uall [59ms]
2023-07-21 09:42:14.165 [info] > git config --get commit.template [24ms]
2023-07-21 09:42:14.165 [info] > git for-each-ref --format=%(refname)%00%(upstream:short)%00%(objectname)%00%(upstream:track)%00%(upstream:remotename)%00%(upstream:remoteref) refs/heads/cow refs/remotes/cow [37ms]
2023-07-21 09:42:14.212 [info] > git status -z -uall [33ms]
2023-07-21 09:42:14.213 [info] > git for-each-ref --format=%(refname)%00%(upstream:short)%00%(objectname)%00%(upstream:track)%00%(upstream:remotename)%00%(upstream:remoteref) refs/heads/fs refs/remotes/fs [54ms]
2023-07-21 09:42:14.233 [info] > git config --get commit.template [22ms]
2023-07-21 09:42:14.233 [info] > git for-each-ref --format=%(refname)%00%(upstream:short)%00%(objectname)%00%(upstream:track)%00%(upstream:remotename)%00%(upstream:remoteref) refs/heads/thread refs/remotes/thread [36ms]
2023-07-21 09:42:14.249 [info] > git status -z -uall [23ms]
2023-07-21 09:42:14.285 [info] > git status -z -uall [39ms]
2023-07-21 09:42:14.285 [info] > git for-each-ref --format=%(refname)%00%(upstream:short)%00%(objectname)%00%(upstream:track)%00%(upstream:remotename)%00%(upstream:remoteref) refs/heads/lock refs/remotes/lock [18ms]
2023-07-21 09:42:14.318 [info] > git config --get commit.template [35ms]
2023-07-21 09:42:14.323 [info] > git status -z -uall [24ms]
2023-07-21 09:42:14.328 [info] > git for-each-ref --format=%(refname)%00%(upstream:short)%00%(objectname)%00%(upstream:track)%00%(upstream:remotename)%00%(upstream:remoteref) refs/heads/fs refs/remotes/fs [11ms]
2023-07-21 09:42:14.362 [info] > git status -z -uall [19ms]
2023-07-21 09:42:14.488 [info] > git check-ignore -v -z --stdin [4ms]
2023-07-21 09:42:14.701 [info] > git show --textconv :kernel/vm.c [15ms]
2023-07-21 09:42:14.706 [info] > git ls-files --stage -- /home/funny/lab5/kernel/vm.c [6ms]
2023-07-21 09:42:14.723 [info] > git cat-file -s bccb405307c25599aa8c983386a5a17ef1fab3aa [5ms]
2023-07-21 09:52:51.868 [info] > git rev-parse --show-toplevel [5ms]
2023-07-21 09:52:51.868 [info] fatal: not a git repository (or any of the parent directories): .git
2023-07-21 09:53:04.849 [info] > git check-ignore -v -z --stdin [79ms]
2023-07-21 09:53:04.850 [info] > git check-ignore -v -z --stdin [66ms]
2023-07-21 09:53:04.851 [info] > git check-ignore -v -z --stdin [56ms]
2023-07-21 09:53:04.852 [info] > git check-ignore -v -z --stdin [45ms]
2023-07-21 09:53:04.852 [info] > git check-ignore -v -z --stdin [34ms]
2023-07-21 09:53:04.853 [info] > git check-ignore -v -z --stdin [22ms]
2023-07-21 09:53:04.853 [info] > git check-ignore -v -z --stdin [9ms]
2023-07-21 09:53:05.480 [info] > git check-ignore -v -z --stdin [6ms]
2023-07-21 09:53:06.000 [info] > git check-ignore -v -z --stdin [4ms]
2023-07-21 09:53:06.603 [info] > git check-ignore -v -z --stdin [9ms]
2023-07-21 09:53:07.173 [info] > git check-ignore -v -z --stdin [9ms]
2023-07-21 09:53:07.716 [info] > git check-ignore -v -z --stdin [6ms]
2023-07-21 09:54:42.974 [info] > git config --get commit.template [22ms]
2023-07-21 09:54:42.983 [info] > git for-each-ref --format=%(refname)%00%(upstream:short)%00%(objectname)%00%(upstream:track)%00%(upstream:remotename)%00%(upstream:remoteref) refs/heads/lazy refs/remotes/lazy [9ms]
2023-07-21 09:54:43.023 [info] > git status -z -uall [22ms]
2023-07-21 09:54:48.050 [info] > git config --get commit.template [11ms]
2023-07-21 09:54:48.056 [info] > git for-each-ref --format=%(refname)%00%(upstream:short)%00%(objectname)%00%(upstream:track)%00%(upstream:remotename)%00%(upstream:remoteref) refs/heads/lazy refs/remotes/lazy [7ms]
2023-07-21 09:54:48.086 [info] > git status -z -uall [19ms]
2023-07-21 10:28:27.189 [info] > git check-ignore -v -z --stdin [41ms]
2023-07-21 10:28:27.191 [info] > git check-ignore -v -z --stdin [34ms]
2023-07-21 10:28:27.191 [info] > git check-ignore -v -z --stdin [25ms]
2023-07-21 10:28:27.193 [info] > git check-ignore -v -z --stdin [18ms]
2023-07-21 10:28:27.193 [info] > git check-ignore -v -z --stdin [8ms]
2023-07-21 10:28:30.416 [info] > git check-ignore -v -z --stdin [5ms]
2023-07-21 10:28:32.283 [info] > git check-ignore -v -z --stdin [6ms]
2023-07-21 10:28:33.599 [info] > git check-ignore -v -z --stdin [5ms]
2023-07-21 10:28:34.205 [info] > git show --textconv :kernel/riscv.h [20ms]
2023-07-21 10:28:34.210 [info] > git ls-files --stage -- /home/funny/lab6/kernel/riscv.h [6ms]
2023-07-21 10:28:34.231 [info] > git cat-file -s 0aec0036c664a6d88afb06c75e0fff8d4002649d [8ms]
2023-07-21 11:07:39.210 [info] > git check-ignore -v -z --stdin [4ms]
2023-07-21 11:07:40.951 [info] > git show --textconv :kernel/kalloc.c [13ms]
2023-07-21 11:07:40.956 [info] > git ls-files --stage -- /home/funny/lab6/kernel/kalloc.c [6ms]
2023-07-21 11:07:40.972 [info] > git cat-file -s fa6a0acaeef1115aec9cbec62e50caee44f4bbb2 [5ms]
2023-07-21 11:25:46.476 [info] > git check-ignore -v -z --stdin [5ms]
2023-07-21 11:25:47.300 [info] > git show --textconv :kernel/vm.c [14ms]
2023-07-21 11:25:47.303 [info] > git ls-files --stage -- /home/funny/lab6/kernel/vm.c [4ms]
2023-07-21 11:25:47.322 [info] > git cat-file -s bccb405307c25599aa8c983386a5a17ef1fab3aa [6ms]
2023-07-21 11:30:42.089 [info] > git show --textconv :kernel/trap.c [14ms]
2023-07-21 11:30:42.093 [info] > git ls-files --stage -- /home/funny/lab6/kernel/trap.c [4ms]
2023-07-21 11:30:42.110 [info] > git cat-file -s a63249e4e0e3fc829e6a23bc15242c8efcc4542c [5ms]
2023-07-21 11:44:10.122 [info] > git config --get commit.template [26ms]
2023-07-21 11:44:10.131 [info] > git for-each-ref --format=%(refname)%00%(upstream:short)%00%(objectname)%00%(upstream:track)%00%(upstream:remotename)%00%(upstream:remoteref) refs/heads/cow refs/remotes/cow [9ms]
2023-07-21 11:44:10.177 [info] > git status -z -uall [28ms]
2023-07-21 11:45:48.791 [info] > git config --get commit.template [26ms]
2023-07-21 11:45:48.800 [info] > git for-each-ref --format=%(refname)%00%(upstream:short)%00%(objectname)%00%(upstream:track)%00%(upstream:remotename)%00%(upstream:remoteref) refs/heads/cow refs/remotes/cow [9ms]
2023-07-21 11:45:48.838 [info] > git status -z -uall [23ms]
2023-07-21 11:45:53.868 [info] > git config --get commit.template [12ms]
2023-07-21 11:45:53.874 [info] > git for-each-ref --format=%(refname)%00%(upstream:short)%00%(objectname)%00%(upstream:track)%00%(upstream:remotename)%00%(upstream:remoteref) refs/heads/cow refs/remotes/cow [7ms]
2023-07-21 11:45:53.904 [info] > git status -z -uall [17ms]
2023-07-21 11:46:37.042 [info] > git config --get commit.template [13ms]
2023-07-21 11:46:37.051 [info] > git for-each-ref --format=%(refname)%00%(upstream:short)%00%(objectname)%00%(upstream:track)%00%(upstream:remotename)%00%(upstream:remoteref) refs/heads/cow refs/remotes/cow [10ms]
2023-07-21 11:46:37.081 [info] > git status -z -uall [17ms]
2023-07-21 11:46:47.832 [info] > git for-each-ref --format=%(refname)%00%(upstream:short)%00%(objectname)%00%(upstream:track)%00%(upstream:remotename)%00%(upstream:remoteref) refs/heads/cow refs/remotes/cow [12ms]
2023-07-21 11:46:47.834 [info] > git config --get commit.template [3ms]
2023-07-21 11:46:47.863 [info] > git status -z -uall [17ms]
2023-07-21 13:26:52.852 [info] > git check-ignore -v -z --stdin [5ms]
2023-07-21 13:26:56.106 [info] > git check-ignore -v -z --stdin [6ms]
2023-07-21 13:27:02.587 [info] > git check-ignore -v -z --stdin [6ms]
2023-07-21 13:27:09.252 [info] > git check-ignore -v -z --stdin [6ms]
2023-07-21 13:27:09.958 [info] > git check-ignore -v -z --stdin [5ms]
2023-07-21 13:27:12.686 [info] > git check-ignore -v -z --stdin [5ms]
2023-07-21 13:27:16.890 [info] > git show --textconv :user/uthread.c [13ms]
2023-07-21 13:27:16.896 [info] > git ls-files --stage -- /home/funny/lab7/user/uthread.c [6ms]
2023-07-21 13:27:16.912 [info] > git cat-file -s 8e468266805e136a1d56ee8172c0e224c5070f3c [5ms]
2023-07-21 13:30:32.132 [info] > git config --get commit.template [11ms]
2023-07-21 13:30:32.138 [info] > git for-each-ref --format=%(refname)%00%(upstream:short)%00%(objectname)%00%(upstream:track)%00%(upstream:remotename)%00%(upstream:remoteref) refs/heads/thread refs/remotes/thread [7ms]
2023-07-21 13:30:32.166 [info] > git status -z -uall [18ms]
2023-07-21 13:39:31.533 [info] > git show --textconv :user/uthread_switch.S [14ms]
2023-07-21 13:39:31.537 [info] > git ls-files --stage -- /home/funny/lab7/user/uthread_switch.S [4ms]
2023-07-21 13:39:31.556 [info] > git cat-file -s 5defb12a7af70a59f414f93b893f34459ae24858 [6ms]
2023-07-21 13:53:55.576 [info] > git check-ignore -v -z --stdin [4ms]
2023-07-21 13:53:56.550 [info] > git show --textconv :notxv6/ph.c [15ms]
2023-07-21 13:53:56.554 [info] > git ls-files --stage -- /home/funny/lab7/notxv6/ph.c [6ms]
2023-07-21 13:53:56.571 [info] > git cat-file -s 6df1500ad68fc8309494e1cc44cdea8851e3cd08 [5ms]
2023-07-21 13:58:37.521 [info] > git show --textconv :notxv6/barrier.c [15ms]
2023-07-21 13:58:37.526 [info] > git ls-files --stage -- /home/funny/lab7/notxv6/barrier.c [6ms]
2023-07-21 13:58:37.545 [info] > git cat-file -s 12793e87849e8c1ec1d36f82a4e0a746d5f8c2fb [5ms]
2023-07-21 14:55:25.034 [info] > git config --get commit.template [17ms]
2023-07-21 14:55:25.043 [info] > git for-each-ref --format=%(refname)%00%(upstream:short)%00%(objectname)%00%(upstream:track)%00%(upstream:remotename)%00%(upstream:remoteref) refs/heads/thread refs/remotes/thread [10ms]
2023-07-21 14:55:25.078 [info] > git status -z -uall [20ms]
2023-07-21 16:57:16.645 [info] > git check-ignore -v -z --stdin [4ms]
2023-07-21 16:57:17.741 [info] > git check-ignore -v -z --stdin [5ms]
2023-07-21 16:57:19.218 [info] > git check-ignore -v -z --stdin [5ms]
2023-07-21 16:57:22.245 [info] > git check-ignore -v -z --stdin [4ms]
2023-07-21 16:57:24.182 [info] > git check-ignore -v -z --stdin [6ms]
2023-07-21 16:57:24.730 [info] > git check-ignore -v -z --stdin [5ms]
2023-07-21 16:57:26.338 [info] > git show --textconv :kernel/kalloc.c [14ms]
2023-07-21 16:57:26.342 [info] > git ls-files --stage -- /home/funny/lab8/kernel/kalloc.c [5ms]
2023-07-21 16:57:26.361 [info] > git cat-file -s fa6a0acaeef1115aec9cbec62e50caee44f4bbb2 [6ms]
2023-07-21 17:04:56.072 [info] > git config --get commit.template [15ms]
2023-07-21 17:04:56.077 [info] > git for-each-ref --format=%(refname)%00%(upstream:short)%00%(objectname)%00%(upstream:track)%00%(upstream:remotename)%00%(upstream:remoteref) refs/heads/lock refs/remotes/lock [7ms]
2023-07-21 17:04:56.107 [info] > git status -z -uall [19ms]
2023-07-21 17:59:30.009 [info] > git show --textconv :kernel/bio.c [14ms]
2023-07-21 17:59:30.013 [info] > git ls-files --stage -- /home/funny/lab8/kernel/bio.c [5ms]
2023-07-21 17:59:30.030 [info] > git cat-file -s 60d91a6d74ca9f57f5920ec8d4f93591ab330b82 [5ms]
2023-07-21 18:01:29.771 [info] > git show --textconv :kernel/param.h [17ms]
2023-07-21 18:01:29.775 [info] > git ls-files --stage -- /home/funny/lab8/kernel/param.h [4ms]
2023-07-21 18:01:29.792 [info] > git cat-file -s bb80c7682d506dbd028328fcca059d92fa41e9cc [5ms]
2023-07-21 18:28:34.893 [info] > git rev-parse --show-toplevel [49ms]
2023-07-21 18:28:34.893 [info] fatal: not a git repository (or any of the parent directories): .git
2023-07-21 18:28:36.053 [info] > git rev-parse --show-toplevel [5ms]
2023-07-21 18:28:36.053 [info] fatal: not a git repository (or any of the parent directories): .git
2023-07-21 18:29:20.889 [info] > git rev-parse --show-toplevel [5ms]
2023-07-21 18:29:20.889 [info] fatal: not a git repository (or any of the parent directories): .git
2023-07-21 18:29:21.065 [info] > git rev-parse --show-toplevel [6ms]
2023-07-21 18:29:21.065 [info] fatal: not a git repository (or any of the parent directories): .git
2023-07-21 18:29:25.899 [info] > git config --get commit.template [14ms]
2023-07-21 18:29:25.905 [info] > git for-each-ref --format=%(refname)%00%(upstream:short)%00%(objectname)%00%(upstream:track)%00%(upstream:remotename)%00%(upstream:remoteref) refs/heads/lock refs/remotes/lock [8ms]
2023-07-21 18:29:25.938 [info] > git status -z -uall [20ms]
