2023-07-14 14:02:30.746 [info] 日志级别: Info
2023-07-14 14:02:30.746 [info] 正在验证在以下位置找到的 git: "git"
2023-07-14 14:02:30.746 [info] 将使用位于 "2.25.1" 的 Git "git"
2023-07-14 14:02:30.746 [info] > git rev-parse --show-toplevel [11ms]
2023-07-14 14:02:30.746 [info] fatal: not a git repository (or any of the parent directories): .git
2023-07-14 14:02:30.747 [info] > git rev-parse --show-toplevel [9ms]
2023-07-14 14:02:30.747 [info] fatal: not a git repository (or any of the parent directories): .git
2023-07-14 14:02:30.803 [info] > git rev-parse --show-toplevel [42ms]
2023-07-14 14:02:30.803 [info] fatal: not a git repository (or any of the parent directories): .git
2023-07-14 14:02:30.821 [info] > git rev-parse --show-toplevel [6ms]
2023-07-14 14:02:30.821 [info] fatal: not a git repository (or any of the parent directories): .git
2023-07-14 14:02:30.839 [info] > git rev-parse --show-toplevel [5ms]
2023-07-14 14:02:30.839 [info] fatal: not a git repository (or any of the parent directories): .git
2023-07-14 14:02:30.855 [info] > git rev-parse --show-toplevel [4ms]
2023-07-14 14:02:30.871 [info] > git rev-parse --git-dir --git-common-dir [3ms]
2023-07-14 14:02:30.881 [info] Open repository: /home/funny/lab1
2023-07-14 14:02:30.921 [info] > git config --get commit.template [11ms]
2023-07-14 14:02:30.921 [info] > git rev-parse --show-toplevel [27ms]
2023-07-14 14:02:30.953 [info] > git rev-parse --git-dir --git-common-dir [17ms]
2023-07-14 14:02:30.957 [info] Open repository: /home/funny/lab10
2023-07-14 14:02:30.989 [info] > git for-each-ref --format=%(refname)%00%(upstream:short)%00%(objectname)%00%(upstream:track)%00%(upstream:remotename)%00%(upstream:remoteref) refs/heads/util refs/remotes/util [39ms]
2023-07-14 14:02:31.009 [info] > git config --get commit.template [21ms]
2023-07-14 14:02:31.009 [info] > git rev-parse --show-toplevel [37ms]
2023-07-14 14:02:31.026 [info] > git status -z -uall [22ms]
2023-07-14 14:02:31.049 [info] > git rev-parse --git-dir --git-common-dir [25ms]
2023-07-14 14:02:31.053 [info] Open repository: /home/funny/lab2
2023-07-14 14:02:31.100 [info] > git for-each-ref --format=%(refname)%00%(upstream:short)%00%(objectname)%00%(upstream:track)%00%(upstream:remotename)%00%(upstream:remoteref) refs/heads/mmap refs/remotes/mmap [52ms]
2023-07-14 14:02:31.115 [info] > git config --get commit.template [19ms]
2023-07-14 14:02:31.116 [info] > git config --get commit.template [33ms]
2023-07-14 14:02:31.116 [info] > git rev-parse --show-toplevel [49ms]
2023-07-14 14:02:31.154 [info] > git status -z -uall [41ms]
2023-07-14 14:02:31.154 [info] > git rev-parse --git-dir --git-common-dir [25ms]
2023-07-14 14:02:31.158 [info] Open repository: /home/funny/lab3
2023-07-14 14:02:31.207 [info] > git rev-parse --show-toplevel [34ms]
2023-07-14 14:02:31.220 [info] > git for-each-ref --format=%(refname)%00%(upstream:short)%00%(objectname)%00%(upstream:track)%00%(upstream:remotename)%00%(upstream:remoteref) refs/heads/util refs/remotes/util [68ms]
2023-07-14 14:02:31.252 [info] > git status -z -uall [19ms]
2023-07-14 14:02:31.252 [info] > git rev-parse --git-dir --git-common-dir [32ms]
2023-07-14 14:02:31.256 [info] Open repository: /home/funny/lab4
2023-07-14 14:02:31.271 [info] > git config --get commit.template [65ms]
2023-07-14 14:02:31.271 [info] > git for-each-ref --format=%(refname)%00%(upstream:short)%00%(objectname)%00%(upstream:track)%00%(upstream:remotename)%00%(upstream:remoteref) refs/heads/syscall refs/remotes/syscall [80ms]
2023-07-14 14:02:31.301 [info] > git rev-parse --show-toplevel [31ms]
2023-07-14 14:02:31.316 [info] > git config --get commit.template [68ms]
2023-07-14 14:02:31.339 [info] > git status -z -uall [55ms]
2023-07-14 14:02:31.339 [info] > git rev-parse --git-dir --git-common-dir [24ms]
2023-07-14 14:02:31.343 [info] Open repository: /home/funny/lab5
2023-07-14 14:02:31.357 [info] > git config --get commit.template [57ms]
2023-07-14 14:02:31.400 [info] > git rev-parse --show-toplevel [44ms]
2023-07-14 14:02:31.414 [info] > git for-each-ref --format=%(refname)%00%(upstream:short)%00%(objectname)%00%(upstream:track)%00%(upstream:remotename)%00%(upstream:remoteref) refs/heads/pgtbl refs/remotes/pgtbl [81ms]
2023-07-14 14:02:31.466 [info] > git status -z -uall [39ms]
2023-07-14 14:02:31.467 [info] > git rev-parse --git-dir --git-common-dir [54ms]
2023-07-14 14:02:31.470 [info] Open repository: /home/funny/lab6
2023-07-14 14:02:31.484 [info] > git config --get commit.template [89ms]
2023-07-14 14:02:31.485 [info] > git for-each-ref --format=%(refname)%00%(upstream:short)%00%(objectname)%00%(upstream:track)%00%(upstream:remotename)%00%(upstream:remoteref) refs/heads/mmap refs/remotes/mmap [106ms]
2023-07-14 14:02:31.519 [info] > git status -z -uall [21ms]
2023-07-14 14:02:31.520 [info] > git rev-parse --show-toplevel [35ms]
2023-07-14 14:02:31.532 [info] > git for-each-ref --format=%(refname)%00%(upstream:short)%00%(objectname)%00%(upstream:track)%00%(upstream:remotename)%00%(upstream:remoteref) refs/heads/traps refs/remotes/traps [67ms]
2023-07-14 14:02:31.545 [info] > git config --get commit.template [94ms]
2023-07-14 14:02:31.585 [info] > git status -z -uall [39ms]
2023-07-14 14:02:31.585 [info] > git rev-parse --git-dir --git-common-dir [54ms]
2023-07-14 14:02:31.588 [info] Open repository: /home/funny/lab7
2023-07-14 14:02:31.602 [info] > git config --get commit.template [86ms]
2023-07-14 14:02:31.644 [info] > git for-each-ref --format=%(refname)%00%(upstream:short)%00%(objectname)%00%(upstream:track)%00%(upstream:remotename)%00%(upstream:remoteref) refs/heads/syscall refs/remotes/syscall [65ms]
2023-07-14 14:02:31.663 [info] > git for-each-ref --format=%(refname)%00%(upstream:short)%00%(objectname)%00%(upstream:track)%00%(upstream:remotename)%00%(upstream:remoteref) refs/heads/lazy refs/remotes/lazy [97ms]
2023-07-14 14:02:31.742 [info] > git status -z -uall [80ms]
2023-07-14 14:02:31.742 [info] > git status -z -uall [54ms]
2023-07-14 14:02:31.744 [info] > git config --get commit.template [106ms]
2023-07-14 14:02:31.744 [info] > git config --get commit.template [122ms]
2023-07-14 14:02:31.744 [info] > git rev-parse --show-toplevel [143ms]
2023-07-14 14:02:31.778 [info] > git config --get commit.template [41ms]
2023-07-14 14:02:31.778 [info] > git for-each-ref --format=%(refname)%00%(upstream:short)%00%(objectname)%00%(upstream:track)%00%(upstream:remotename)%00%(upstream:remoteref) refs/heads/cow refs/remotes/cow [59ms]
2023-07-14 14:02:31.826 [info] > git status -z -uall [34ms]
2023-07-14 14:02:31.826 [info] > git for-each-ref --format=%(refname)%00%(upstream:short)%00%(objectname)%00%(upstream:track)%00%(upstream:remotename)%00%(upstream:remoteref) refs/heads/pgtbl refs/remotes/pgtbl [51ms]
2023-07-14 14:02:31.839 [info] > git rev-parse --git-dir --git-common-dir [80ms]
2023-07-14 14:02:31.843 [info] Open repository: /home/funny/lab8
2023-07-14 14:02:31.891 [info] > git status -z -uall [51ms]
2023-07-14 14:02:31.891 [info] > git rev-parse --show-toplevel [35ms]
2023-07-14 14:02:31.906 [info] > git config --get commit.template [81ms]
2023-07-14 14:02:31.906 [info] > git for-each-ref --format=%(refname)%00%(upstream:short)%00%(objectname)%00%(upstream:track)%00%(upstream:remotename)%00%(upstream:remoteref) refs/heads/thread refs/remotes/thread [93ms]
2023-07-14 14:02:31.940 [info] > git rev-parse --git-dir --git-common-dir [37ms]
2023-07-14 14:02:31.944 [info] Open repository: /home/funny/lab9
2023-07-14 14:02:31.947 [info] > git config --get commit.template [60ms]
2023-07-14 14:02:31.947 [info] > git for-each-ref --format=%(refname)%00%(upstream:short)%00%(objectname)%00%(upstream:track)%00%(upstream:remotename)%00%(upstream:remoteref) refs/heads/traps refs/remotes/traps [73ms]
2023-07-14 14:02:31.989 [info] > git status -z -uall [70ms]
2023-07-14 14:02:31.990 [info] > git status -z -uall [31ms]
2023-07-14 14:02:31.990 [info] > git config --get commit.template [51ms]
2023-07-14 14:02:32.009 [info] > git config --get commit.template [23ms]
2023-07-14 14:02:32.009 [info] > git for-each-ref --format=%(refname)%00%(upstream:short)%00%(objectname)%00%(upstream:track)%00%(upstream:remotename)%00%(upstream:remoteref) refs/heads/lazy refs/remotes/lazy [36ms]
2023-07-14 14:02:32.058 [info] > git status -z -uall [36ms]
2023-07-14 14:02:32.059 [info] > git for-each-ref --format=%(refname)%00%(upstream:short)%00%(objectname)%00%(upstream:track)%00%(upstream:remotename)%00%(upstream:remoteref) refs/heads/lock refs/remotes/lock [51ms]
2023-07-14 14:02:32.095 [info] > git for-each-ref --format=%(refname)%00%(upstream:short)%00%(objectname)%00%(upstream:track)%00%(upstream:remotename)%00%(upstream:remoteref) refs/heads/cow refs/remotes/cow [39ms]
2023-07-14 14:02:32.111 [info] > git config --get commit.template [70ms]
2023-07-14 14:02:32.130 [info] > git status -z -uall [57ms]
2023-07-14 14:02:32.131 [info] > git status -z -uall [20ms]
2023-07-14 14:02:32.131 [info] > git for-each-ref --format=%(refname)%00%(upstream:short)%00%(objectname)%00%(upstream:track)%00%(upstream:remotename)%00%(upstream:remoteref) refs/heads/fs refs/remotes/fs [41ms]
2023-07-14 14:02:32.172 [info] > git for-each-ref --format=%(refname)%00%(upstream:short)%00%(objectname)%00%(upstream:track)%00%(upstream:remotename)%00%(upstream:remoteref) refs/heads/thread refs/remotes/thread [44ms]
2023-07-14 14:02:32.189 [info] > git status -z -uall [44ms]
2023-07-14 14:02:32.189 [info] > git config --get commit.template [23ms]
2023-07-14 14:02:32.227 [info] > git status -z -uall [41ms]
2023-07-14 14:02:32.230 [info] > git config --get commit.template [4ms]
2023-07-14 14:02:32.231 [info] > git for-each-ref --format=%(refname)%00%(upstream:short)%00%(objectname)%00%(upstream:track)%00%(upstream:remotename)%00%(upstream:remoteref) refs/heads/lock refs/remotes/lock [21ms]
2023-07-14 14:02:32.267 [info] > git status -z -uall [22ms]
2023-07-14 14:02:32.270 [info] > git for-each-ref --format=%(refname)%00%(upstream:short)%00%(objectname)%00%(upstream:track)%00%(upstream:remotename)%00%(upstream:remoteref) refs/heads/fs refs/remotes/fs [9ms]
2023-07-14 14:02:32.303 [info] > git status -z -uall [18ms]
2023-07-14 14:02:33.376 [info] > git check-ignore -v -z --stdin [120ms]
2023-07-14 14:02:33.377 [info] > git check-ignore -v -z --stdin [105ms]
2023-07-14 14:02:33.378 [info] > git check-ignore -v -z --stdin [90ms]
2023-07-14 14:02:33.378 [info] > git check-ignore -v -z --stdin [72ms]
2023-07-14 14:02:33.378 [info] > git check-ignore -v -z --stdin [59ms]
2023-07-14 14:02:33.378 [info] > git check-ignore -v -z --stdin [47ms]
2023-07-14 14:02:33.378 [info] > git check-ignore -v -z --stdin [33ms]
2023-07-14 14:02:33.379 [info] > git check-ignore -v -z --stdin [21ms]
2023-07-14 14:02:33.379 [info] > git check-ignore -v -z --stdin [7ms]
2023-07-14 14:02:34.532 [info] > git check-ignore -v -z --stdin [16ms]
2023-07-14 14:02:34.536 [info] > git check-ignore -v -z --stdin [5ms]
2023-07-14 14:02:35.270 [info] > git check-ignore -v -z --stdin [4ms]
2023-07-14 14:02:38.946 [info] > git check-ignore -v -z --stdin [4ms]
2023-07-14 14:25:37.859 [info] > git check-ignore -v -z --stdin [8ms]
2023-07-14 14:25:39.066 [info] > git check-ignore -v -z --stdin [8ms]
2023-07-14 14:25:42.360 [info] > git show --textconv :user/user.h [25ms]
2023-07-14 14:25:42.365 [info] > git ls-files --stage -- /home/funny/lab10/user/user.h [7ms]
2023-07-14 14:25:42.395 [info] > git cat-file -s b71ecda2b66d940b2dcc52fcd3673d5d91b3f9f1 [10ms]
2023-07-14 14:30:13.787 [info] > git config --get commit.template [20ms]
2023-07-14 14:30:13.798 [info] > git for-each-ref --format=%(refname)%00%(upstream:short)%00%(objectname)%00%(upstream:track)%00%(upstream:remotename)%00%(upstream:remoteref) refs/heads/mmap refs/remotes/mmap [12ms]
2023-07-14 14:30:13.851 [info] > git status -z -uall [35ms]
2023-07-14 14:30:38.837 [info] > git config --get commit.template [21ms]
2023-07-14 14:30:38.848 [info] > git for-each-ref --format=%(refname)%00%(upstream:short)%00%(objectname)%00%(upstream:track)%00%(upstream:remotename)%00%(upstream:remoteref) refs/heads/mmap refs/remotes/mmap [13ms]
2023-07-14 14:30:38.904 [info] > git status -z -uall [36ms]
2023-07-14 14:30:53.254 [info] > git show --textconv :Makefile [15ms]
2023-07-14 14:30:53.258 [info] > git ls-files --stage -- /home/funny/lab10/Makefile [6ms]
2023-07-14 14:30:53.277 [info] > git cat-file -s d8509b18d112f007ebb0f7a4fa782f5696cd51ea [6ms]
2023-07-14 14:31:01.275 [info] > git for-each-ref --format=%(refname)%00%(upstream:short)%00%(objectname)%00%(upstream:track)%00%(upstream:remotename)%00%(upstream:remoteref) refs/heads/mmap refs/remotes/mmap [12ms]
2023-07-14 14:31:01.278 [info] > git config --get commit.template [3ms]
2023-07-14 14:31:01.306 [info] > git status -z -uall [18ms]
2023-07-14 14:31:11.301 [info] > git show --textconv :user/usys.pl [11ms]
2023-07-14 14:31:11.305 [info] > git ls-files --stage -- /home/funny/lab10/user/usys.pl [4ms]
2023-07-14 14:31:11.320 [info] > git cat-file -s 01e426e6b36c706967da4dfc41f6377df9da9e31 [5ms]
2023-07-14 14:31:27.786 [info] > git config --get commit.template [13ms]
2023-07-14 14:31:27.791 [info] > git for-each-ref --format=%(refname)%00%(upstream:short)%00%(objectname)%00%(upstream:track)%00%(upstream:remotename)%00%(upstream:remoteref) refs/heads/mmap refs/remotes/mmap [6ms]
2023-07-14 14:31:27.819 [info] > git status -z -uall [17ms]
2023-07-14 14:31:36.745 [info] > git check-ignore -v -z --stdin [5ms]
2023-07-14 14:31:41.441 [info] > git show --textconv :kernel/syscall.c [13ms]
2023-07-14 14:31:41.445 [info] > git ls-files --stage -- /home/funny/lab10/kernel/syscall.c [4ms]
2023-07-14 14:31:41.460 [info] > git cat-file -s c1b3670db9d39f5570df45da08ab392eb74f2338 [5ms]
2023-07-14 14:31:58.711 [info] > git show --textconv :kernel/syscall.h [11ms]
2023-07-14 14:31:58.714 [info] > git ls-files --stage -- /home/funny/lab10/kernel/syscall.h [4ms]
2023-07-14 14:31:58.731 [info] > git cat-file -s bc5f35651c0e0e6d79e60a80b778962429832aeb [5ms]
2023-07-14 14:32:00.050 [info] > git show --textconv :kernel/syscall.c [14ms]
2023-07-14 14:32:00.053 [info] > git ls-files --stage -- /home/funny/lab10/kernel/syscall.c [4ms]
2023-07-14 14:32:00.072 [info] > git cat-file -s c1b3670db9d39f5570df45da08ab392eb74f2338 [6ms]
2023-07-14 14:32:06.717 [info] > git config --get commit.template [10ms]
2023-07-14 14:32:06.722 [info] > git for-each-ref --format=%(refname)%00%(upstream:short)%00%(objectname)%00%(upstream:track)%00%(upstream:remotename)%00%(upstream:remoteref) refs/heads/mmap refs/remotes/mmap [6ms]
2023-07-14 14:32:06.747 [info] > git status -z -uall [16ms]
2023-07-14 14:32:28.027 [info] > git for-each-ref --format=%(refname)%00%(upstream:short)%00%(objectname)%00%(upstream:track)%00%(upstream:remotename)%00%(upstream:remoteref) refs/heads/mmap refs/remotes/mmap [11ms]
2023-07-14 14:32:28.030 [info] > git config --get commit.template [2ms]
2023-07-14 14:32:28.057 [info] > git status -z -uall [17ms]
2023-07-14 14:32:33.085 [info] > git config --get commit.template [12ms]
2023-07-14 14:32:33.092 [info] > git for-each-ref --format=%(refname)%00%(upstream:short)%00%(objectname)%00%(upstream:track)%00%(upstream:remotename)%00%(upstream:remoteref) refs/heads/mmap refs/remotes/mmap [8ms]
2023-07-14 14:32:33.120 [info] > git status -z -uall [16ms]
2023-07-14 14:32:40.427 [info] > git show --textconv :user/usys.pl [15ms]
2023-07-14 14:32:40.431 [info] > git ls-files --stage -- /home/funny/lab10/user/usys.pl [5ms]
2023-07-14 14:32:40.447 [info] > git cat-file -s 01e426e6b36c706967da4dfc41f6377df9da9e31 [5ms]
2023-07-14 14:33:15.740 [info] > git config --get commit.template [13ms]
2023-07-14 14:33:15.747 [info] > git for-each-ref --format=%(refname)%00%(upstream:short)%00%(objectname)%00%(upstream:track)%00%(upstream:remotename)%00%(upstream:remoteref) refs/heads/mmap refs/remotes/mmap [8ms]
2023-07-14 14:33:15.777 [info] > git status -z -uall [18ms]
2023-07-14 14:33:23.000 [info] > git config --get commit.template [10ms]
2023-07-14 14:33:23.006 [info] > git for-each-ref --format=%(refname)%00%(upstream:short)%00%(objectname)%00%(upstream:track)%00%(upstream:remotename)%00%(upstream:remoteref) refs/heads/mmap refs/remotes/mmap [7ms]
2023-07-14 14:33:23.031 [info] > git status -z -uall [16ms]
2023-07-14 14:33:28.066 [info] > git config --get commit.template [15ms]
2023-07-14 14:33:28.073 [info] > git for-each-ref --format=%(refname)%00%(upstream:short)%00%(objectname)%00%(upstream:track)%00%(upstream:remotename)%00%(upstream:remoteref) refs/heads/mmap refs/remotes/mmap [7ms]
2023-07-14 14:33:28.100 [info] > git status -z -uall [17ms]
2023-07-14 14:36:37.950 [info] > git show --textconv :kernel/proc.h [13ms]
2023-07-14 14:36:37.952 [info] > git ls-files --stage -- /home/funny/lab10/kernel/proc.h [5ms]
2023-07-14 14:36:37.969 [info] > git cat-file -s 9c16ea726d05735e23d0d2f74168c483c017be60 [5ms]
2023-07-14 14:38:59.079 [info] > git config --get commit.template [10ms]
2023-07-14 14:38:59.085 [info] > git for-each-ref --format=%(refname)%00%(upstream:short)%00%(objectname)%00%(upstream:track)%00%(upstream:remotename)%00%(upstream:remoteref) refs/heads/mmap refs/remotes/mmap [6ms]
2023-07-14 14:38:59.110 [info] > git status -z -uall [16ms]
2023-07-14 14:40:59.407 [info] > git config --get commit.template [14ms]
2023-07-14 14:40:59.412 [info] > git for-each-ref --format=%(refname)%00%(upstream:short)%00%(objectname)%00%(upstream:track)%00%(upstream:remotename)%00%(upstream:remoteref) refs/heads/mmap refs/remotes/mmap [7ms]
2023-07-14 14:40:59.444 [info] > git status -z -uall [19ms]
2023-07-14 14:41:20.937 [info] > git for-each-ref --format=%(refname)%00%(upstream:short)%00%(objectname)%00%(upstream:track)%00%(upstream:remotename)%00%(upstream:remoteref) refs/heads/mmap refs/remotes/mmap [15ms]
2023-07-14 14:41:20.941 [info] > git config --get commit.template [5ms]
2023-07-14 14:41:20.974 [info] > git status -z -uall [19ms]
2023-07-14 14:41:35.314 [info] > git config --get commit.template [10ms]
2023-07-14 14:41:35.319 [info] > git for-each-ref --format=%(refname)%00%(upstream:short)%00%(objectname)%00%(upstream:track)%00%(upstream:remotename)%00%(upstream:remoteref) refs/heads/mmap refs/remotes/mmap [6ms]
2023-07-14 14:41:35.344 [info] > git status -z -uall [16ms]
2023-07-14 14:41:40.370 [info] > git config --get commit.template [10ms]
2023-07-14 14:41:40.375 [info] > git for-each-ref --format=%(refname)%00%(upstream:short)%00%(objectname)%00%(upstream:track)%00%(upstream:remotename)%00%(upstream:remoteref) refs/heads/mmap refs/remotes/mmap [6ms]
2023-07-14 14:41:40.401 [info] > git status -z -uall [16ms]
2023-07-14 14:41:45.434 [info] > git config --get commit.template [13ms]
2023-07-14 14:41:45.441 [info] > git for-each-ref --format=%(refname)%00%(upstream:short)%00%(objectname)%00%(upstream:track)%00%(upstream:remotename)%00%(upstream:remoteref) refs/heads/mmap refs/remotes/mmap [8ms]
2023-07-14 14:41:45.471 [info] > git status -z -uall [18ms]
2023-07-14 14:44:33.434 [info] > git show --textconv :kernel/sysfile.c [23ms]
2023-07-14 14:44:33.440 [info] > git ls-files --stage -- /home/funny/lab10/kernel/sysfile.c [7ms]
2023-07-14 14:44:33.471 [info] > git cat-file -s 5dc453b906f3353d800ec9c4b725375a2edeacd7 [10ms]
2023-07-14 14:44:50.052 [info] > git config --get commit.template [19ms]
2023-07-14 14:44:50.063 [info] > git for-each-ref --format=%(refname)%00%(upstream:short)%00%(objectname)%00%(upstream:track)%00%(upstream:remotename)%00%(upstream:remoteref) refs/heads/mmap refs/remotes/mmap [12ms]
2023-07-14 14:44:50.116 [info] > git status -z -uall [34ms]
2023-07-14 14:53:59.812 [info] > git config --get commit.template [13ms]
2023-07-14 14:53:59.817 [info] > git for-each-ref --format=%(refname)%00%(upstream:short)%00%(objectname)%00%(upstream:track)%00%(upstream:remotename)%00%(upstream:remoteref) refs/heads/mmap refs/remotes/mmap [8ms]
2023-07-14 14:53:59.844 [info] > git status -z -uall [16ms]
2023-07-14 14:55:44.214 [info] > git config --get commit.template [11ms]
2023-07-14 14:55:44.220 [info] > git for-each-ref --format=%(refname)%00%(upstream:short)%00%(objectname)%00%(upstream:track)%00%(upstream:remotename)%00%(upstream:remoteref) refs/heads/mmap refs/remotes/mmap [7ms]
2023-07-14 14:55:44.247 [info] > git status -z -uall [17ms]
2023-07-14 14:55:52.070 [info] > git config --get commit.template [10ms]
2023-07-14 14:55:52.075 [info] > git for-each-ref --format=%(refname)%00%(upstream:short)%00%(objectname)%00%(upstream:track)%00%(upstream:remotename)%00%(upstream:remoteref) refs/heads/mmap refs/remotes/mmap [6ms]
2023-07-14 14:55:52.100 [info] > git status -z -uall [16ms]
2023-07-14 14:56:21.962 [info] > git for-each-ref --format=%(refname)%00%(upstream:short)%00%(objectname)%00%(upstream:track)%00%(upstream:remotename)%00%(upstream:remoteref) refs/heads/mmap refs/remotes/mmap [11ms]
2023-07-14 14:56:21.964 [info] > git config --get commit.template [3ms]
2023-07-14 14:56:21.988 [info] > git status -z -uall [15ms]
2023-07-14 14:56:55.807 [info] > git config --get commit.template [10ms]
2023-07-14 14:56:55.812 [info] > git for-each-ref --format=%(refname)%00%(upstream:short)%00%(objectname)%00%(upstream:track)%00%(upstream:remotename)%00%(upstream:remoteref) refs/heads/mmap refs/remotes/mmap [6ms]
2023-07-14 14:56:55.837 [info] > git status -z -uall [15ms]
2023-07-14 14:57:58.109 [info] > git config --get commit.template [10ms]
2023-07-14 14:57:58.114 [info] > git for-each-ref --format=%(refname)%00%(upstream:short)%00%(objectname)%00%(upstream:track)%00%(upstream:remotename)%00%(upstream:remoteref) refs/heads/mmap refs/remotes/mmap [6ms]
2023-07-14 14:57:58.143 [info] > git status -z -uall [18ms]
2023-07-14 14:59:53.813 [info] > git config --get commit.template [11ms]
2023-07-14 14:59:53.819 [info] > git for-each-ref --format=%(refname)%00%(upstream:short)%00%(objectname)%00%(upstream:track)%00%(upstream:remotename)%00%(upstream:remoteref) refs/heads/mmap refs/remotes/mmap [6ms]
2023-07-14 14:59:53.845 [info] > git status -z -uall [16ms]
2023-07-14 15:01:12.815 [info] > git config --get commit.template [12ms]
2023-07-14 15:01:12.820 [info] > git for-each-ref --format=%(refname)%00%(upstream:short)%00%(objectname)%00%(upstream:track)%00%(upstream:remotename)%00%(upstream:remoteref) refs/heads/mmap refs/remotes/mmap [6ms]
2023-07-14 15:01:12.847 [info] > git status -z -uall [17ms]
2023-07-14 15:02:33.825 [info] > git config --get commit.template [9ms]
2023-07-14 15:02:33.830 [info] > git for-each-ref --format=%(refname)%00%(upstream:short)%00%(objectname)%00%(upstream:track)%00%(upstream:remotename)%00%(upstream:remoteref) refs/heads/mmap refs/remotes/mmap [6ms]
2023-07-14 15:02:33.856 [info] > git status -z -uall [16ms]
2023-07-14 15:02:46.362 [info] > git for-each-ref --format=%(refname)%00%(upstream:short)%00%(objectname)%00%(upstream:track)%00%(upstream:remotename)%00%(upstream:remoteref) refs/heads/mmap refs/remotes/mmap [10ms]
2023-07-14 15:02:46.364 [info] > git config --get commit.template [2ms]
2023-07-14 15:02:46.390 [info] > git status -z -uall [16ms]
2023-07-14 15:03:11.994 [info] > git for-each-ref --format=%(refname)%00%(upstream:short)%00%(objectname)%00%(upstream:track)%00%(upstream:remotename)%00%(upstream:remoteref) refs/heads/mmap refs/remotes/mmap [12ms]
2023-07-14 15:03:11.996 [info] > git config --get commit.template [3ms]
2023-07-14 15:03:12.023 [info] > git status -z -uall [17ms]
2023-07-14 15:03:37.374 [info] > git config --get commit.template [11ms]
2023-07-14 15:03:37.379 [info] > git for-each-ref --format=%(refname)%00%(upstream:short)%00%(objectname)%00%(upstream:track)%00%(upstream:remotename)%00%(upstream:remoteref) refs/heads/mmap refs/remotes/mmap [6ms]
2023-07-14 15:03:37.404 [info] > git status -z -uall [16ms]
2023-07-14 15:04:30.740 [info] > git config --get commit.template [10ms]
2023-07-14 15:04:30.745 [info] > git for-each-ref --format=%(refname)%00%(upstream:short)%00%(objectname)%00%(upstream:track)%00%(upstream:remotename)%00%(upstream:remoteref) refs/heads/mmap refs/remotes/mmap [6ms]
2023-07-14 15:04:30.771 [info] > git status -z -uall [16ms]
2023-07-14 15:04:48.318 [info] > git config --get commit.template [14ms]
2023-07-14 15:04:48.325 [info] > git for-each-ref --format=%(refname)%00%(upstream:short)%00%(objectname)%00%(upstream:track)%00%(upstream:remotename)%00%(upstream:remoteref) refs/heads/mmap refs/remotes/mmap [8ms]
2023-07-14 15:04:48.355 [info] > git status -z -uall [17ms]
2023-07-14 15:08:11.225 [info] > git show --textconv :kernel/trap.c [13ms]
2023-07-14 15:08:11.229 [info] > git ls-files --stage -- /home/funny/lab10/kernel/trap.c [5ms]
2023-07-14 15:08:11.245 [info] > git cat-file -s a63249e4e0e3fc829e6a23bc15242c8efcc4542c [5ms]
2023-07-14 15:10:28.570 [info] > git config --get commit.template [13ms]
2023-07-14 15:10:28.575 [info] > git for-each-ref --format=%(refname)%00%(upstream:short)%00%(objectname)%00%(upstream:track)%00%(upstream:remotename)%00%(upstream:remoteref) refs/heads/mmap refs/remotes/mmap [6ms]
2023-07-14 15:10:28.601 [info] > git status -z -uall [16ms]
2023-07-14 15:14:38.320 [info] > git for-each-ref --format=%(refname)%00%(upstream:short)%00%(objectname)%00%(upstream:track)%00%(upstream:remotename)%00%(upstream:remoteref) refs/heads/mmap refs/remotes/mmap [13ms]
2023-07-14 15:14:38.321 [info] > git config --get commit.template [3ms]
2023-07-14 15:14:38.348 [info] > git status -z -uall [16ms]
2023-07-14 15:16:13.042 [info] > git config --get commit.template [12ms]
2023-07-14 15:16:13.049 [info] > git for-each-ref --format=%(refname)%00%(upstream:short)%00%(objectname)%00%(upstream:track)%00%(upstream:remotename)%00%(upstream:remoteref) refs/heads/mmap refs/remotes/mmap [6ms]
2023-07-14 15:16:13.076 [info] > git status -z -uall [16ms]
2023-07-14 15:18:38.641 [info] > git config --get commit.template [11ms]
2023-07-14 15:18:38.646 [info] > git for-each-ref --format=%(refname)%00%(upstream:short)%00%(objectname)%00%(upstream:track)%00%(upstream:remotename)%00%(upstream:remoteref) refs/heads/mmap refs/remotes/mmap [6ms]
2023-07-14 15:18:38.673 [info] > git status -z -uall [16ms]
2023-07-14 15:18:57.043 [info] > git config --get commit.template [10ms]
2023-07-14 15:18:57.048 [info] > git for-each-ref --format=%(refname)%00%(upstream:short)%00%(objectname)%00%(upstream:track)%00%(upstream:remotename)%00%(upstream:remoteref) refs/heads/mmap refs/remotes/mmap [6ms]
2023-07-14 15:18:57.074 [info] > git status -z -uall [15ms]
2023-07-14 15:20:26.002 [info] > git for-each-ref --format=%(refname)%00%(upstream:short)%00%(objectname)%00%(upstream:track)%00%(upstream:remotename)%00%(upstream:remoteref) refs/heads/mmap refs/remotes/mmap [11ms]
2023-07-14 15:20:26.004 [info] > git config --get commit.template [2ms]
2023-07-14 15:20:26.029 [info] > git status -z -uall [15ms]
2023-07-14 15:21:57.856 [info] > git config --get commit.template [12ms]
2023-07-14 15:21:57.862 [info] > git for-each-ref --format=%(refname)%00%(upstream:short)%00%(objectname)%00%(upstream:track)%00%(upstream:remotename)%00%(upstream:remoteref) refs/heads/mmap refs/remotes/mmap [6ms]
2023-07-14 15:21:57.888 [info] > git status -z -uall [15ms]
2023-07-14 15:22:27.136 [info] > git for-each-ref --format=%(refname)%00%(upstream:short)%00%(objectname)%00%(upstream:track)%00%(upstream:remotename)%00%(upstream:remoteref) refs/heads/mmap refs/remotes/mmap [12ms]
2023-07-14 15:22:27.138 [info] > git config --get commit.template [3ms]
2023-07-14 15:22:27.163 [info] > git status -z -uall [15ms]
2023-07-14 15:22:50.988 [info] > git config --get commit.template [13ms]
2023-07-14 15:22:50.994 [info] > git for-each-ref --format=%(refname)%00%(upstream:short)%00%(objectname)%00%(upstream:track)%00%(upstream:remotename)%00%(upstream:remoteref) refs/heads/mmap refs/remotes/mmap [7ms]
2023-07-14 15:22:51.023 [info] > git status -z -uall [17ms]
2023-07-14 15:23:08.386 [info] > git for-each-ref --format=%(refname)%00%(upstream:short)%00%(objectname)%00%(upstream:track)%00%(upstream:remotename)%00%(upstream:remoteref) refs/heads/mmap refs/remotes/mmap [10ms]
2023-07-14 15:23:08.389 [info] > git config --get commit.template [3ms]
2023-07-14 15:23:08.413 [info] > git status -z -uall [15ms]
2023-07-14 15:24:17.060 [info] > git config --get commit.template [12ms]
2023-07-14 15:24:17.064 [info] > git for-each-ref --format=%(refname)%00%(upstream:short)%00%(objectname)%00%(upstream:track)%00%(upstream:remotename)%00%(upstream:remoteref) refs/heads/mmap refs/remotes/mmap [6ms]
2023-07-14 15:24:17.089 [info] > git status -z -uall [15ms]
2023-07-14 15:25:23.331 [info] > git config --get commit.template [11ms]
2023-07-14 15:25:23.336 [info] > git for-each-ref --format=%(refname)%00%(upstream:short)%00%(objectname)%00%(upstream:track)%00%(upstream:remotename)%00%(upstream:remoteref) refs/heads/mmap refs/remotes/mmap [6ms]
2023-07-14 15:25:23.362 [info] > git status -z -uall [15ms]
2023-07-14 15:25:44.434 [info] > git config --get commit.template [13ms]
2023-07-14 15:25:44.440 [info] > git for-each-ref --format=%(refname)%00%(upstream:short)%00%(objectname)%00%(upstream:track)%00%(upstream:remotename)%00%(upstream:remoteref) refs/heads/mmap refs/remotes/mmap [7ms]
2023-07-14 15:25:44.468 [info] > git status -z -uall [17ms]
2023-07-14 15:26:11.312 [info] > git config --get commit.template [12ms]
2023-07-14 15:26:11.318 [info] > git for-each-ref --format=%(refname)%00%(upstream:short)%00%(objectname)%00%(upstream:track)%00%(upstream:remotename)%00%(upstream:remoteref) refs/heads/mmap refs/remotes/mmap [7ms]
2023-07-14 15:26:11.345 [info] > git status -z -uall [16ms]
2023-07-14 15:27:29.234 [info] > git for-each-ref --format=%(refname)%00%(upstream:short)%00%(objectname)%00%(upstream:track)%00%(upstream:remotename)%00%(upstream:remoteref) refs/heads/mmap refs/remotes/mmap [12ms]
2023-07-14 15:27:29.235 [info] > git config --get commit.template [3ms]
2023-07-14 15:27:29.262 [info] > git status -z -uall [16ms]
2023-07-14 15:28:00.867 [info] > git config --get commit.template [11ms]
2023-07-14 15:28:00.873 [info] > git for-each-ref --format=%(refname)%00%(upstream:short)%00%(objectname)%00%(upstream:track)%00%(upstream:remotename)%00%(upstream:remoteref) refs/heads/mmap refs/remotes/mmap [6ms]
2023-07-14 15:28:00.898 [info] > git status -z -uall [15ms]
2023-07-14 15:29:08.707 [info] > git config --get commit.template [13ms]
2023-07-14 15:29:08.713 [info] > git for-each-ref --format=%(refname)%00%(upstream:short)%00%(objectname)%00%(upstream:track)%00%(upstream:remotename)%00%(upstream:remoteref) refs/heads/mmap refs/remotes/mmap [7ms]
2023-07-14 15:29:08.741 [info] > git status -z -uall [16ms]
2023-07-14 15:29:14.118 [info] > git config --get commit.template [12ms]
2023-07-14 15:29:14.125 [info] > git for-each-ref --format=%(refname)%00%(upstream:short)%00%(objectname)%00%(upstream:track)%00%(upstream:remotename)%00%(upstream:remoteref) refs/heads/mmap refs/remotes/mmap [8ms]
2023-07-14 15:29:14.156 [info] > git status -z -uall [18ms]
2023-07-14 15:29:23.224 [info] > git show --textconv :kernel/vm.c [13ms]
2023-07-14 15:29:23.228 [info] > git ls-files --stage -- /home/funny/lab10/kernel/vm.c [5ms]
2023-07-14 15:29:23.247 [info] > git cat-file -s b47f1118326ae35cebb50fbbe48a4ac3e770d24e [5ms]
2023-07-14 15:30:38.637 [info] > git config --get commit.template [11ms]
2023-07-14 15:30:38.642 [info] > git for-each-ref --format=%(refname)%00%(upstream:short)%00%(objectname)%00%(upstream:track)%00%(upstream:remotename)%00%(upstream:remoteref) refs/heads/mmap refs/remotes/mmap [6ms]
2023-07-14 15:30:38.669 [info] > git status -z -uall [17ms]
2023-07-14 15:32:07.421 [info] > git show --textconv :kernel/proc.c [13ms]
2023-07-14 15:32:07.425 [info] > git ls-files --stage -- /home/funny/lab10/kernel/proc.c [4ms]
2023-07-14 15:32:07.441 [info] > git cat-file -s ba1a9e3b5df52164b8cc7fa4d5baafe376423d32 [5ms]
2023-07-14 15:32:49.364 [info] > git config --get commit.template [11ms]
2023-07-14 15:32:49.370 [info] > git for-each-ref --format=%(refname)%00%(upstream:short)%00%(objectname)%00%(upstream:track)%00%(upstream:remotename)%00%(upstream:remoteref) refs/heads/mmap refs/remotes/mmap [7ms]
2023-07-14 15:32:49.395 [info] > git status -z -uall [15ms]
2023-07-14 15:34:52.327 [info] > git config --get commit.template [10ms]
2023-07-14 15:34:52.332 [info] > git for-each-ref --format=%(refname)%00%(upstream:short)%00%(objectname)%00%(upstream:track)%00%(upstream:remotename)%00%(upstream:remoteref) refs/heads/mmap refs/remotes/mmap [6ms]
2023-07-14 15:34:52.357 [info] > git status -z -uall [15ms]
2023-07-14 15:35:06.833 [info] > git config --get commit.template [12ms]
2023-07-14 15:35:06.838 [info] > git for-each-ref --format=%(refname)%00%(upstream:short)%00%(objectname)%00%(upstream:track)%00%(upstream:remotename)%00%(upstream:remoteref) refs/heads/mmap refs/remotes/mmap [6ms]
2023-07-14 15:35:06.864 [info] > git status -z -uall [15ms]
2023-07-14 15:35:50.233 [info] > git for-each-ref --format=%(refname)%00%(upstream:short)%00%(objectname)%00%(upstream:track)%00%(upstream:remotename)%00%(upstream:remoteref) refs/heads/mmap refs/remotes/mmap [14ms]
2023-07-14 15:35:50.236 [info] > git config --get commit.template [4ms]
2023-07-14 15:35:50.263 [info] > git status -z -uall [16ms]
2023-07-14 15:35:57.142 [info] > git config --get commit.template [10ms]
2023-07-14 15:35:57.149 [info] > git for-each-ref --format=%(refname)%00%(upstream:short)%00%(objectname)%00%(upstream:track)%00%(upstream:remotename)%00%(upstream:remoteref) refs/heads/mmap refs/remotes/mmap [8ms]
2023-07-14 15:35:57.181 [info] > git status -z -uall [17ms]
2023-07-14 15:36:12.092 [info] > git config --get commit.template [10ms]
2023-07-14 15:36:12.098 [info] > git for-each-ref --format=%(refname)%00%(upstream:short)%00%(objectname)%00%(upstream:track)%00%(upstream:remotename)%00%(upstream:remoteref) refs/heads/mmap refs/remotes/mmap [6ms]
2023-07-14 15:36:12.123 [info] > git status -z -uall [15ms]
2023-07-14 15:36:34.048 [info] > git config --get commit.template [14ms]
2023-07-14 15:36:34.054 [info] > git for-each-ref --format=%(refname)%00%(upstream:short)%00%(objectname)%00%(upstream:track)%00%(upstream:remotename)%00%(upstream:remoteref) refs/heads/mmap refs/remotes/mmap [7ms]
2023-07-14 15:36:34.085 [info] > git status -z -uall [19ms]
2023-07-14 15:36:39.116 [info] > git config --get commit.template [12ms]
2023-07-14 15:36:39.121 [info] > git for-each-ref --format=%(refname)%00%(upstream:short)%00%(objectname)%00%(upstream:track)%00%(upstream:remotename)%00%(upstream:remoteref) refs/heads/mmap refs/remotes/mmap [6ms]
2023-07-14 15:36:39.148 [info] > git status -z -uall [16ms]
2023-07-14 15:38:57.554 [info] > git check-ignore -v -z --stdin [7ms]
2023-07-14 15:39:14.216 [info] > git check-ignore -v -z --stdin [5ms]
2023-07-14 15:40:18.731 [info] > git check-ignore -v -z --stdin [6ms]
2023-07-14 15:48:17.037 [info] > git config --get commit.template [10ms]
2023-07-14 15:48:17.043 [info] > git for-each-ref --format=%(refname)%00%(upstream:short)%00%(objectname)%00%(upstream:track)%00%(upstream:remotename)%00%(upstream:remoteref) refs/heads/mmap refs/remotes/mmap [6ms]
2023-07-14 15:48:17.068 [info] > git status -z -uall [15ms]
2023-07-14 15:48:22.097 [info] > git config --get commit.template [12ms]
2023-07-14 15:48:22.101 [info] > git for-each-ref --format=%(refname)%00%(upstream:short)%00%(objectname)%00%(upstream:track)%00%(upstream:remotename)%00%(upstream:remoteref) refs/heads/mmap refs/remotes/mmap [6ms]
2023-07-14 15:48:22.130 [info] > git status -z -uall [19ms]
2023-07-14 15:53:21.902 [info] > git for-each-ref --format=%(refname)%00%(upstream:short)%00%(objectname)%00%(upstream:track)%00%(upstream:remotename)%00%(upstream:remoteref) refs/heads/mmap refs/remotes/mmap [15ms]
2023-07-14 15:53:21.905 [info] > git config --get commit.template [3ms]
2023-07-14 15:53:21.940 [info] > git status -z -uall [22ms]
2023-07-14 15:53:26.967 [info] > git config --get commit.template [11ms]
2023-07-14 15:53:26.973 [info] > git for-each-ref --format=%(refname)%00%(upstream:short)%00%(objectname)%00%(upstream:track)%00%(upstream:remotename)%00%(upstream:remoteref) refs/heads/mmap refs/remotes/mmap [6ms]
2023-07-14 15:53:27.000 [info] > git status -z -uall [16ms]
2023-07-14 15:53:32.027 [info] > git config --get commit.template [11ms]
2023-07-14 15:53:32.032 [info] > git for-each-ref --format=%(refname)%00%(upstream:short)%00%(objectname)%00%(upstream:track)%00%(upstream:remotename)%00%(upstream:remoteref) refs/heads/mmap refs/remotes/mmap [6ms]
2023-07-14 15:53:32.058 [info] > git status -z -uall [16ms]
2023-07-14 15:53:37.085 [info] > git config --get commit.template [11ms]
2023-07-14 15:53:37.091 [info] > git for-each-ref --format=%(refname)%00%(upstream:short)%00%(objectname)%00%(upstream:track)%00%(upstream:remotename)%00%(upstream:remoteref) refs/heads/mmap refs/remotes/mmap [6ms]
2023-07-14 15:53:37.116 [info] > git status -z -uall [15ms]
2023-07-14 15:54:00.942 [info] > git config --get commit.template [11ms]
2023-07-14 15:54:00.947 [info] > git for-each-ref --format=%(refname)%00%(upstream:short)%00%(objectname)%00%(upstream:track)%00%(upstream:remotename)%00%(upstream:remoteref) refs/heads/mmap refs/remotes/mmap [6ms]
2023-07-14 15:54:00.973 [info] > git status -z -uall [15ms]
2023-07-14 15:54:17.834 [info] > git config --get commit.template [14ms]
2023-07-14 15:54:17.840 [info] > git for-each-ref --format=%(refname)%00%(upstream:short)%00%(objectname)%00%(upstream:track)%00%(upstream:remotename)%00%(upstream:remoteref) refs/heads/mmap refs/remotes/mmap [7ms]
2023-07-14 15:54:17.868 [info] > git status -z -uall [17ms]
2023-07-14 15:54:22.897 [info] > git config --get commit.template [13ms]
2023-07-14 15:54:22.903 [info] > git for-each-ref --format=%(refname)%00%(upstream:short)%00%(objectname)%00%(upstream:track)%00%(upstream:remotename)%00%(upstream:remoteref) refs/heads/mmap refs/remotes/mmap [6ms]
2023-07-14 15:54:22.927 [info] > git status -z -uall [14ms]
2023-07-14 15:55:05.130 [info] > git config --get commit.template [12ms]
2023-07-14 15:55:05.136 [info] > git for-each-ref --format=%(refname)%00%(upstream:short)%00%(objectname)%00%(upstream:track)%00%(upstream:remotename)%00%(upstream:remoteref) refs/heads/mmap refs/remotes/mmap [6ms]
2023-07-14 15:55:05.164 [info] > git status -z -uall [16ms]
2023-07-14 15:55:42.058 [info] > git config --get commit.template [11ms]
2023-07-14 15:55:42.063 [info] > git for-each-ref --format=%(refname)%00%(upstream:short)%00%(objectname)%00%(upstream:track)%00%(upstream:remotename)%00%(upstream:remoteref) refs/heads/mmap refs/remotes/mmap [6ms]
2023-07-14 15:55:42.089 [info] > git status -z -uall [15ms]
2023-07-14 15:55:47.114 [info] > git config --get commit.template [10ms]
2023-07-14 15:55:47.120 [info] > git for-each-ref --format=%(refname)%00%(upstream:short)%00%(objectname)%00%(upstream:track)%00%(upstream:remotename)%00%(upstream:remoteref) refs/heads/mmap refs/remotes/mmap [6ms]
2023-07-14 15:55:47.146 [info] > git status -z -uall [15ms]
2023-07-14 15:55:52.173 [info] > git config --get commit.template [12ms]
2023-07-14 15:55:52.177 [info] > git for-each-ref --format=%(refname)%00%(upstream:short)%00%(objectname)%00%(upstream:track)%00%(upstream:remotename)%00%(upstream:remoteref) refs/heads/mmap refs/remotes/mmap [6ms]
2023-07-14 15:55:52.203 [info] > git status -z -uall [15ms]
2023-07-14 15:58:37.892 [info] > git check-ignore -v -z --stdin [4ms]
2023-07-14 15:58:38.999 [info] > git show --textconv :kernel/fcntl.h [16ms]
2023-07-14 15:58:39.004 [info] > git ls-files --stage -- /home/funny/lab10/kernel/fcntl.h [5ms]
2023-07-14 15:58:39.028 [info] > git cat-file -s 09f330a67423a2cd8f0f5a3aff4d3d4eff5676da [8ms]
2023-07-14 15:59:55.036 [info] > git config --get commit.template [13ms]
2023-07-14 15:59:55.042 [info] > git for-each-ref --format=%(refname)%00%(upstream:short)%00%(objectname)%00%(upstream:track)%00%(upstream:remotename)%00%(upstream:remoteref) refs/heads/mmap refs/remotes/mmap [7ms]
2023-07-14 15:59:55.071 [info] > git status -z -uall [17ms]
2023-07-14 16:00:00.106 [info] > git config --get commit.template [16ms]
2023-07-14 16:00:00.114 [info] > git for-each-ref --format=%(refname)%00%(upstream:short)%00%(objectname)%00%(upstream:track)%00%(upstream:remotename)%00%(upstream:remoteref) refs/heads/mmap refs/remotes/mmap [8ms]
2023-07-14 16:00:00.155 [info] > git status -z -uall [27ms]
2023-07-14 16:01:19.002 [info] > git check-ignore -v -z --stdin [6ms]
2023-07-14 16:02:56.159 [info] > git config --get commit.template [12ms]
2023-07-14 16:02:56.165 [info] > git for-each-ref --format=%(refname)%00%(upstream:short)%00%(objectname)%00%(upstream:track)%00%(upstream:remotename)%00%(upstream:remoteref) refs/heads/mmap refs/remotes/mmap [7ms]
2023-07-14 16:02:56.195 [info] > git status -z -uall [18ms]
2023-07-14 16:03:01.225 [info] > git config --get commit.template [12ms]
2023-07-14 16:03:01.231 [info] > git for-each-ref --format=%(refname)%00%(upstream:short)%00%(objectname)%00%(upstream:track)%00%(upstream:remotename)%00%(upstream:remoteref) refs/heads/mmap refs/remotes/mmap [6ms]
2023-07-14 16:03:01.259 [info] > git status -z -uall [16ms]
2023-07-14 16:06:11.826 [info] > git config --get commit.template [13ms]
2023-07-14 16:06:11.831 [info] > git for-each-ref --format=%(refname)%00%(upstream:short)%00%(objectname)%00%(upstream:track)%00%(upstream:remotename)%00%(upstream:remoteref) refs/heads/mmap refs/remotes/mmap [6ms]
2023-07-14 16:06:11.859 [info] > git status -z -uall [16ms]
2023-07-14 16:06:14.347 [info] > git check-ignore -v -z --stdin [5ms]
2023-07-14 16:06:14.999 [info] > git check-ignore -v -z --stdin [5ms]
2023-07-14 16:06:18.998 [info] > git config --get commit.template [17ms]
2023-07-14 16:06:19.005 [info] > git for-each-ref --format=%(refname)%00%(upstream:short)%00%(objectname)%00%(upstream:track)%00%(upstream:remotename)%00%(upstream:remoteref) refs/heads/mmap refs/remotes/mmap [7ms]
2023-07-14 16:06:19.035 [info] > git status -z -uall [18ms]
2023-07-14 16:07:30.185 [info] > git config --get commit.template [11ms]
2023-07-14 16:07:30.190 [info] > git for-each-ref --format=%(refname)%00%(upstream:short)%00%(objectname)%00%(upstream:track)%00%(upstream:remotename)%00%(upstream:remoteref) refs/heads/mmap refs/remotes/mmap [6ms]
2023-07-14 16:07:30.216 [info] > git status -z -uall [15ms]
2023-07-14 16:08:50.937 [info] > git config --get commit.template [14ms]
2023-07-14 16:08:50.943 [info] > git for-each-ref --format=%(refname)%00%(upstream:short)%00%(objectname)%00%(upstream:track)%00%(upstream:remotename)%00%(upstream:remoteref) refs/heads/mmap refs/remotes/mmap [6ms]
2023-07-14 16:08:50.975 [info] > git status -z -uall [19ms]
2023-07-14 16:10:42.149 [info] > git check-ignore -v -z --stdin [6ms]
2023-07-14 16:10:44.715 [info] > git check-ignore -v -z --stdin [7ms]
2023-07-14 16:10:45.869 [info] > git check-ignore -v -z --stdin [4ms]
2023-07-14 16:10:47.312 [info] > git check-ignore -v -z --stdin [4ms]
2023-07-14 16:10:48.727 [info] > git check-ignore -v -z --stdin [3ms]
2023-07-14 16:10:49.562 [info] > git check-ignore -v -z --stdin [4ms]
2023-07-14 16:10:50.686 [info] > git check-ignore -v -z --stdin [6ms]
2023-07-14 16:10:51.688 [info] > git check-ignore -v -z --stdin [5ms]
2023-07-14 16:10:52.359 [info] > git check-ignore -v -z --stdin [4ms]
2023-07-14 16:10:53.111 [info] > git check-ignore -v -z --stdin [4ms]
2023-07-14 16:11:08.991 [info] > git check-ignore -v -z --stdin [5ms]
2023-07-14 16:11:10.106 [info] > git check-ignore -v -z --stdin [4ms]
2023-07-14 16:11:10.832 [info] > git show --textconv :Makefile [12ms]
2023-07-14 16:11:10.837 [info] > git ls-files --stage -- /home/funny/lab10/Makefile [5ms]
2023-07-14 16:11:10.854 [info] > git cat-file -s d8509b18d112f007ebb0f7a4fa782f5696cd51ea [4ms]
2023-07-14 16:11:40.625 [info] > git show --textconv :user/usys.pl [14ms]
2023-07-14 16:11:40.629 [info] > git ls-files --stage -- /home/funny/lab10/user/usys.pl [4ms]
2023-07-14 16:11:40.645 [info] > git cat-file -s 01e426e6b36c706967da4dfc41f6377df9da9e31 [5ms]
2023-07-14 16:12:45.893 [info] > git config --get commit.template [11ms]
2023-07-14 16:12:45.898 [info] > git for-each-ref --format=%(refname)%00%(upstream:short)%00%(objectname)%00%(upstream:track)%00%(upstream:remotename)%00%(upstream:remoteref) refs/heads/mmap refs/remotes/mmap [6ms]
2023-07-14 16:12:45.924 [info] > git status -z -uall [15ms]
2023-07-14 16:16:14.774 [info] > git config --get commit.template [13ms]
2023-07-14 16:16:14.779 [info] > git for-each-ref --format=%(refname)%00%(upstream:short)%00%(objectname)%00%(upstream:track)%00%(upstream:remotename)%00%(upstream:remoteref) refs/heads/mmap refs/remotes/mmap [6ms]
2023-07-14 16:16:14.807 [info] > git status -z -uall [16ms]
2023-07-14 16:16:31.278 [info] > git config --get commit.template [11ms]
2023-07-14 16:16:31.284 [info] > git for-each-ref --format=%(refname)%00%(upstream:short)%00%(objectname)%00%(upstream:track)%00%(upstream:remotename)%00%(upstream:remoteref) refs/heads/mmap refs/remotes/mmap [6ms]
2023-07-14 16:16:31.309 [info] > git status -z -uall [15ms]
2023-07-14 16:17:36.602 [info] > git for-each-ref --format=%(refname)%00%(upstream:short)%00%(objectname)%00%(upstream:track)%00%(upstream:remotename)%00%(upstream:remoteref) refs/heads/mmap refs/remotes/mmap [11ms]
2023-07-14 16:17:36.605 [info] > git config --get commit.template [3ms]
2023-07-14 16:17:36.630 [info] > git status -z -uall [15ms]
2023-07-14 16:17:41.661 [info] > git config --get commit.template [14ms]
2023-07-14 16:17:41.665 [info] > git for-each-ref --format=%(refname)%00%(upstream:short)%00%(objectname)%00%(upstream:track)%00%(upstream:remotename)%00%(upstream:remoteref) refs/heads/mmap refs/remotes/mmap [5ms]
2023-07-14 16:17:41.692 [info] > git status -z -uall [14ms]
2023-07-14 16:17:50.720 [info] > git config --get commit.template [12ms]
2023-07-14 16:17:50.725 [info] > git for-each-ref --format=%(refname)%00%(upstream:short)%00%(objectname)%00%(upstream:track)%00%(upstream:remotename)%00%(upstream:remoteref) refs/heads/mmap refs/remotes/mmap [6ms]
2023-07-14 16:17:50.751 [info] > git status -z -uall [15ms]
2023-07-14 16:18:04.407 [info] > git config --get commit.template [12ms]
2023-07-14 16:18:04.413 [info] > git for-each-ref --format=%(refname)%00%(upstream:short)%00%(objectname)%00%(upstream:track)%00%(upstream:remotename)%00%(upstream:remoteref) refs/heads/mmap refs/remotes/mmap [7ms]
2023-07-14 16:18:04.445 [info] > git status -z -uall [18ms]
2023-07-14 16:18:20.917 [info] > git config --get commit.template [13ms]
2023-07-14 16:18:20.923 [info] > git for-each-ref --format=%(refname)%00%(upstream:short)%00%(objectname)%00%(upstream:track)%00%(upstream:remotename)%00%(upstream:remoteref) refs/heads/mmap refs/remotes/mmap [7ms]
2023-07-14 16:18:20.953 [info] > git status -z -uall [17ms]
2023-07-14 16:18:30.071 [info] > git config --get commit.template [13ms]
2023-07-14 16:18:30.077 [info] > git for-each-ref --format=%(refname)%00%(upstream:short)%00%(objectname)%00%(upstream:track)%00%(upstream:remotename)%00%(upstream:remoteref) refs/heads/mmap refs/remotes/mmap [7ms]
2023-07-14 16:18:30.107 [info] > git status -z -uall [18ms]
2023-07-14 16:18:38.884 [info] > git config --get commit.template [14ms]
2023-07-14 16:18:38.890 [info] > git for-each-ref --format=%(refname)%00%(upstream:short)%00%(objectname)%00%(upstream:track)%00%(upstream:remotename)%00%(upstream:remoteref) refs/heads/mmap refs/remotes/mmap [6ms]
2023-07-14 16:18:38.921 [info] > git status -z -uall [17ms]
2023-07-14 16:18:45.345 [info] > git config --get commit.template [14ms]
2023-07-14 16:18:45.353 [info] > git for-each-ref --format=%(refname)%00%(upstream:short)%00%(objectname)%00%(upstream:track)%00%(upstream:remotename)%00%(upstream:remoteref) refs/heads/mmap refs/remotes/mmap [8ms]
2023-07-14 16:18:45.386 [info] > git status -z -uall [19ms]
2023-07-14 16:19:07.173 [info] > git for-each-ref --format=%(refname)%00%(upstream:short)%00%(objectname)%00%(upstream:track)%00%(upstream:remotename)%00%(upstream:remoteref) refs/heads/mmap refs/remotes/mmap [13ms]
2023-07-14 16:19:07.176 [info] > git config --get commit.template [4ms]
2023-07-14 16:19:07.212 [info] > git status -z -uall [23ms]
2023-07-14 16:20:31.952 [info] > git for-each-ref --format=%(refname)%00%(upstream:short)%00%(objectname)%00%(upstream:track)%00%(upstream:remotename)%00%(upstream:remoteref) refs/heads/mmap refs/remotes/mmap [14ms]
2023-07-14 16:20:31.954 [info] > git config --get commit.template [3ms]
2023-07-14 16:20:31.984 [info] > git status -z -uall [16ms]
2023-07-14 16:20:37.013 [info] > git config --get commit.template [13ms]
2023-07-14 16:20:37.019 [info] > git for-each-ref --format=%(refname)%00%(upstream:short)%00%(objectname)%00%(upstream:track)%00%(upstream:remotename)%00%(upstream:remoteref) refs/heads/mmap refs/remotes/mmap [6ms]
2023-07-14 16:20:37.052 [info] > git status -z -uall [19ms]
2023-07-14 16:20:42.747 [info] > git config --get commit.template [18ms]
2023-07-14 16:20:42.755 [info] > git for-each-ref --format=%(refname)%00%(upstream:short)%00%(objectname)%00%(upstream:track)%00%(upstream:remotename)%00%(upstream:remoteref) refs/heads/mmap refs/remotes/mmap [9ms]
2023-07-14 16:20:42.792 [info] > git status -z -uall [20ms]
2023-07-14 16:31:09.962 [info] > git rev-parse --show-toplevel [3ms]
2023-07-14 16:31:09.977 [info] > git rev-parse --git-dir --git-common-dir [3ms]
2023-07-14 16:31:09.981 [info] Open repository: /home/funny/xv6-labs-2020
2023-07-14 16:31:10.008 [info] > git config --get commit.template [12ms]
2023-07-14 16:31:10.013 [info] > git for-each-ref --format=%(refname)%00%(upstream:short)%00%(objectname)%00%(upstream:track)%00%(upstream:remotename)%00%(upstream:remoteref) refs/heads/master refs/remotes/master [6ms]
2023-07-14 16:31:10.033 [info] > git status -z -uall [9ms]
2023-07-14 16:31:10.062 [info] > git config --get commit.template [11ms]
2023-07-14 16:31:10.067 [info] > git for-each-ref --format=%(refname)%00%(upstream:short)%00%(objectname)%00%(upstream:track)%00%(upstream:remotename)%00%(upstream:remoteref) refs/heads/master refs/remotes/master [6ms]
2023-07-14 16:31:10.086 [info] > git status -z -uall [8ms]
2023-07-14 16:32:09.973 [info] > git check-ignore -v -z --stdin [4ms]
