2023-07-14 16:33:52.632 [info] 日志级别: Info
2023-07-14 16:33:52.632 [info] 正在验证在以下位置找到的 git: "git"
2023-07-14 16:33:52.632 [info] 将使用位于 "2.25.1" 的 Git "git"
2023-07-14 16:33:52.632 [info] > git rev-parse --show-toplevel [10ms]
2023-07-14 16:33:52.632 [info] fatal: not a git repository (or any of the parent directories): .git
2023-07-14 16:33:52.632 [info] > git rev-parse --show-toplevel [13ms]
2023-07-14 16:33:52.633 [info] > git rev-parse --git-dir --git-common-dir [50ms]
2023-07-14 16:33:52.644 [info] Open repository: /home/funny/lab10
2023-07-14 16:33:52.690 [info] > git config --get commit.template [13ms]
2023-07-14 16:33:52.690 [info] > git rev-parse --show-toplevel [31ms]
2023-07-14 16:33:52.690 [info] fatal: not a git repository (or any of the parent directories): .git
2023-07-14 16:33:52.722 [info] > git rev-parse --show-toplevel [17ms]
2023-07-14 16:33:52.722 [info] fatal: not a git repository (or any of the parent directories): .git
2023-07-14 16:33:52.744 [info] > git for-each-ref --format=%(refname)%00%(upstream:short)%00%(objectname)%00%(upstream:track)%00%(upstream:remotename)%00%(upstream:remoteref) refs/heads/mmap refs/remotes/mmap [23ms]
2023-07-14 16:33:52.760 [info] > git rev-parse --show-toplevel [18ms]
2023-07-14 16:33:52.760 [info] fatal: not a git repository (or any of the parent directories): .git
2023-07-14 16:33:52.780 [info] > git status -z -uall [22ms]
2023-07-14 16:33:52.780 [info] > git rev-parse --show-toplevel [5ms]
2023-07-14 16:33:52.780 [info] fatal: not a git repository (or any of the parent directories): .git
2023-07-14 16:33:52.805 [info] > git rev-parse --show-toplevel [10ms]
2023-07-14 16:33:52.835 [info] > git rev-parse --git-dir --git-common-dir [17ms]
2023-07-14 16:33:52.839 [info] Open repository: /home/funny/lab1
2023-07-14 16:33:52.895 [info] > git config --get commit.template [62ms]
2023-07-14 16:33:52.897 [info] > git config --get commit.template [5ms]
2023-07-14 16:33:52.897 [info] > git for-each-ref --format=%(refname)%00%(upstream:short)%00%(objectname)%00%(upstream:track)%00%(upstream:remotename)%00%(upstream:remoteref) refs/heads/mmap refs/remotes/mmap [23ms]
2023-07-14 16:33:52.911 [info] > git rev-parse --show-toplevel [54ms]
2023-07-14 16:33:52.939 [info] > git status -z -uall [29ms]
2023-07-14 16:33:52.939 [info] > git rev-parse --git-dir --git-common-dir [14ms]
2023-07-14 16:33:52.942 [info] Open repository: /home/funny/lab11
2023-07-14 16:33:52.989 [info] > git rev-parse --show-toplevel [32ms]
2023-07-14 16:33:53.005 [info] > git config --get commit.template [16ms]
2023-07-14 16:33:53.005 [info] > git for-each-ref --format=%(refname)%00%(upstream:short)%00%(objectname)%00%(upstream:track)%00%(upstream:remotename)%00%(upstream:remoteref) refs/heads/util refs/remotes/util [32ms]
2023-07-14 16:33:53.019 [info] > git rev-parse --git-dir --git-common-dir [18ms]
2023-07-14 16:33:53.024 [info] Open repository: /home/funny/lab2
2023-07-14 16:33:53.080 [info] > git status -z -uall [63ms]
2023-07-14 16:33:53.103 [info] > git config --get commit.template [28ms]
2023-07-14 16:33:53.104 [info] > git for-each-ref --format=%(refname)%00%(upstream:short)%00%(objectname)%00%(upstream:track)%00%(upstream:remotename)%00%(upstream:remoteref) refs/heads/net refs/remotes/net [45ms]
2023-07-14 16:33:53.118 [info] > git rev-parse --show-toplevel [78ms]
2023-07-14 16:33:53.137 [info] > git config --get commit.template [34ms]
2023-07-14 16:33:53.154 [info] > git status -z -uall [37ms]
2023-07-14 16:33:53.155 [info] > git rev-parse --git-dir --git-common-dir [23ms]
2023-07-14 16:33:53.159 [info] Open repository: /home/funny/lab3
2023-07-14 16:33:53.212 [info] > git for-each-ref --format=%(refname)%00%(upstream:short)%00%(objectname)%00%(upstream:track)%00%(upstream:remotename)%00%(upstream:remoteref) refs/heads/syscall refs/remotes/syscall [59ms]
2023-07-14 16:33:53.276 [info] > git status -z -uall [48ms]
2023-07-14 16:33:53.276 [info] > git check-ignore -v -z --stdin [20ms]
2023-07-14 16:33:53.283 [info] > git config --get commit.template [75ms]
2023-07-14 16:33:53.283 [info] > git for-each-ref --format=%(refname)%00%(upstream:short)%00%(objectname)%00%(upstream:track)%00%(upstream:remotename)%00%(upstream:remoteref) refs/heads/util refs/remotes/util [95ms]
2023-07-14 16:33:53.300 [info] > git rev-parse --show-toplevel [126ms]
2023-07-14 16:33:53.333 [info] > git status -z -uall [34ms]
2023-07-14 16:33:53.337 [info] > git config --get commit.template [64ms]
2023-07-14 16:33:53.355 [info] > git config --get commit.template [24ms]
2023-07-14 16:33:53.355 [info] > git rev-parse --git-dir --git-common-dir [42ms]
2023-07-14 16:33:53.361 [info] Open repository: /home/funny/lab4
2023-07-14 16:33:53.416 [info] > git rev-parse --show-toplevel [38ms]
2023-07-14 16:33:53.433 [info] > git for-each-ref --format=%(refname)%00%(upstream:short)%00%(objectname)%00%(upstream:track)%00%(upstream:remotename)%00%(upstream:remoteref) refs/heads/pgtbl refs/remotes/pgtbl [79ms]
2023-07-14 16:33:53.471 [info] > git rev-parse --git-dir --git-common-dir [39ms]
2023-07-14 16:33:53.475 [info] Open repository: /home/funny/lab5
2023-07-14 16:33:53.491 [info] > git config --get commit.template [79ms]
2023-07-14 16:33:53.492 [info] > git for-each-ref --format=%(refname)%00%(upstream:short)%00%(objectname)%00%(upstream:track)%00%(upstream:remotename)%00%(upstream:remoteref) refs/heads/net refs/remotes/net [94ms]
2023-07-14 16:33:53.540 [info] > git status -z -uall [91ms]
2023-07-14 16:33:53.540 [info] > git status -z -uall [28ms]
2023-07-14 16:33:53.541 [info] > git rev-parse --show-toplevel [50ms]
2023-07-14 16:33:53.556 [info] > git for-each-ref --format=%(refname)%00%(upstream:short)%00%(objectname)%00%(upstream:track)%00%(upstream:remotename)%00%(upstream:remoteref) refs/heads/syscall refs/remotes/syscall [87ms]
2023-07-14 16:33:53.614 [info] > git status -z -uall [42ms]
2023-07-14 16:33:53.615 [info] > git rev-parse --git-dir --git-common-dir [59ms]
2023-07-14 16:33:53.619 [info] Open repository: /home/funny/lab6
2023-07-14 16:33:53.636 [info] > git config --get commit.template [103ms]
2023-07-14 16:33:53.657 [info] > git config --get commit.template [47ms]
2023-07-14 16:33:53.657 [info] > git for-each-ref --format=%(refname)%00%(upstream:short)%00%(objectname)%00%(upstream:track)%00%(upstream:remotename)%00%(upstream:remoteref) refs/heads/traps refs/remotes/traps [64ms]
2023-07-14 16:33:53.694 [info] > git config --get commit.template [40ms]
2023-07-14 16:33:53.694 [info] > git rev-parse --show-toplevel [59ms]
2023-07-14 16:33:53.726 [info] > git status -z -uall [54ms]
2023-07-14 16:33:53.726 [info] > git for-each-ref --format=%(refname)%00%(upstream:short)%00%(objectname)%00%(upstream:track)%00%(upstream:remotename)%00%(upstream:remoteref) refs/heads/lazy refs/remotes/lazy [34ms]
2023-07-14 16:33:53.759 [info] > git for-each-ref --format=%(refname)%00%(upstream:short)%00%(objectname)%00%(upstream:track)%00%(upstream:remotename)%00%(upstream:remoteref) refs/heads/pgtbl refs/remotes/pgtbl [36ms]
2023-07-14 16:33:53.775 [info] > git rev-parse --git-dir --git-common-dir [65ms]
2023-07-14 16:33:53.779 [info] Open repository: /home/funny/lab7
2023-07-14 16:33:53.829 [info] > git status -z -uall [90ms]
2023-07-14 16:33:53.829 [info] > git status -z -uall [55ms]
2023-07-14 16:33:53.830 [info] > git rev-parse --show-toplevel [35ms]
2023-07-14 16:33:53.848 [info] > git for-each-ref --format=%(refname)%00%(upstream:short)%00%(objectname)%00%(upstream:track)%00%(upstream:remotename)%00%(upstream:remoteref) refs/heads/cow refs/remotes/cow [89ms]
2023-07-14 16:33:53.884 [info] > git status -z -uall [22ms]
2023-07-14 16:33:53.884 [info] > git rev-parse --git-dir --git-common-dir [39ms]
2023-07-14 16:33:53.888 [info] Open repository: /home/funny/lab8
2023-07-14 16:33:53.902 [info] > git config --get commit.template [75ms]
2023-07-14 16:33:53.903 [info] > git config --get commit.template [90ms]
2023-07-14 16:33:53.940 [info] > git config --get commit.template [57ms]
2023-07-14 16:33:53.991 [info] > git check-ignore -v -z --stdin [31ms]
2023-07-14 16:33:53.992 [info] > git config --get commit.template [55ms]
2023-07-14 16:33:53.993 [info] > git for-each-ref --format=%(refname)%00%(upstream:short)%00%(objectname)%00%(upstream:track)%00%(upstream:remotename)%00%(upstream:remoteref) refs/heads/traps refs/remotes/traps [72ms]
2023-07-14 16:33:54.008 [info] > git rev-parse --show-toplevel [105ms]
2023-07-14 16:33:54.048 [info] > git status -z -uall [41ms]
2023-07-14 16:33:54.049 [info] > git rev-parse --git-dir --git-common-dir [26ms]
2023-07-14 16:33:54.053 [info] Open repository: /home/funny/lab9
2023-07-14 16:33:54.057 [info] > git config --get commit.template [67ms]
2023-07-14 16:33:54.057 [info] > git for-each-ref --format=%(refname)%00%(upstream:short)%00%(objectname)%00%(upstream:track)%00%(upstream:remotename)%00%(upstream:remoteref) refs/heads/thread refs/remotes/thread [82ms]
2023-07-14 16:33:54.105 [info] > git status -z -uall [34ms]
2023-07-14 16:33:54.105 [info] > git for-each-ref --format=%(refname)%00%(upstream:short)%00%(objectname)%00%(upstream:track)%00%(upstream:remotename)%00%(upstream:remoteref) refs/heads/lazy refs/remotes/lazy [59ms]
2023-07-14 16:33:54.142 [info] > git config --get commit.template [39ms]
2023-07-14 16:33:54.142 [info] > git for-each-ref --format=%(refname)%00%(upstream:short)%00%(objectname)%00%(upstream:track)%00%(upstream:remotename)%00%(upstream:remoteref) refs/heads/lock refs/remotes/lock [54ms]
2023-07-14 16:33:54.164 [info] > git status -z -uall [43ms]
2023-07-14 16:33:54.165 [info] > git for-each-ref --format=%(refname)%00%(upstream:short)%00%(objectname)%00%(upstream:track)%00%(upstream:remotename)%00%(upstream:remoteref) refs/heads/cow refs/remotes/cow [24ms]
2023-07-14 16:33:54.213 [info] > git status -z -uall [56ms]
2023-07-14 16:33:54.213 [info] > git status -z -uall [35ms]
2023-07-14 16:33:54.218 [info] > git config --get commit.template [6ms]
2023-07-14 16:33:54.218 [info] > git for-each-ref --format=%(refname)%00%(upstream:short)%00%(objectname)%00%(upstream:track)%00%(upstream:remotename)%00%(upstream:remoteref) refs/heads/fs refs/remotes/fs [23ms]
2023-07-14 16:33:54.284 [info] > git status -z -uall [50ms]
2023-07-14 16:33:54.284 [info] > git config --get commit.template [9ms]
2023-07-14 16:33:54.284 [info] > git for-each-ref --format=%(refname)%00%(upstream:short)%00%(objectname)%00%(upstream:track)%00%(upstream:remotename)%00%(upstream:remoteref) refs/heads/thread refs/remotes/thread [25ms]
2023-07-14 16:33:54.352 [info] > git status -z -uall [51ms]
2023-07-14 16:33:54.357 [info] > git config --get commit.template [8ms]
2023-07-14 16:33:54.357 [info] > git for-each-ref --format=%(refname)%00%(upstream:short)%00%(objectname)%00%(upstream:track)%00%(upstream:remotename)%00%(upstream:remoteref) refs/heads/lock refs/remotes/lock [32ms]
2023-07-14 16:33:54.397 [info] > git status -z -uall [23ms]
2023-07-14 16:33:54.399 [info] > git for-each-ref --format=%(refname)%00%(upstream:short)%00%(objectname)%00%(upstream:track)%00%(upstream:remotename)%00%(upstream:remoteref) refs/heads/fs refs/remotes/fs [8ms]
2023-07-14 16:33:54.432 [info] > git status -z -uall [18ms]
2023-07-14 16:33:55.799 [info] > git check-ignore -v -z --stdin [140ms]
2023-07-14 16:33:55.800 [info] > git check-ignore -v -z --stdin [127ms]
2023-07-14 16:33:55.801 [info] > git check-ignore -v -z --stdin [115ms]
2023-07-14 16:33:55.801 [info] > git check-ignore -v -z --stdin [98ms]
2023-07-14 16:33:55.801 [info] > git check-ignore -v -z --stdin [80ms]
2023-07-14 16:33:55.802 [info] > git check-ignore -v -z --stdin [66ms]
2023-07-14 16:33:55.802 [info] > git check-ignore -v -z --stdin [50ms]
2023-07-14 16:33:55.803 [info] > git check-ignore -v -z --stdin [36ms]
2023-07-14 16:33:55.803 [info] > git check-ignore -v -z --stdin [21ms]
2023-07-14 16:33:55.803 [info] > git check-ignore -v -z --stdin [8ms]
2023-07-14 16:33:57.446 [info] > git check-ignore -v -z --stdin [7ms]
2023-07-14 16:33:59.157 [info] > git check-ignore -v -z --stdin [6ms]
2023-07-14 16:34:00.910 [info] > git check-ignore -v -z --stdin [6ms]
2023-07-14 16:34:01.770 [info] > git check-ignore -v -z --stdin [13ms]
2023-07-14 16:34:01.774 [info] > git check-ignore -v -z --stdin [5ms]
2023-07-14 16:34:05.414 [info] > git check-ignore -v -z --stdin [5ms]
2023-07-14 16:44:03.660 [info] > git check-ignore -v -z --stdin [4ms]
2023-07-14 16:44:16.426 [info] > git show --textconv :kernel/e1000.c [13ms]
2023-07-14 16:44:16.429 [info] > git ls-files --stage -- /home/funny/lab11/kernel/e1000.c [4ms]
2023-07-14 16:44:16.444 [info] > git cat-file -s 70a2adf968a645086a43e3b0136d97f3ce2b39b9 [5ms]
2023-07-14 16:44:34.629 [info] > git config --get commit.template [12ms]
2023-07-14 16:44:34.636 [info] > git for-each-ref --format=%(refname)%00%(upstream:short)%00%(objectname)%00%(upstream:track)%00%(upstream:remotename)%00%(upstream:remoteref) refs/heads/net refs/remotes/net [8ms]
2023-07-14 16:44:34.667 [info] > git status -z -uall [19ms]
2023-07-14 16:45:04.457 [info] > git for-each-ref --format=%(refname)%00%(upstream:short)%00%(objectname)%00%(upstream:track)%00%(upstream:remotename)%00%(upstream:remoteref) refs/heads/net refs/remotes/net [15ms]
2023-07-14 16:45:04.457 [info] > git config --get commit.template [2ms]
2023-07-14 16:45:04.491 [info] > git status -z -uall [22ms]
2023-07-14 16:45:18.756 [info] > git check-ignore -v -z --stdin [8ms]
2023-07-14 16:45:19.364 [info] > git check-ignore -v -z --stdin [6ms]
2023-07-14 16:45:19.955 [info] > git check-ignore -v -z --stdin [6ms]
2023-07-14 16:45:20.471 [info] > git check-ignore -v -z --stdin [5ms]
2023-07-14 16:45:21.055 [info] > git check-ignore -v -z --stdin [6ms]
2023-07-14 16:45:39.632 [info] > git config --get commit.template [16ms]
2023-07-14 16:45:39.638 [info] > git for-each-ref --format=%(refname)%00%(upstream:short)%00%(objectname)%00%(upstream:track)%00%(upstream:remotename)%00%(upstream:remoteref) refs/heads/net refs/remotes/net [7ms]
2023-07-14 16:45:39.674 [info] > git status -z -uall [23ms]
2023-07-14 16:45:44.705 [info] > git config --get commit.template [12ms]
2023-07-14 16:45:44.711 [info] > git for-each-ref --format=%(refname)%00%(upstream:short)%00%(objectname)%00%(upstream:track)%00%(upstream:remotename)%00%(upstream:remoteref) refs/heads/net refs/remotes/net [7ms]
2023-07-14 16:45:44.745 [info] > git status -z -uall [19ms]
2023-07-14 16:45:47.787 [info] > git check-ignore -v -z --stdin [6ms]
2023-07-14 16:45:49.035 [info] > git check-ignore -v -z --stdin [8ms]
2023-07-14 16:46:29.337 [info] > git config --get commit.template [22ms]
2023-07-14 16:46:29.344 [info] > git for-each-ref --format=%(refname)%00%(upstream:short)%00%(objectname)%00%(upstream:track)%00%(upstream:remotename)%00%(upstream:remoteref) refs/heads/net refs/remotes/net [8ms]
2023-07-14 16:46:29.389 [info] > git status -z -uall [29ms]
