2023-07-21 09:26:21.519 [info] 日志级别: Info
2023-07-21 09:26:21.520 [info] 正在验证在以下位置找到的 git: "git"
2023-07-21 09:26:21.520 [info] 将使用位于 "2.25.1" 的 Git "git"
2023-07-21 09:26:21.520 [info] > git rev-parse --show-toplevel [9ms]
2023-07-21 09:26:21.520 [info] fatal: not a git repository (or any of the parent directories): .git
2023-07-21 09:26:21.520 [info] > git rev-parse --show-toplevel [12ms]
2023-07-21 09:26:21.521 [info] > git rev-parse --git-dir --git-common-dir [9ms]
2023-07-21 09:26:21.532 [info] Open repository: /home/funny/lab5
2023-07-21 09:26:21.566 [info] > git rev-parse --show-toplevel [18ms]
2023-07-21 09:26:21.566 [info] fatal: not a git repository (or any of the parent directories): .git
2023-07-21 09:26:21.584 [info] > git config --get commit.template [23ms]
2023-07-21 09:26:21.600 [info] > git rev-parse --show-toplevel [21ms]
2023-07-21 09:26:21.601 [info] fatal: not a git repository (or any of the parent directories): .git
2023-07-21 09:26:21.670 [info] > git for-each-ref --format=%(refname)%00%(upstream:short)%00%(objectname)%00%(upstream:track)%00%(upstream:remotename)%00%(upstream:remoteref) refs/heads/lazy refs/remotes/lazy [72ms]
2023-07-21 09:26:21.685 [info] > git rev-parse --show-toplevel [71ms]
2023-07-21 09:26:21.685 [info] fatal: not a git repository (or any of the parent directories): .git
2023-07-21 09:26:21.703 [info] > git rev-parse --show-toplevel [6ms]
2023-07-21 09:26:21.703 [info] fatal: not a git repository (or any of the parent directories): .git
2023-07-21 09:26:21.721 [info] > git status -z -uall [38ms]
2023-07-21 09:26:21.729 [info] > git rev-parse --show-toplevel [10ms]
2023-07-21 09:26:21.758 [info] > git rev-parse --git-dir --git-common-dir [18ms]
2023-07-21 09:26:21.763 [info] Open repository: /home/funny/lab1
2023-07-21 09:26:21.805 [info] > git config --get commit.template [51ms]
2023-07-21 09:26:21.813 [info] > git config --get commit.template [12ms]
2023-07-21 09:26:21.813 [info] > git for-each-ref --format=%(refname)%00%(upstream:short)%00%(objectname)%00%(upstream:track)%00%(upstream:remotename)%00%(upstream:remoteref) refs/heads/lazy refs/remotes/lazy [25ms]
2023-07-21 09:26:21.826 [info] > git rev-parse --show-toplevel [52ms]
2023-07-21 09:26:21.865 [info] > git status -z -uall [39ms]
2023-07-21 09:26:21.866 [info] > git rev-parse --git-dir --git-common-dir [25ms]
2023-07-21 09:26:21.868 [info] Open repository: /home/funny/lab10
2023-07-21 09:26:21.914 [info] > git for-each-ref --format=%(refname)%00%(upstream:short)%00%(objectname)%00%(upstream:track)%00%(upstream:remotename)%00%(upstream:remoteref) refs/heads/util refs/remotes/util [18ms]
2023-07-21 09:26:21.926 [info] > git rev-parse --show-toplevel [45ms]
2023-07-21 09:26:21.940 [info] > git status -z -uall [15ms]
2023-07-21 09:26:21.945 [info] > git config --get commit.template [35ms]
2023-07-21 09:26:21.960 [info] > git rev-parse --git-dir --git-common-dir [22ms]
2023-07-21 09:26:21.964 [info] Open repository: /home/funny/lab11
2023-07-21 09:26:22.006 [info] > git for-each-ref --format=%(refname)%00%(upstream:short)%00%(objectname)%00%(upstream:track)%00%(upstream:remotename)%00%(upstream:remoteref) refs/heads/mmap refs/remotes/mmap [47ms]
2023-07-21 09:26:22.027 [info] > git config --get commit.template [23ms]
2023-07-21 09:26:22.028 [info] > git config --get commit.template [35ms]
2023-07-21 09:26:22.028 [info] > git rev-parse --show-toplevel [51ms]
2023-07-21 09:26:22.063 [info] > git status -z -uall [44ms]
2023-07-21 09:26:22.064 [info] > git rev-parse --git-dir --git-common-dir [22ms]
2023-07-21 09:26:22.068 [info] Open repository: /home/funny/lab2
2023-07-21 09:26:22.155 [info] > git check-ignore -v -z --stdin [53ms]
2023-07-21 09:26:22.157 [info] > git rev-parse --show-toplevel [74ms]
2023-07-21 09:26:22.173 [info] > git for-each-ref --format=%(refname)%00%(upstream:short)%00%(objectname)%00%(upstream:track)%00%(upstream:remotename)%00%(upstream:remoteref) refs/heads/util refs/remotes/util [112ms]
2023-07-21 09:26:22.209 [info] > git status -z -uall [20ms]
2023-07-21 09:26:22.209 [info] > git rev-parse --git-dir --git-common-dir [37ms]
2023-07-21 09:26:22.213 [info] Open repository: /home/funny/lab3
2023-07-21 09:26:22.230 [info] > git config --get commit.template [80ms]
2023-07-21 09:26:22.230 [info] > git for-each-ref --format=%(refname)%00%(upstream:short)%00%(objectname)%00%(upstream:track)%00%(upstream:remotename)%00%(upstream:remoteref) refs/heads/net refs/remotes/net [96ms]
2023-07-21 09:26:22.264 [info] > git rev-parse --show-toplevel [34ms]
2023-07-21 09:26:22.277 [info] > git config --get commit.template [69ms]
2023-07-21 09:26:22.294 [info] > git status -z -uall [51ms]
2023-07-21 09:26:22.295 [info] > git config --get commit.template [37ms]
2023-07-21 09:26:22.333 [info] > git rev-parse --git-dir --git-common-dir [56ms]
2023-07-21 09:26:22.337 [info] Open repository: /home/funny/lab4
2023-07-21 09:26:22.385 [info] > git config --get commit.template [53ms]
2023-07-21 09:26:22.386 [info] > git for-each-ref --format=%(refname)%00%(upstream:short)%00%(objectname)%00%(upstream:track)%00%(upstream:remotename)%00%(upstream:remoteref) refs/heads/mmap refs/remotes/mmap [67ms]
2023-07-21 09:26:22.398 [info] > git for-each-ref --format=%(refname)%00%(upstream:short)%00%(objectname)%00%(upstream:track)%00%(upstream:remotename)%00%(upstream:remoteref) refs/heads/syscall refs/remotes/syscall [105ms]
2023-07-21 09:26:22.422 [info] > git status -z -uall [24ms]
2023-07-21 09:26:22.422 [info] > git config --get commit.template [38ms]
2023-07-21 09:26:22.423 [info] > git for-each-ref --format=%(refname)%00%(upstream:short)%00%(objectname)%00%(upstream:track)%00%(upstream:remotename)%00%(upstream:remoteref) refs/heads/pgtbl refs/remotes/pgtbl [54ms]
2023-07-21 09:26:22.437 [info] > git rev-parse --show-toplevel [86ms]
2023-07-21 09:26:22.464 [info] > git status -z -uall [53ms]
2023-07-21 09:26:22.506 [info] > git status -z -uall [70ms]
2023-07-21 09:26:22.506 [info] > git rev-parse --git-dir --git-common-dir [56ms]
2023-07-21 09:26:22.509 [info] Open repository: /home/funny/lab6
2023-07-21 09:26:22.547 [info] > git rev-parse --show-toplevel [25ms]
2023-07-21 09:26:22.561 [info] > git config --get commit.template [62ms]
2023-07-21 09:26:22.562 [info] > git for-each-ref --format=%(refname)%00%(upstream:short)%00%(objectname)%00%(upstream:track)%00%(upstream:remotename)%00%(upstream:remoteref) refs/heads/traps refs/remotes/traps [78ms]
2023-07-21 09:26:22.575 [info] > git for-each-ref --format=%(refname)%00%(upstream:short)%00%(objectname)%00%(upstream:track)%00%(upstream:remotename)%00%(upstream:remoteref) refs/heads/net refs/remotes/net [112ms]
2023-07-21 09:26:22.610 [info] > git status -z -uall [35ms]
2023-07-21 09:26:22.610 [info] > git rev-parse --git-dir --git-common-dir [49ms]
2023-07-21 09:26:22.614 [info] Open repository: /home/funny/lab7
2023-07-21 09:26:22.628 [info] > git config --get commit.template [83ms]
2023-07-21 09:26:22.661 [info] > git status -z -uall [73ms]
2023-07-21 09:26:22.662 [info] > git config --get commit.template [56ms]
2023-07-21 09:26:22.731 [info] > git check-ignore -v -z --stdin [48ms]
2023-07-21 09:26:22.732 [info] > git config --get commit.template [72ms]
2023-07-21 09:26:22.732 [info] > git for-each-ref --format=%(refname)%00%(upstream:short)%00%(objectname)%00%(upstream:track)%00%(upstream:remotename)%00%(upstream:remoteref) refs/heads/syscall refs/remotes/syscall [87ms]
2023-07-21 09:26:22.746 [info] > git rev-parse --show-toplevel [117ms]
2023-07-21 09:26:22.761 [info] > git status -z -uall [16ms]
2023-07-21 09:26:22.763 [info] > git config --get commit.template [36ms]
2023-07-21 09:26:22.763 [info] > git for-each-ref --format=%(refname)%00%(upstream:short)%00%(objectname)%00%(upstream:track)%00%(upstream:remotename)%00%(upstream:remoteref) refs/heads/pgtbl refs/remotes/pgtbl [51ms]
2023-07-21 09:26:22.776 [info] > git for-each-ref --format=%(refname)%00%(upstream:short)%00%(objectname)%00%(upstream:track)%00%(upstream:remotename)%00%(upstream:remoteref) refs/heads/cow refs/remotes/cow [77ms]
2023-07-21 09:26:22.809 [info] > git status -z -uall [33ms]
2023-07-21 09:26:22.809 [info] > git rev-parse --git-dir --git-common-dir [50ms]
2023-07-21 09:26:22.812 [info] Open repository: /home/funny/lab8
2023-07-21 09:26:22.856 [info] > git status -z -uall [67ms]
2023-07-21 09:26:22.856 [info] > git for-each-ref --format=%(refname)%00%(upstream:short)%00%(objectname)%00%(upstream:track)%00%(upstream:remotename)%00%(upstream:remoteref) refs/heads/thread refs/remotes/thread [49ms]
2023-07-21 09:26:22.895 [info] > git config --get commit.template [40ms]
2023-07-21 09:26:22.896 [info] > git for-each-ref --format=%(refname)%00%(upstream:short)%00%(objectname)%00%(upstream:track)%00%(upstream:remotename)%00%(upstream:remoteref) refs/heads/traps refs/remotes/traps [53ms]
2023-07-21 09:26:22.910 [info] > git rev-parse --show-toplevel [84ms]
2023-07-21 09:26:22.925 [info] > git status -z -uall [55ms]
2023-07-21 09:26:22.925 [info] > git config --get commit.template [34ms]
2023-07-21 09:26:22.945 [info] > git status -z -uall [35ms]
2023-07-21 09:26:22.946 [info] > git rev-parse --git-dir --git-common-dir [24ms]
2023-07-21 09:26:22.949 [info] Open repository: /home/funny/lab9
2023-07-21 09:26:23.002 [info] > git for-each-ref --format=%(refname)%00%(upstream:short)%00%(objectname)%00%(upstream:track)%00%(upstream:remotename)%00%(upstream:remoteref) refs/heads/lock refs/remotes/lock [58ms]
2023-07-21 09:26:23.027 [info] > git config --get commit.template [26ms]
2023-07-21 09:26:23.027 [info] > git for-each-ref --format=%(refname)%00%(upstream:short)%00%(objectname)%00%(upstream:track)%00%(upstream:remotename)%00%(upstream:remoteref) refs/heads/cow refs/remotes/cow [42ms]
2023-07-21 09:26:23.044 [info] > git config --get commit.template [75ms]
2023-07-21 09:26:23.089 [info] > git status -z -uall [69ms]
2023-07-21 09:26:23.089 [info] > git status -z -uall [46ms]
2023-07-21 09:26:23.094 [info] > git for-each-ref --format=%(refname)%00%(upstream:short)%00%(objectname)%00%(upstream:track)%00%(upstream:remotename)%00%(upstream:remoteref) refs/heads/thread refs/remotes/thread [31ms]
2023-07-21 09:26:23.124 [info] > git for-each-ref --format=%(refname)%00%(upstream:short)%00%(objectname)%00%(upstream:track)%00%(upstream:remotename)%00%(upstream:remoteref) refs/heads/fs refs/remotes/fs [36ms]
2023-07-21 09:26:23.140 [info] > git status -z -uall [32ms]
2023-07-21 09:26:23.140 [info] > git config --get commit.template [18ms]
2023-07-21 09:26:23.169 [info] > git for-each-ref --format=%(refname)%00%(upstream:short)%00%(objectname)%00%(upstream:track)%00%(upstream:remotename)%00%(upstream:remoteref) refs/heads/lock refs/remotes/lock [8ms]
2023-07-21 09:26:23.185 [info] > git status -z -uall [47ms]
2023-07-21 09:26:23.209 [info] > git status -z -uall [24ms]
2023-07-21 09:26:23.226 [info] > git config --get commit.template [21ms]
2023-07-21 09:26:23.244 [info] > git for-each-ref --format=%(refname)%00%(upstream:short)%00%(objectname)%00%(upstream:track)%00%(upstream:remotename)%00%(upstream:remoteref) refs/heads/fs refs/remotes/fs [19ms]
2023-07-21 09:26:23.264 [info] > git check-ignore -v -z --stdin [22ms]
2023-07-21 09:26:23.282 [info] > git status -z -uall [22ms]
2023-07-21 09:26:23.645 [info] > git show --textconv :kernel/vm.c [13ms]
2023-07-21 09:26:23.650 [info] > git ls-files --stage -- /home/funny/lab5/kernel/vm.c [5ms]
2023-07-21 09:26:23.668 [info] > git cat-file -s bccb405307c25599aa8c983386a5a17ef1fab3aa [6ms]
2023-07-21 09:26:34.306 [info] > git check-ignore -v -z --stdin [5ms]
2023-07-21 09:26:35.758 [info] > git show --textconv :kernel/sysproc.c [12ms]
2023-07-21 09:26:35.762 [info] > git ls-files --stage -- /home/funny/lab5/kernel/sysproc.c [4ms]
2023-07-21 09:26:35.781 [info] > git cat-file -s e8bcda971ebad2c2b3801fb1d11670a2f37e9483 [5ms]
2023-07-21 09:30:50.023 [info] > git show --textconv :kernel/trap.c [13ms]
2023-07-21 09:30:50.026 [info] > git ls-files --stage -- /home/funny/lab5/kernel/trap.c [5ms]
2023-07-21 09:30:50.041 [info] > git cat-file -s a63249e4e0e3fc829e6a23bc15242c8efcc4542c [5ms]
2023-07-21 09:33:37.478 [info] > git check-ignore -v -z --stdin [7ms]
2023-07-21 09:33:47.630 [info] > git show --textconv :kernel/proc.c [10ms]
2023-07-21 09:33:47.635 [info] > git ls-files --stage -- /home/funny/lab5/kernel/proc.c [6ms]
2023-07-21 09:33:47.649 [info] > git cat-file -s ebbf5a239f136606967f39f3f209547428ba5e67 [5ms]
2023-07-21 09:39:06.437 [info] > git show --textconv :kernel/sysproc.c [11ms]
2023-07-21 09:39:06.441 [info] > git ls-files --stage -- /home/funny/lab5/kernel/sysproc.c [5ms]
2023-07-21 09:39:06.455 [info] > git cat-file -s e8bcda971ebad2c2b3801fb1d11670a2f37e9483 [4ms]
