2023-07-23 10:10:59.848 [info] 日志级别: Info
2023-07-23 10:10:59.848 [info] 正在验证在以下位置找到的 git: "git"
2023-07-23 10:10:59.848 [info] 将使用位于 "2.25.1" 的 Git "git"
2023-07-23 10:10:59.848 [info] > git rev-parse --show-toplevel [15ms]
2023-07-23 10:10:59.848 [info] fatal: not a git repository (or any of the parent directories): .git
2023-07-23 10:10:59.848 [info] > git rev-parse --show-toplevel [11ms]
2023-07-23 10:10:59.848 [info] fatal: not a git repository (or any of the parent directories): .git
2023-07-23 10:10:59.848 [info] > git rev-parse --show-toplevel [48ms]
2023-07-23 10:10:59.848 [info] fatal: not a git repository (or any of the parent directories): .git
2023-07-23 10:10:59.852 [info] > git rev-parse --show-toplevel [5ms]
2023-07-23 10:10:59.852 [info] fatal: not a git repository (or any of the parent directories): .git
2023-07-23 10:10:59.872 [info] > git rev-parse --show-toplevel [5ms]
2023-07-23 10:10:59.872 [info] fatal: not a git repository (or any of the parent directories): .git
2023-07-23 10:10:59.888 [info] > git rev-parse --show-toplevel [5ms]
2023-07-23 10:10:59.903 [info] > git rev-parse --git-dir --git-common-dir [4ms]
2023-07-23 10:10:59.914 [info] Open repository: /home/funny/lab1
2023-07-23 10:10:59.954 [info] > git config --get commit.template [7ms]
2023-07-23 10:10:59.954 [info] > git rev-parse --show-toplevel [23ms]
2023-07-23 10:10:59.981 [info] > git rev-parse --git-dir --git-common-dir [15ms]
2023-07-23 10:10:59.985 [info] Open repository: /home/funny/lab10
2023-07-23 10:11:00.015 [info] > git for-each-ref --format=%(refname)%00%(upstream:short)%00%(objectname)%00%(upstream:track)%00%(upstream:remotename)%00%(upstream:remoteref) refs/heads/util refs/remotes/util [36ms]
2023-07-23 10:11:00.042 [info] > git config --get commit.template [28ms]
2023-07-23 10:11:00.042 [info] > git rev-parse --show-toplevel [45ms]
2023-07-23 10:11:00.070 [info] > git status -z -uall [35ms]
2023-07-23 10:11:00.095 [info] > git rev-parse --git-dir --git-common-dir [37ms]
2023-07-23 10:11:00.102 [info] Open repository: /home/funny/lab11
2023-07-23 10:11:00.164 [info] > git for-each-ref --format=%(refname)%00%(upstream:short)%00%(objectname)%00%(upstream:track)%00%(upstream:remotename)%00%(upstream:remoteref) refs/heads/mmap refs/remotes/mmap [72ms]
2023-07-23 10:11:00.206 [info] > git config --get commit.template [54ms]
2023-07-23 10:11:00.206 [info] > git config --get commit.template [70ms]
2023-07-23 10:11:00.206 [info] > git rev-parse --show-toplevel [88ms]
2023-07-23 10:11:00.234 [info] > git status -z -uall [55ms]
2023-07-23 10:11:00.268 [info] > git for-each-ref --format=%(refname)%00%(upstream:short)%00%(objectname)%00%(upstream:track)%00%(upstream:remotename)%00%(upstream:remoteref) refs/heads/util refs/remotes/util [36ms]
2023-07-23 10:11:00.279 [info] > git rev-parse --git-dir --git-common-dir [61ms]
2023-07-23 10:11:00.284 [info] Open repository: /home/funny/lab2
2023-07-23 10:11:00.316 [info] > git status -z -uall [36ms]
2023-07-23 10:11:00.319 [info] > git config --get commit.template [54ms]
2023-07-23 10:11:00.320 [info] > git for-each-ref --format=%(refname)%00%(upstream:short)%00%(objectname)%00%(upstream:track)%00%(upstream:remotename)%00%(upstream:remoteref) refs/heads/net refs/remotes/net [67ms]
2023-07-23 10:11:00.340 [info] > git config --get commit.template [26ms]
2023-07-23 10:11:00.341 [info] > git rev-parse --show-toplevel [43ms]
2023-07-23 10:11:00.374 [info] > git status -z -uall [42ms]
2023-07-23 10:11:00.374 [info] > git rev-parse --git-dir --git-common-dir [18ms]
2023-07-23 10:11:00.378 [info] Open repository: /home/funny/lab3
2023-07-23 10:11:00.425 [info] > git for-each-ref --format=%(refname)%00%(upstream:short)%00%(objectname)%00%(upstream:track)%00%(upstream:remotename)%00%(upstream:remoteref) refs/heads/mmap refs/remotes/mmap [53ms]
2023-07-23 10:11:00.461 [info] > git status -z -uall [25ms]
2023-07-23 10:11:00.461 [info] > git config --get commit.template [37ms]
2023-07-23 10:11:00.461 [info] > git for-each-ref --format=%(refname)%00%(upstream:short)%00%(objectname)%00%(upstream:track)%00%(upstream:remotename)%00%(upstream:remoteref) refs/heads/syscall refs/remotes/syscall [52ms]
2023-07-23 10:11:00.473 [info] > git rev-parse --show-toplevel [79ms]
2023-07-23 10:11:00.488 [info] > git status -z -uall [15ms]
2023-07-23 10:11:00.492 [info] > git config --get commit.template [34ms]
2023-07-23 10:11:00.521 [info] > git rev-parse --git-dir --git-common-dir [35ms]
2023-07-23 10:11:00.525 [info] Open repository: /home/funny/lab4
2023-07-23 10:11:00.570 [info] > git config --get commit.template [49ms]
2023-07-23 10:11:00.570 [info] > git for-each-ref --format=%(refname)%00%(upstream:short)%00%(objectname)%00%(upstream:track)%00%(upstream:remotename)%00%(upstream:remoteref) refs/heads/pgtbl refs/remotes/pgtbl [63ms]
2023-07-23 10:11:00.601 [info] > git config --get commit.template [32ms]
2023-07-23 10:11:00.601 [info] > git for-each-ref --format=%(refname)%00%(upstream:short)%00%(objectname)%00%(upstream:track)%00%(upstream:remotename)%00%(upstream:remoteref) refs/heads/net refs/remotes/net [47ms]
2023-07-23 10:11:00.617 [info] > git rev-parse --show-toplevel [78ms]
2023-07-23 10:11:00.657 [info] > git status -z -uall [75ms]
2023-07-23 10:11:00.658 [info] > git check-ignore -v -z --stdin [62ms]
2023-07-23 10:11:00.660 [info] > git status -z -uall [44ms]
2023-07-23 10:11:00.660 [info] > git rev-parse --git-dir --git-common-dir [29ms]
2023-07-23 10:11:00.663 [info] Open repository: /home/funny/lab5
2023-07-23 10:11:00.709 [info] > git rev-parse --show-toplevel [33ms]
2023-07-23 10:11:00.722 [info] > git for-each-ref --format=%(refname)%00%(upstream:short)%00%(objectname)%00%(upstream:track)%00%(upstream:remotename)%00%(upstream:remoteref) refs/heads/syscall refs/remotes/syscall [68ms]
2023-07-23 10:11:00.758 [info] > git status -z -uall [22ms]
2023-07-23 10:11:00.758 [info] > git rev-parse --git-dir --git-common-dir [36ms]
2023-07-23 10:11:00.762 [info] Open repository: /home/funny/lab6
2023-07-23 10:11:00.777 [info] > git config --get commit.template [69ms]
2023-07-23 10:11:00.777 [info] > git for-each-ref --format=%(refname)%00%(upstream:short)%00%(objectname)%00%(upstream:track)%00%(upstream:remotename)%00%(upstream:remoteref) refs/heads/traps refs/remotes/traps [83ms]
2023-07-23 10:11:00.810 [info] > git rev-parse --show-toplevel [33ms]
2023-07-23 10:11:00.824 [info] > git config --get commit.template [70ms]
2023-07-23 10:11:00.864 [info] > git status -z -uall [74ms]
2023-07-23 10:11:00.864 [info] > git rev-parse --git-dir --git-common-dir [41ms]
2023-07-23 10:11:00.869 [info] Open repository: /home/funny/lab7
2023-07-23 10:11:00.884 [info] > git config --get commit.template [75ms]
2023-07-23 10:11:00.929 [info] > git rev-parse --show-toplevel [45ms]
2023-07-23 10:11:00.943 [info] > git for-each-ref --format=%(refname)%00%(upstream:short)%00%(objectname)%00%(upstream:track)%00%(upstream:remotename)%00%(upstream:remoteref) refs/heads/pgtbl refs/remotes/pgtbl [83ms]
2023-07-23 10:11:00.957 [info] > git for-each-ref --format=%(refname)%00%(upstream:short)%00%(objectname)%00%(upstream:track)%00%(upstream:remotename)%00%(upstream:remoteref) refs/heads/lazy refs/remotes/lazy [115ms]
2023-07-23 10:11:00.994 [info] > git status -z -uall [38ms]
2023-07-23 10:11:00.994 [info] > git rev-parse --git-dir --git-common-dir [52ms]
2023-07-23 10:11:00.998 [info] Open repository: /home/funny/lab8
2023-07-23 10:11:01.012 [info] > git config --get commit.template [88ms]
2023-07-23 10:11:01.012 [info] > git config --get commit.template [104ms]
2023-07-23 10:11:01.030 [info] > git status -z -uall [57ms]
2023-07-23 10:11:01.031 [info] > git rev-parse --show-toplevel [19ms]
2023-07-23 10:11:01.043 [info] > git for-each-ref --format=%(refname)%00%(upstream:short)%00%(objectname)%00%(upstream:track)%00%(upstream:remotename)%00%(upstream:remoteref) refs/heads/cow refs/remotes/cow [52ms]
2023-07-23 10:11:01.104 [info] > git status -z -uall [49ms]
2023-07-23 10:11:01.104 [info] > git rev-parse --git-dir --git-common-dir [61ms]
2023-07-23 10:11:01.107 [info] Open repository: /home/funny/lab9
2023-07-23 10:11:01.111 [info] > git config --get commit.template [82ms]
2023-07-23 10:11:01.146 [info] > git config --get commit.template [46ms]
2023-07-23 10:11:01.146 [info] > git for-each-ref --format=%(refname)%00%(upstream:short)%00%(objectname)%00%(upstream:track)%00%(upstream:remotename)%00%(upstream:remoteref) refs/heads/traps refs/remotes/traps [58ms]
2023-07-23 10:11:01.163 [info] > git for-each-ref --format=%(refname)%00%(upstream:short)%00%(objectname)%00%(upstream:track)%00%(upstream:remotename)%00%(upstream:remoteref) refs/heads/thread refs/remotes/thread [88ms]
2023-07-23 10:11:01.217 [info] > git check-ignore -v -z --stdin [92ms]
2023-07-23 10:11:01.219 [info] > git status -z -uall [56ms]
2023-07-23 10:11:01.219 [info] > git status -z -uall [39ms]
2023-07-23 10:11:01.222 [info] > git config --get commit.template [82ms]
2023-07-23 10:11:01.241 [info] > git config --get commit.template [25ms]
2023-07-23 10:11:01.241 [info] > git for-each-ref --format=%(refname)%00%(upstream:short)%00%(objectname)%00%(upstream:track)%00%(upstream:remotename)%00%(upstream:remoteref) refs/heads/lock refs/remotes/lock [40ms]
2023-07-23 10:11:01.276 [info] > git for-each-ref --format=%(refname)%00%(upstream:short)%00%(objectname)%00%(upstream:track)%00%(upstream:remotename)%00%(upstream:remoteref) refs/heads/lazy refs/remotes/lazy [35ms]
2023-07-23 10:11:01.320 [info] > git status -z -uall [66ms]
2023-07-23 10:11:01.320 [info] > git status -z -uall [31ms]
2023-07-23 10:11:01.321 [info] > git for-each-ref --format=%(refname)%00%(upstream:short)%00%(objectname)%00%(upstream:track)%00%(upstream:remotename)%00%(upstream:remoteref) refs/heads/fs refs/remotes/fs [49ms]
2023-07-23 10:11:01.363 [info] > git for-each-ref --format=%(refname)%00%(upstream:short)%00%(objectname)%00%(upstream:track)%00%(upstream:remotename)%00%(upstream:remoteref) refs/heads/cow refs/remotes/cow [45ms]
2023-07-23 10:11:01.377 [info] > git config --get commit.template [71ms]
2023-07-23 10:11:01.397 [info] > git status -z -uall [59ms]
2023-07-23 10:11:01.397 [info] > git status -z -uall [20ms]
2023-07-23 10:11:01.397 [info] > git config --get commit.template [36ms]
2023-07-23 10:11:01.433 [info] > git for-each-ref --format=%(refname)%00%(upstream:short)%00%(objectname)%00%(upstream:track)%00%(upstream:remotename)%00%(upstream:remoteref) refs/heads/thread refs/remotes/thread [37ms]
2023-07-23 10:11:01.449 [info] > git config --get commit.template [17ms]
2023-07-23 10:11:01.449 [info] > git for-each-ref --format=%(refname)%00%(upstream:short)%00%(objectname)%00%(upstream:track)%00%(upstream:remotename)%00%(upstream:remoteref) refs/heads/lock refs/remotes/lock [31ms]
2023-07-23 10:11:01.477 [info] > git status -z -uall [31ms]
2023-07-23 10:11:01.485 [info] > git status -z -uall [22ms]
2023-07-23 10:11:01.486 [info] > git for-each-ref --format=%(refname)%00%(upstream:short)%00%(objectname)%00%(upstream:track)%00%(upstream:remotename)%00%(upstream:remoteref) refs/heads/fs refs/remotes/fs [9ms]
2023-07-23 10:11:01.518 [info] > git status -z -uall [18ms]
2023-07-23 10:11:01.661 [info] > git check-ignore -v -z --stdin [5ms]
2023-07-23 10:11:12.379 [info] > git check-ignore -v -z --stdin [78ms]
2023-07-23 10:11:12.381 [info] > git check-ignore -v -z --stdin [69ms]
2023-07-23 10:11:12.381 [info] > git check-ignore -v -z --stdin [56ms]
2023-07-23 10:11:12.381 [info] > git check-ignore -v -z --stdin [44ms]
2023-07-23 10:11:12.382 [info] > git check-ignore -v -z --stdin [34ms]
2023-07-23 10:11:12.383 [info] > git check-ignore -v -z --stdin [27ms]
2023-07-23 10:11:12.383 [info] > git check-ignore -v -z --stdin [17ms]
2023-07-23 10:11:12.384 [info] > git check-ignore -v -z --stdin [8ms]
2023-07-23 10:11:13.133 [info] > git check-ignore -v -z --stdin [12ms]
2023-07-23 10:11:13.136 [info] > git check-ignore -v -z --stdin [5ms]
2023-07-23 10:11:13.893 [info] > git check-ignore -v -z --stdin [4ms]
2023-07-23 10:11:14.717 [info] > git check-ignore -v -z --stdin [12ms]
2023-07-23 10:11:14.720 [info] > git check-ignore -v -z --stdin [4ms]
2023-07-23 10:11:15.502 [info] > git check-ignore -v -z --stdin [4ms]
2023-07-23 10:11:22.289 [info] > git check-ignore -v -z --stdin [4ms]
2023-07-23 10:11:22.898 [info] > git check-ignore -v -z --stdin [4ms]
2023-07-23 10:11:24.004 [info] > git show --textconv :kernel/e1000.c [17ms]
2023-07-23 10:11:24.008 [info] > git ls-files --stage -- /home/funny/lab11/kernel/e1000.c [4ms]
2023-07-23 10:11:24.027 [info] > git cat-file -s 70a2adf968a645086a43e3b0136d97f3ce2b39b9 [5ms]
2023-07-23 10:23:46.609 [info] > git check-ignore -v -z --stdin [7ms]
2023-07-23 10:23:47.184 [info] > git check-ignore -v -z --stdin [5ms]
2023-07-23 10:23:47.849 [info] > git check-ignore -v -z --stdin [6ms]
2023-07-23 10:23:48.405 [info] > git check-ignore -v -z --stdin [5ms]
2023-07-23 10:24:32.563 [info] > git config --get commit.template [20ms]
2023-07-23 10:24:32.572 [info] > git for-each-ref --format=%(refname)%00%(upstream:short)%00%(objectname)%00%(upstream:track)%00%(upstream:remotename)%00%(upstream:remoteref) refs/heads/net refs/remotes/net [12ms]
2023-07-23 10:24:32.615 [info] > git status -z -uall [26ms]
2023-07-23 10:24:39.934 [info] > git config --get commit.template [17ms]
2023-07-23 10:24:39.943 [info] > git for-each-ref --format=%(refname)%00%(upstream:short)%00%(objectname)%00%(upstream:track)%00%(upstream:remotename)%00%(upstream:remoteref) refs/heads/net refs/remotes/net [11ms]
2023-07-23 10:24:39.982 [info] > git status -z -uall [27ms]
