2023-07-20 09:29:03.356 [info] 日志级别: Info
2023-07-20 09:29:03.356 [info] 正在验证在以下位置找到的 git: "git"
2023-07-20 09:29:03.356 [info] 将使用位于 "2.25.1" 的 Git "git"
2023-07-20 09:29:03.356 [info] > git rev-parse --show-toplevel [10ms]
2023-07-20 09:29:03.356 [info] fatal: not a git repository (or any of the parent directories): .git
2023-07-20 09:29:03.357 [info] > git rev-parse --show-toplevel [9ms]
2023-07-20 09:29:03.418 [info] > git rev-parse --git-dir --git-common-dir [47ms]
2023-07-20 09:29:03.430 [info] Open repository: /home/funny/lab2
2023-07-20 09:29:03.478 [info] > git rev-parse --show-toplevel [31ms]
2023-07-20 09:29:03.478 [info] fatal: not a git repository (or any of the parent directories): .git
2023-07-20 09:29:03.498 [info] > git config --get commit.template [35ms]
2023-07-20 09:29:03.518 [info] > git rev-parse --show-toplevel [23ms]
2023-07-20 09:29:03.518 [info] fatal: not a git repository (or any of the parent directories): .git
2023-07-20 09:29:03.534 [info] > git for-each-ref --format=%(refname)%00%(upstream:short)%00%(objectname)%00%(upstream:track)%00%(upstream:remotename)%00%(upstream:remoteref) refs/heads/syscall refs/remotes/syscall [18ms]
2023-07-20 09:29:03.552 [info] > git rev-parse --show-toplevel [21ms]
2023-07-20 09:29:03.552 [info] fatal: not a git repository (or any of the parent directories): .git
2023-07-20 09:29:03.571 [info] > git status -z -uall [21ms]
2023-07-20 09:29:03.580 [info] > git rev-parse --show-toplevel [11ms]
2023-07-20 09:29:03.580 [info] fatal: not a git repository (or any of the parent directories): .git
2023-07-20 09:29:03.610 [info] > git rev-parse --show-toplevel [14ms]
2023-07-20 09:29:03.640 [info] > git config --get commit.template [32ms]
2023-07-20 09:29:03.641 [info] > git rev-parse --git-dir --git-common-dir [17ms]
2023-07-20 09:29:03.646 [info] Open repository: /home/funny/lab1
2023-07-20 09:29:03.676 [info] > git for-each-ref --format=%(refname)%00%(upstream:short)%00%(objectname)%00%(upstream:track)%00%(upstream:remotename)%00%(upstream:remoteref) refs/heads/syscall refs/remotes/syscall [38ms]
2023-07-20 09:29:03.721 [info] > git status -z -uall [29ms]
2023-07-20 09:29:03.723 [info] > git config --get commit.template [49ms]
2023-07-20 09:29:03.723 [info] > git rev-parse --show-toplevel [63ms]
2023-07-20 09:29:03.753 [info] > git rev-parse --git-dir --git-common-dir [16ms]
2023-07-20 09:29:03.759 [info] Open repository: /home/funny/lab10
2023-07-20 09:29:03.793 [info] > git for-each-ref --format=%(refname)%00%(upstream:short)%00%(objectname)%00%(upstream:track)%00%(upstream:remotename)%00%(upstream:remoteref) refs/heads/util refs/remotes/util [42ms]
2023-07-20 09:29:03.808 [info] > git config --get commit.template [17ms]
2023-07-20 09:29:03.808 [info] > git rev-parse --show-toplevel [34ms]
2023-07-20 09:29:03.827 [info] > git status -z -uall [21ms]
2023-07-20 09:29:03.828 [info] > git rev-parse --git-dir --git-common-dir [7ms]
2023-07-20 09:29:03.832 [info] Open repository: /home/funny/lab11
2023-07-20 09:29:03.890 [info] > git rev-parse --show-toplevel [42ms]
2023-07-20 09:29:03.925 [info] > git config --get commit.template [37ms]
2023-07-20 09:29:03.925 [info] > git for-each-ref --format=%(refname)%00%(upstream:short)%00%(objectname)%00%(upstream:track)%00%(upstream:remotename)%00%(upstream:remoteref) refs/heads/mmap refs/remotes/mmap [56ms]
2023-07-20 09:29:03.952 [info] > git config --get commit.template [29ms]
2023-07-20 09:29:03.953 [info] > git rev-parse --git-dir --git-common-dir [47ms]
2023-07-20 09:29:03.958 [info] Open repository: /home/funny/lab3
2023-07-20 09:29:04.071 [info] > git status -z -uall [124ms]
2023-07-20 09:29:04.071 [info] > git check-ignore -v -z --stdin [66ms]
2023-07-20 09:29:04.074 [info] > git rev-parse --show-toplevel [93ms]
2023-07-20 09:29:04.097 [info] > git rev-parse --git-dir --git-common-dir [7ms]
2023-07-20 09:29:04.101 [info] Open repository: /home/funny/lab4
2023-07-20 09:29:04.118 [info] > git config --get commit.template [60ms]
2023-07-20 09:29:04.118 [info] > git for-each-ref --format=%(refname)%00%(upstream:short)%00%(objectname)%00%(upstream:track)%00%(upstream:remotename)%00%(upstream:remoteref) refs/heads/util refs/remotes/util [79ms]
2023-07-20 09:29:04.135 [info] > git for-each-ref --format=%(refname)%00%(upstream:short)%00%(objectname)%00%(upstream:track)%00%(upstream:remotename)%00%(upstream:remoteref) refs/heads/net refs/remotes/net [111ms]
2023-07-20 09:29:04.186 [info] > git status -z -uall [51ms]
2023-07-20 09:29:04.189 [info] > git rev-parse --show-toplevel [72ms]
2023-07-20 09:29:04.229 [info] > git status -z -uall [81ms]
2023-07-20 09:29:04.229 [info] > git rev-parse --git-dir --git-common-dir [24ms]
2023-07-20 09:29:04.232 [info] Open repository: /home/funny/lab5
2023-07-20 09:29:04.248 [info] > git config --get commit.template [66ms]
2023-07-20 09:29:04.248 [info] > git config --get commit.template [84ms]
2023-07-20 09:29:04.289 [info] > git rev-parse --show-toplevel [41ms]
2023-07-20 09:29:04.303 [info] > git for-each-ref --format=%(refname)%00%(upstream:short)%00%(objectname)%00%(upstream:track)%00%(upstream:remotename)%00%(upstream:remoteref) refs/heads/pgtbl refs/remotes/pgtbl [75ms]
2023-07-20 09:29:04.355 [info] > git status -z -uall [39ms]
2023-07-20 09:29:04.355 [info] > git rev-parse --git-dir --git-common-dir [53ms]
2023-07-20 09:29:04.358 [info] Open repository: /home/funny/lab6
2023-07-20 09:29:04.373 [info] > git config --get commit.template [91ms]
2023-07-20 09:29:04.374 [info] > git for-each-ref --format=%(refname)%00%(upstream:short)%00%(objectname)%00%(upstream:track)%00%(upstream:remotename)%00%(upstream:remoteref) refs/heads/mmap refs/remotes/mmap [105ms]
2023-07-20 09:29:04.408 [info] > git rev-parse --show-toplevel [35ms]
2023-07-20 09:29:04.423 [info] > git for-each-ref --format=%(refname)%00%(upstream:short)%00%(objectname)%00%(upstream:track)%00%(upstream:remotename)%00%(upstream:remoteref) refs/heads/traps refs/remotes/traps [74ms]
2023-07-20 09:29:04.437 [info] > git config --get commit.template [101ms]
2023-07-20 09:29:04.478 [info] > git status -z -uall [89ms]
2023-07-20 09:29:04.478 [info] > git status -z -uall [42ms]
2023-07-20 09:29:04.478 [info] > git rev-parse --git-dir --git-common-dir [55ms]
2023-07-20 09:29:04.482 [info] Open repository: /home/funny/lab7
2023-07-20 09:29:04.496 [info] > git config --get commit.template [89ms]
2023-07-20 09:29:04.531 [info] > git rev-parse --show-toplevel [35ms]
2023-07-20 09:29:04.544 [info] > git for-each-ref --format=%(refname)%00%(upstream:short)%00%(objectname)%00%(upstream:track)%00%(upstream:remotename)%00%(upstream:remoteref) refs/heads/net refs/remotes/net [70ms]
2023-07-20 09:29:04.557 [info] > git for-each-ref --format=%(refname)%00%(upstream:short)%00%(objectname)%00%(upstream:track)%00%(upstream:remotename)%00%(upstream:remoteref) refs/heads/lazy refs/remotes/lazy [97ms]
2023-07-20 09:29:04.652 [info] > git status -z -uall [96ms]
2023-07-20 09:29:04.652 [info] > git status -z -uall [79ms]
2023-07-20 09:29:04.652 [info] > git check-ignore -v -z --stdin [45ms]
2023-07-20 09:29:04.655 [info] > git rev-parse --git-dir --git-common-dir [112ms]
2023-07-20 09:29:04.659 [info] Open repository: /home/funny/lab8
2023-07-20 09:29:04.674 [info] > git config --get commit.template [145ms]
2023-07-20 09:29:04.674 [info] > git config --get commit.template [160ms]
2023-07-20 09:29:04.714 [info] > git rev-parse --show-toplevel [40ms]
2023-07-20 09:29:04.729 [info] > git config --get commit.template [84ms]
2023-07-20 09:29:04.729 [info] > git for-each-ref --format=%(refname)%00%(upstream:short)%00%(objectname)%00%(upstream:track)%00%(upstream:remotename)%00%(upstream:remoteref) refs/heads/cow refs/remotes/cow [102ms]
2023-07-20 09:29:04.766 [info] > git rev-parse --git-dir --git-common-dir [38ms]
2023-07-20 09:29:04.769 [info] Open repository: /home/funny/lab9
2023-07-20 09:29:04.774 [info] > git config --get commit.template [61ms]
2023-07-20 09:29:04.774 [info] > git for-each-ref --format=%(refname)%00%(upstream:short)%00%(objectname)%00%(upstream:track)%00%(upstream:remotename)%00%(upstream:remoteref) refs/heads/pgtbl refs/remotes/pgtbl [78ms]
2023-07-20 09:29:04.835 [info] > git status -z -uall [93ms]
2023-07-20 09:29:04.835 [info] > git status -z -uall [47ms]
2023-07-20 09:29:04.835 [info] > git for-each-ref --format=%(refname)%00%(upstream:short)%00%(objectname)%00%(upstream:track)%00%(upstream:remotename)%00%(upstream:remoteref) refs/heads/thread refs/remotes/thread [74ms]
2023-07-20 09:29:04.888 [info] > git status -z -uall [38ms]
2023-07-20 09:29:04.888 [info] > git config --get commit.template [54ms]
2023-07-20 09:29:04.888 [info] > git for-each-ref --format=%(refname)%00%(upstream:short)%00%(objectname)%00%(upstream:track)%00%(upstream:remotename)%00%(upstream:remoteref) refs/heads/traps refs/remotes/traps [70ms]
2023-07-20 09:29:04.904 [info] > git config --get commit.template [100ms]
2023-07-20 09:29:04.922 [info] > git config --get commit.template [38ms]
2023-07-20 09:29:04.922 [info] > git for-each-ref --format=%(refname)%00%(upstream:short)%00%(objectname)%00%(upstream:track)%00%(upstream:remotename)%00%(upstream:remoteref) refs/heads/lock refs/remotes/lock [53ms]
2023-07-20 09:29:04.966 [info] > git status -z -uall [63ms]
2023-07-20 09:29:04.966 [info] > git for-each-ref --format=%(refname)%00%(upstream:short)%00%(objectname)%00%(upstream:track)%00%(upstream:remotename)%00%(upstream:remoteref) refs/heads/lazy refs/remotes/lazy [45ms]
2023-07-20 09:29:05.017 [info] > git status -z -uall [82ms]
2023-07-20 09:29:05.017 [info] > git status -z -uall [36ms]
2023-07-20 09:29:05.017 [info] > git for-each-ref --format=%(refname)%00%(upstream:short)%00%(objectname)%00%(upstream:track)%00%(upstream:remotename)%00%(upstream:remoteref) refs/heads/fs refs/remotes/fs [60ms]
2023-07-20 09:29:05.060 [info] > git for-each-ref --format=%(refname)%00%(upstream:short)%00%(objectname)%00%(upstream:track)%00%(upstream:remotename)%00%(upstream:remoteref) refs/heads/cow refs/remotes/cow [45ms]
2023-07-20 09:29:05.078 [info] > git config --get commit.template [79ms]
2023-07-20 09:29:05.100 [info] > git status -z -uall [63ms]
2023-07-20 09:29:05.100 [info] > git config --get commit.template [42ms]
2023-07-20 09:29:05.126 [info] > git status -z -uall [48ms]
2023-07-20 09:29:05.126 [info] > git for-each-ref --format=%(refname)%00%(upstream:short)%00%(objectname)%00%(upstream:track)%00%(upstream:remotename)%00%(upstream:remoteref) refs/heads/thread refs/remotes/thread [28ms]
2023-07-20 09:29:05.162 [info] > git config --get commit.template [39ms]
2023-07-20 09:29:05.182 [info] > git status -z -uall [40ms]
2023-07-20 09:29:05.182 [info] > git for-each-ref --format=%(refname)%00%(upstream:short)%00%(objectname)%00%(upstream:track)%00%(upstream:remotename)%00%(upstream:remoteref) refs/heads/lock refs/remotes/lock [21ms]
2023-07-20 09:29:05.220 [info] > git check-ignore -v -z --stdin [40ms]
2023-07-20 09:29:05.222 [info] > git status -z -uall [23ms]
2023-07-20 09:29:05.228 [info] > git for-each-ref --format=%(refname)%00%(upstream:short)%00%(objectname)%00%(upstream:track)%00%(upstream:remotename)%00%(upstream:remoteref) refs/heads/fs refs/remotes/fs [9ms]
2023-07-20 09:29:05.261 [info] > git status -z -uall [19ms]
2023-07-20 09:29:05.610 [info] > git show --textconv :kernel/sysproc.c [17ms]
2023-07-20 09:29:05.615 [info] > git ls-files --stage -- /home/funny/lab2/kernel/sysproc.c [6ms]
2023-07-20 09:29:05.636 [info] > git cat-file -s e8bcda971ebad2c2b3801fb1d11670a2f37e9483 [5ms]
2023-07-20 09:29:13.323 [info] > git check-ignore -v -z --stdin [221ms]
2023-07-20 09:29:13.324 [info] > git check-ignore -v -z --stdin [202ms]
2023-07-20 09:29:13.325 [info] > git check-ignore -v -z --stdin [180ms]
2023-07-20 09:29:13.325 [info] > git check-ignore -v -z --stdin [155ms]
2023-07-20 09:29:13.325 [info] > git check-ignore -v -z --stdin [127ms]
2023-07-20 09:29:13.326 [info] > git check-ignore -v -z --stdin [102ms]
2023-07-20 09:29:13.326 [info] > git check-ignore -v -z --stdin [74ms]
2023-07-20 09:29:13.326 [info] > git check-ignore -v -z --stdin [52ms]
2023-07-20 09:29:13.327 [info] > git check-ignore -v -z --stdin [34ms]
2023-07-20 09:29:13.328 [info] > git check-ignore -v -z --stdin [14ms]
2023-07-20 09:29:13.843 [info] > git check-ignore -v -z --stdin [6ms]
2023-07-20 09:29:14.890 [info] > git check-ignore -v -z --stdin [7ms]
2023-07-20 09:29:15.461 [info] > git check-ignore -v -z --stdin [8ms]
2023-07-20 09:29:16.170 [info] > git check-ignore -v -z --stdin [5ms]
2023-07-20 09:29:23.762 [info] > git config --get commit.template [13ms]
2023-07-20 09:29:23.768 [info] > git for-each-ref --format=%(refname)%00%(upstream:short)%00%(objectname)%00%(upstream:track)%00%(upstream:remotename)%00%(upstream:remoteref) refs/heads/syscall refs/remotes/syscall [7ms]
2023-07-20 09:29:23.793 [info] > git status -z -uall [13ms]
2023-07-20 09:29:28.824 [info] > git config --get commit.template [12ms]
2023-07-20 09:29:28.832 [info] > git for-each-ref --format=%(refname)%00%(upstream:short)%00%(objectname)%00%(upstream:track)%00%(upstream:remotename)%00%(upstream:remoteref) refs/heads/syscall refs/remotes/syscall [9ms]
2023-07-20 09:29:28.856 [info] > git status -z -uall [12ms]
2023-07-20 09:29:33.891 [info] > git config --get commit.template [14ms]
2023-07-20 09:29:33.896 [info] > git for-each-ref --format=%(refname)%00%(upstream:short)%00%(objectname)%00%(upstream:track)%00%(upstream:remotename)%00%(upstream:remoteref) refs/heads/syscall refs/remotes/syscall [8ms]
2023-07-20 09:29:33.918 [info] > git status -z -uall [11ms]
2023-07-20 10:30:49.399 [info] > git check-ignore -v -z --stdin [5ms]
2023-07-20 10:30:51.151 [info] > git check-ignore -v -z --stdin [6ms]
2023-07-20 10:30:51.820 [info] > git check-ignore -v -z --stdin [11ms]
2023-07-20 10:30:51.826 [info] > git check-ignore -v -z --stdin [7ms]
2023-07-20 10:30:58.935 [info] > git check-ignore -v -z --stdin [4ms]
2023-07-20 10:31:01.993 [info] > git check-ignore -v -z --stdin [6ms]
2023-07-20 10:31:03.604 [info] > git show --textconv :kernel/vm.c [16ms]
2023-07-20 10:31:03.608 [info] > git ls-files --stage -- /home/funny/lab3/kernel/vm.c [5ms]
2023-07-20 10:31:03.623 [info] > git cat-file -s bccb405307c25599aa8c983386a5a17ef1fab3aa [5ms]
2023-07-20 10:37:05.657 [info] > git config --get commit.template [13ms]
2023-07-20 10:37:05.663 [info] > git for-each-ref --format=%(refname)%00%(upstream:short)%00%(objectname)%00%(upstream:track)%00%(upstream:remotename)%00%(upstream:remoteref) refs/heads/pgtbl refs/remotes/pgtbl [7ms]
2023-07-20 10:37:05.697 [info] > git status -z -uall [21ms]
2023-07-20 10:43:44.993 [info] > git show --textconv :kernel/defs.h [16ms]
2023-07-20 10:43:44.998 [info] > git ls-files --stage -- /home/funny/lab3/kernel/defs.h [5ms]
2023-07-20 10:43:45.019 [info] > git cat-file -s a73b4f72e60a45da8b8e448bfb4fed69506c752a [8ms]
2023-07-20 10:46:12.311 [info] > git show --textconv :kernel/exec.c [14ms]
2023-07-20 10:46:12.315 [info] > git ls-files --stage -- /home/funny/lab3/kernel/exec.c [5ms]
2023-07-20 10:46:12.331 [info] > git cat-file -s 0e8762f9f779e64161410112e50f8366097c7c80 [5ms]
2023-07-20 12:45:07.498 [info] > git show --textconv :kernel/proc.d [17ms]
2023-07-20 12:45:07.503 [info] > git ls-files --stage -- /home/funny/lab3/kernel/proc.d [6ms]
2023-07-20 12:45:08.096 [info] > git show --textconv :kernel/proc.h [14ms]
2023-07-20 12:45:08.101 [info] > git ls-files --stage -- /home/funny/lab3/kernel/proc.h [5ms]
2023-07-20 12:45:08.118 [info] > git cat-file -s 9c16ea726d05735e23d0d2f74168c483c017be60 [6ms]
2023-07-20 12:45:09.981 [info] > git show --textconv :kernel/proc.c [13ms]
2023-07-20 12:45:09.986 [info] > git ls-files --stage -- /home/funny/lab3/kernel/proc.c [6ms]
2023-07-20 12:45:10.004 [info] > git cat-file -s dab1e1d338e5cf93e439e6a32941880a32512d2e [6ms]
2023-07-20 12:45:13.672 [info] > git show --textconv :kernel/proc.h [15ms]
2023-07-20 12:45:13.676 [info] > git ls-files --stage -- /home/funny/lab3/kernel/proc.h [6ms]
2023-07-20 12:45:13.700 [info] > git cat-file -s 9c16ea726d05735e23d0d2f74168c483c017be60 [7ms]
2023-07-20 12:55:45.670 [info] > git show --textconv :kernel/defs.h [15ms]
2023-07-20 12:55:45.674 [info] > git ls-files --stage -- /home/funny/lab3/kernel/defs.h [5ms]
2023-07-20 12:55:45.691 [info] > git cat-file -s a73b4f72e60a45da8b8e448bfb4fed69506c752a [5ms]
2023-07-20 12:58:01.546 [info] > git show --textconv :kernel/proc.c [12ms]
2023-07-20 12:58:01.550 [info] > git ls-files --stage -- /home/funny/lab3/kernel/proc.c [4ms]
2023-07-20 12:58:01.566 [info] > git cat-file -s dab1e1d338e5cf93e439e6a32941880a32512d2e [5ms]
2023-07-20 13:18:39.995 [info] > git show --textconv :kernel/defs.h [15ms]
2023-07-20 13:18:39.998 [info] > git ls-files --stage -- /home/funny/lab3/kernel/defs.h [4ms]
2023-07-20 13:18:40.019 [info] > git cat-file -s a73b4f72e60a45da8b8e448bfb4fed69506c752a [5ms]
2023-07-20 14:00:44.707 [info] > git show --textconv :kernel/proc.c [17ms]
2023-07-20 14:00:44.711 [info] > git ls-files --stage -- /home/funny/lab3/kernel/proc.c [5ms]
2023-07-20 14:00:44.733 [info] > git cat-file -s dab1e1d338e5cf93e439e6a32941880a32512d2e [6ms]
2023-07-20 14:01:45.502 [info] > git config --get commit.template [13ms]
2023-07-20 14:01:45.512 [info] > git for-each-ref --format=%(refname)%00%(upstream:short)%00%(objectname)%00%(upstream:track)%00%(upstream:remotename)%00%(upstream:remoteref) refs/heads/pgtbl refs/remotes/pgtbl [10ms]
2023-07-20 14:01:45.558 [info] > git status -z -uall [35ms]
2023-07-20 14:04:01.828 [info] > git show --textconv :kernel/defs.h [22ms]
2023-07-20 14:04:01.830 [info] > git ls-files --stage -- /home/funny/lab3/kernel/defs.h [6ms]
2023-07-20 14:04:01.851 [info] > git cat-file -s a73b4f72e60a45da8b8e448bfb4fed69506c752a [7ms]
2023-07-20 14:04:43.939 [info] > git show --textconv :kernel/exec.c [16ms]
2023-07-20 14:04:43.944 [info] > git ls-files --stage -- /home/funny/lab3/kernel/exec.c [5ms]
2023-07-20 14:04:43.963 [info] > git cat-file -s 0e8762f9f779e64161410112e50f8366097c7c80 [5ms]
2023-07-20 14:04:45.047 [info] > git show --textconv :kernel/defs.h [19ms]
2023-07-20 14:04:45.049 [info] > git ls-files --stage -- /home/funny/lab3/kernel/defs.h [3ms]
2023-07-20 14:04:45.067 [info] > git cat-file -s a73b4f72e60a45da8b8e448bfb4fed69506c752a [6ms]
2023-07-20 14:04:45.760 [info] > git show --textconv :kernel/exec.c [14ms]
2023-07-20 14:04:45.765 [info] > git ls-files --stage -- /home/funny/lab3/kernel/exec.c [6ms]
2023-07-20 14:04:45.784 [info] > git cat-file -s 0e8762f9f779e64161410112e50f8366097c7c80 [6ms]
2023-07-20 14:07:51.745 [info] > git config --get commit.template [40ms]
2023-07-20 14:07:51.750 [info] > git for-each-ref --format=%(refname)%00%(upstream:short)%00%(objectname)%00%(upstream:track)%00%(upstream:remotename)%00%(upstream:remoteref) refs/heads/pgtbl refs/remotes/pgtbl [13ms]
2023-07-20 14:07:51.799 [info] > git status -z -uall [29ms]
2023-07-20 14:08:00.278 [info] > git config --get commit.template [18ms]
2023-07-20 14:08:00.288 [info] > git for-each-ref --format=%(refname)%00%(upstream:short)%00%(objectname)%00%(upstream:track)%00%(upstream:remotename)%00%(upstream:remoteref) refs/heads/pgtbl refs/remotes/pgtbl [10ms]
2023-07-20 14:08:00.327 [info] > git status -z -uall [23ms]
2023-07-20 14:08:05.370 [info] > git config --get commit.template [19ms]
2023-07-20 14:08:05.379 [info] > git for-each-ref --format=%(refname)%00%(upstream:short)%00%(objectname)%00%(upstream:track)%00%(upstream:remotename)%00%(upstream:remoteref) refs/heads/pgtbl refs/remotes/pgtbl [10ms]
2023-07-20 14:08:05.412 [info] > git status -z -uall [19ms]
2023-07-20 14:08:10.446 [info] > git config --get commit.template [13ms]
2023-07-20 14:08:10.451 [info] > git for-each-ref --format=%(refname)%00%(upstream:short)%00%(objectname)%00%(upstream:track)%00%(upstream:remotename)%00%(upstream:remoteref) refs/heads/pgtbl refs/remotes/pgtbl [6ms]
2023-07-20 14:08:10.484 [info] > git status -z -uall [20ms]
2023-07-20 14:08:13.539 [info] > git show --textconv :kernel/sysproc.c [17ms]
2023-07-20 14:08:13.545 [info] > git ls-files --stage -- /home/funny/lab3/kernel/sysproc.c [5ms]
2023-07-20 14:08:13.568 [info] > git cat-file -s e8bcda971ebad2c2b3801fb1d11670a2f37e9483 [7ms]
2023-07-20 14:08:30.376 [info] > git config --get commit.template [17ms]
2023-07-20 14:08:30.385 [info] > git for-each-ref --format=%(refname)%00%(upstream:short)%00%(objectname)%00%(upstream:track)%00%(upstream:remotename)%00%(upstream:remoteref) refs/heads/pgtbl refs/remotes/pgtbl [10ms]
2023-07-20 14:08:30.422 [info] > git status -z -uall [21ms]
2023-07-20 14:08:35.455 [info] > git for-each-ref --format=%(refname)%00%(upstream:short)%00%(objectname)%00%(upstream:track)%00%(upstream:remotename)%00%(upstream:remoteref) refs/heads/pgtbl refs/remotes/pgtbl [13ms]
2023-07-20 14:08:35.458 [info] > git config --get commit.template [4ms]
2023-07-20 14:08:35.491 [info] > git status -z -uall [18ms]
2023-07-20 15:43:48.599 [info] > git check-ignore -v -z --stdin [21ms]
2023-07-20 15:45:41.649 [info] > git check-ignore -v -z --stdin [6ms]
2023-07-20 15:45:42.567 [info] > git show --textconv :kernel/defs.h [18ms]
2023-07-20 15:45:42.572 [info] > git ls-files --stage -- /home/funny/lab4/kernel/defs.h [7ms]
2023-07-20 15:45:42.593 [info] > git cat-file -s 4b9bbc0e6acd5e35dcd0b9a688f7f7d08bb8dbe9 [7ms]
2023-07-20 15:47:16.104 [info] > git check-ignore -v -z --stdin [5ms]
2023-07-20 15:47:16.788 [info] > git check-ignore -v -z --stdin [5ms]
2023-07-20 15:47:18.207 [info] > git show --textconv :kernel/riscv.h [16ms]
2023-07-20 15:47:18.210 [info] > git ls-files --stage -- /home/funny/lab4/kernel/riscv.h [4ms]
2023-07-20 15:47:18.229 [info] > git cat-file -s 0aec0036c664a6d88afb06c75e0fff8d4002649d [5ms]
2023-07-20 15:50:50.900 [info] > git check-ignore -v -z --stdin [7ms]
2023-07-20 15:51:06.309 [info] > git show --textconv :kernel/printf.c [13ms]
2023-07-20 15:51:06.313 [info] > git ls-files --stage -- /home/funny/lab4/kernel/printf.c [5ms]
2023-07-20 15:51:06.330 [info] > git cat-file -s e1347de6486538a2f2e27db91a4ef2d5daeb4899 [5ms]
2023-07-20 16:14:54.499 [info] > git check-ignore -v -z --stdin [8ms]
2023-07-20 16:14:55.098 [info] > git check-ignore -v -z --stdin [5ms]
2023-07-20 16:14:55.703 [info] > git check-ignore -v -z --stdin [5ms]
2023-07-20 16:28:24.487 [info] > git config --get commit.template [22ms]
2023-07-20 16:28:24.494 [info] > git for-each-ref --format=%(refname)%00%(upstream:short)%00%(objectname)%00%(upstream:track)%00%(upstream:remotename)%00%(upstream:remoteref) refs/heads/traps refs/remotes/traps [9ms]
2023-07-20 16:28:24.534 [info] > git status -z -uall [24ms]
2023-07-20 16:28:29.569 [info] > git config --get commit.template [13ms]
2023-07-20 16:28:29.575 [info] > git for-each-ref --format=%(refname)%00%(upstream:short)%00%(objectname)%00%(upstream:track)%00%(upstream:remotename)%00%(upstream:remoteref) refs/heads/traps refs/remotes/traps [8ms]
2023-07-20 16:28:29.603 [info] > git status -z -uall [16ms]
2023-07-20 16:29:19.254 [info] > git check-ignore -v -z --stdin [4ms]
2023-07-20 16:29:21.554 [info] > git check-ignore -v -z --stdin [5ms]
2023-07-20 16:29:22.696 [info] > git show --textconv :user/user.h [16ms]
2023-07-20 16:29:22.700 [info] > git ls-files --stage -- /home/funny/lab4/user/user.h [5ms]
2023-07-20 16:29:22.716 [info] > git cat-file -s b71ecda2b66d940b2dcc52fcd3673d5d91b3f9f1 [5ms]
2023-07-20 16:29:23.907 [info] > git show --textconv :user/usys.pl [14ms]
2023-07-20 16:29:23.912 [info] > git ls-files --stage -- /home/funny/lab4/user/usys.pl [6ms]
2023-07-20 16:29:23.929 [info] > git cat-file -s 01e426e6b36c706967da4dfc41f6377df9da9e31 [5ms]
2023-07-20 16:30:06.270 [info] > git check-ignore -v -z --stdin [6ms]
2023-07-20 16:30:07.892 [info] > git show --textconv :kernel/syscall.h [15ms]
2023-07-20 16:30:07.898 [info] > git ls-files --stage -- /home/funny/lab4/kernel/syscall.h [6ms]
2023-07-20 16:30:07.917 [info] > git cat-file -s bc5f35651c0e0e6d79e60a80b778962429832aeb [7ms]
2023-07-20 16:30:27.016 [info] > git show --textconv :kernel/syscall.c [17ms]
2023-07-20 16:30:27.020 [info] > git ls-files --stage -- /home/funny/lab4/kernel/syscall.c [5ms]
2023-07-20 16:30:27.037 [info] > git cat-file -s c1b3670db9d39f5570df45da08ab392eb74f2338 [5ms]
2023-07-20 16:32:54.197 [info] > git show --textconv :kernel/proc.h [16ms]
2023-07-20 16:32:54.201 [info] > git ls-files --stage -- /home/funny/lab4/kernel/proc.h [5ms]
2023-07-20 16:32:54.218 [info] > git cat-file -s 9c16ea726d05735e23d0d2f74168c483c017be60 [5ms]
2023-07-20 16:34:17.325 [info] > git show --textconv :kernel/proc.c [13ms]
2023-07-20 16:34:17.329 [info] > git ls-files --stage -- /home/funny/lab4/kernel/proc.c [5ms]
2023-07-20 16:34:17.345 [info] > git cat-file -s dab1e1d338e5cf93e439e6a32941880a32512d2e [5ms]
2023-07-20 17:00:37.909 [info] > git show --textconv :kernel/defs.h [13ms]
2023-07-20 17:00:37.913 [info] > git ls-files --stage -- /home/funny/lab4/kernel/defs.h [6ms]
2023-07-20 17:00:37.930 [info] > git cat-file -s 4b9bbc0e6acd5e35dcd0b9a688f7f7d08bb8dbe9 [5ms]
2023-07-20 17:00:47.295 [info] > git check-ignore -v -z --stdin [5ms]
2023-07-20 17:00:48.198 [info] > git show --textconv :kernel/trap.c [13ms]
2023-07-20 17:00:48.201 [info] > git ls-files --stage -- /home/funny/lab4/kernel/trap.c [4ms]
2023-07-20 17:00:48.218 [info] > git cat-file -s a63249e4e0e3fc829e6a23bc15242c8efcc4542c [5ms]
2023-07-20 17:06:58.795 [info] > git check-ignore -v -z --stdin [4ms]
2023-07-20 17:07:09.328 [info] > git show --textconv :kernel/printf.c [15ms]
2023-07-20 17:07:09.333 [info] > git ls-files --stage -- /home/funny/lab4/kernel/printf.c [5ms]
2023-07-20 17:07:09.349 [info] > git cat-file -s e1347de6486538a2f2e27db91a4ef2d5daeb4899 [5ms]
2023-07-20 17:07:23.452 [info] > git show --textconv :kernel/sysproc.c [13ms]
2023-07-20 17:07:23.456 [info] > git ls-files --stage -- /home/funny/lab4/kernel/sysproc.c [4ms]
2023-07-20 17:07:23.471 [info] > git cat-file -s e8bcda971ebad2c2b3801fb1d11670a2f37e9483 [5ms]
2023-07-20 19:13:38.096 [info] > git check-ignore -v -z --stdin [6ms]
2023-07-20 19:13:49.432 [info] > git check-ignore -v -z --stdin [7ms]
2023-07-20 19:13:52.573 [info] > git check-ignore -v -z --stdin [5ms]
2023-07-20 19:13:54.131 [info] > git check-ignore -v -z --stdin [5ms]
2023-07-20 19:13:54.897 [info] > git check-ignore -v -z --stdin [6ms]
2023-07-20 19:13:55.665 [info] > git check-ignore -v -z --stdin [6ms]
2023-07-20 19:13:57.027 [info] > git show --textconv :kernel/sysproc.c [17ms]
2023-07-20 19:13:57.031 [info] > git ls-files --stage -- /home/funny/lab5/kernel/sysproc.c [5ms]
2023-07-20 19:13:57.052 [info] > git cat-file -s e8bcda971ebad2c2b3801fb1d11670a2f37e9483 [5ms]
2023-07-20 19:24:17.379 [info] > git show --textconv :kernel/trap.c [13ms]
2023-07-20 19:24:17.383 [info] > git ls-files --stage -- /home/funny/lab5/kernel/trap.c [5ms]
2023-07-20 19:24:17.399 [info] > git cat-file -s a63249e4e0e3fc829e6a23bc15242c8efcc4542c [5ms]
2023-07-20 19:31:39.949 [info] > git show --textconv :kernel/vm.c [19ms]
2023-07-20 19:31:39.950 [info] > git ls-files --stage -- /home/funny/lab5/kernel/vm.c [6ms]
2023-07-20 19:31:39.968 [info] > git cat-file -s bccb405307c25599aa8c983386a5a17ef1fab3aa [5ms]
