2023-07-18 11:32:04.922 [info] 日志级别: Info
2023-07-18 11:32:04.922 [info] 正在验证在以下位置找到的 git: "git"
2023-07-18 11:32:04.922 [info] 将使用位于 "2.25.1" 的 Git "git"
2023-07-18 11:32:04.922 [info] > git rev-parse --show-toplevel [8ms]
2023-07-18 11:32:04.922 [info] fatal: not a git repository (or any of the parent directories): .git
2023-07-18 11:32:04.922 [info] > git rev-parse --show-toplevel [5ms]
2023-07-18 11:32:04.922 [info] > git rev-parse --git-dir --git-common-dir [8ms]
2023-07-18 11:32:04.922 [info] Open repository: /home/funny/lab11
2023-07-18 11:32:04.954 [info] > git config --get commit.template [15ms]
2023-07-18 11:32:04.955 [info] > git rev-parse --show-toplevel [34ms]
2023-07-18 11:32:04.955 [info] fatal: not a git repository (or any of the parent directories): .git
2023-07-18 11:32:05.034 [info] > git rev-parse --show-toplevel [64ms]
2023-07-18 11:32:05.034 [info] fatal: not a git repository (or any of the parent directories): .git
2023-07-18 11:32:05.051 [info] > git for-each-ref --format=%(refname)%00%(upstream:short)%00%(objectname)%00%(upstream:track)%00%(upstream:remotename)%00%(upstream:remoteref) refs/heads/net refs/remotes/net [63ms]
2023-07-18 11:32:05.067 [info] > git rev-parse --show-toplevel [20ms]
2023-07-18 11:32:05.067 [info] fatal: not a git repository (or any of the parent directories): .git
2023-07-18 11:32:05.087 [info] > git rev-parse --show-toplevel [6ms]
2023-07-18 11:32:05.087 [info] fatal: not a git repository (or any of the parent directories): .git
2023-07-18 11:32:05.107 [info] > git status -z -uall [42ms]
2023-07-18 11:32:05.115 [info] > git rev-parse --show-toplevel [15ms]
2023-07-18 11:32:05.159 [info] > git rev-parse --git-dir --git-common-dir [28ms]
2023-07-18 11:32:05.164 [info] Open repository: /home/funny/lab1
2023-07-18 11:32:05.221 [info] > git config --get commit.template [73ms]
2023-07-18 11:32:05.234 [info] > git config --get commit.template [15ms]
2023-07-18 11:32:05.234 [info] > git for-each-ref --format=%(refname)%00%(upstream:short)%00%(objectname)%00%(upstream:track)%00%(upstream:remotename)%00%(upstream:remoteref) refs/heads/net refs/remotes/net [33ms]
2023-07-18 11:32:05.247 [info] > git rev-parse --show-toplevel [69ms]
2023-07-18 11:32:05.278 [info] > git status -z -uall [32ms]
2023-07-18 11:32:05.279 [info] > git rev-parse --git-dir --git-common-dir [20ms]
2023-07-18 11:32:05.283 [info] Open repository: /home/funny/lab10
2023-07-18 11:32:05.319 [info] > git rev-parse --show-toplevel [23ms]
2023-07-18 11:32:05.333 [info] > git for-each-ref --format=%(refname)%00%(upstream:short)%00%(objectname)%00%(upstream:track)%00%(upstream:remotename)%00%(upstream:remoteref) refs/heads/util refs/remotes/util [57ms]
2023-07-18 11:32:05.351 [info] > git rev-parse --git-dir --git-common-dir [19ms]
2023-07-18 11:32:05.354 [info] Open repository: /home/funny/lab2
2023-07-18 11:32:05.368 [info] > git config --get commit.template [50ms]
2023-07-18 11:32:05.389 [info] > git status -z -uall [43ms]
2023-07-18 11:32:05.410 [info] > git config --get commit.template [27ms]
2023-07-18 11:32:05.410 [info] > git rev-parse --show-toplevel [42ms]
2023-07-18 11:32:05.437 [info] > git for-each-ref --format=%(refname)%00%(upstream:short)%00%(objectname)%00%(upstream:track)%00%(upstream:remotename)%00%(upstream:remoteref) refs/heads/mmap refs/remotes/mmap [30ms]
2023-07-18 11:32:05.469 [info] > git config --get commit.template [33ms]
2023-07-18 11:32:05.469 [info] > git rev-parse --git-dir --git-common-dir [47ms]
2023-07-18 11:32:05.474 [info] Open repository: /home/funny/lab3
2023-07-18 11:32:05.529 [info] > git status -z -uall [77ms]
2023-07-18 11:32:05.530 [info] > git rev-parse --show-toplevel [40ms]
2023-07-18 11:32:05.543 [info] > git for-each-ref --format=%(refname)%00%(upstream:short)%00%(objectname)%00%(upstream:track)%00%(upstream:remotename)%00%(upstream:remoteref) refs/heads/syscall refs/remotes/syscall [76ms]
2023-07-18 11:32:05.566 [info] > git rev-parse --git-dir --git-common-dir [23ms]
2023-07-18 11:32:05.569 [info] Open repository: /home/funny/lab4
2023-07-18 11:32:05.584 [info] > git config --get commit.template [60ms]
2023-07-18 11:32:05.585 [info] > git for-each-ref --format=%(refname)%00%(upstream:short)%00%(objectname)%00%(upstream:track)%00%(upstream:remotename)%00%(upstream:remoteref) refs/heads/util refs/remotes/util [76ms]
2023-07-18 11:32:05.627 [info] > git status -z -uall [69ms]
2023-07-18 11:32:05.627 [info] > git status -z -uall [29ms]
2023-07-18 11:32:05.627 [info] > git rev-parse --show-toplevel [43ms]
2023-07-18 11:32:05.674 [info] > git rev-parse --git-dir --git-common-dir [34ms]
2023-07-18 11:32:05.678 [info] Open repository: /home/funny/lab5
2023-07-18 11:32:05.693 [info] > git config --get commit.template [66ms]
2023-07-18 11:32:05.693 [info] > git config --get commit.template [80ms]
2023-07-18 11:32:05.734 [info] > git rev-parse --show-toplevel [42ms]
2023-07-18 11:32:05.747 [info] > git config --get commit.template [75ms]
2023-07-18 11:32:05.748 [info] > git for-each-ref --format=%(refname)%00%(upstream:short)%00%(objectname)%00%(upstream:track)%00%(upstream:remotename)%00%(upstream:remoteref) refs/heads/pgtbl refs/remotes/pgtbl [88ms]
2023-07-18 11:32:05.778 [info] > git rev-parse --git-dir --git-common-dir [31ms]
2023-07-18 11:32:05.782 [info] Open repository: /home/funny/lab6
2023-07-18 11:32:05.794 [info] > git config --get commit.template [67ms]
2023-07-18 11:32:05.795 [info] > git for-each-ref --format=%(refname)%00%(upstream:short)%00%(objectname)%00%(upstream:track)%00%(upstream:remotename)%00%(upstream:remoteref) refs/heads/mmap refs/remotes/mmap [79ms]
2023-07-18 11:32:05.838 [info] > git status -z -uall [78ms]
2023-07-18 11:32:05.838 [info] > git status -z -uall [33ms]
2023-07-18 11:32:05.839 [info] > git rev-parse --show-toplevel [45ms]
2023-07-18 11:32:05.855 [info] > git for-each-ref --format=%(refname)%00%(upstream:short)%00%(objectname)%00%(upstream:track)%00%(upstream:remotename)%00%(upstream:remoteref) refs/heads/traps refs/remotes/traps [79ms]
2023-07-18 11:32:05.919 [info] > git status -z -uall [48ms]
2023-07-18 11:32:05.919 [info] > git rev-parse --git-dir --git-common-dir [65ms]
2023-07-18 11:32:05.923 [info] Open repository: /home/funny/lab7
2023-07-18 11:32:05.939 [info] > git config --get commit.template [101ms]
2023-07-18 11:32:05.939 [info] > git for-each-ref --format=%(refname)%00%(upstream:short)%00%(objectname)%00%(upstream:track)%00%(upstream:remotename)%00%(upstream:remoteref) refs/heads/syscall refs/remotes/syscall [118ms]
2023-07-18 11:32:05.977 [info] > git status -z -uall [24ms]
2023-07-18 11:32:05.977 [info] > git rev-parse --show-toplevel [39ms]
2023-07-18 11:32:05.991 [info] > git config --get commit.template [79ms]
2023-07-18 11:32:05.991 [info] > git for-each-ref --format=%(refname)%00%(upstream:short)%00%(objectname)%00%(upstream:track)%00%(upstream:remotename)%00%(upstream:remoteref) refs/heads/lazy refs/remotes/lazy [93ms]
2023-07-18 11:32:06.043 [info] > git status -z -uall [39ms]
2023-07-18 11:32:06.044 [info] > git rev-parse --git-dir --git-common-dir [53ms]
2023-07-18 11:32:06.047 [info] Open repository: /home/funny/lab8
2023-07-18 11:32:06.061 [info] > git config --get commit.template [89ms]
2023-07-18 11:32:06.096 [info] > git rev-parse --show-toplevel [35ms]
2023-07-18 11:32:06.113 [info] > git config --get commit.template [71ms]
2023-07-18 11:32:06.113 [info] > git for-each-ref --format=%(refname)%00%(upstream:short)%00%(objectname)%00%(upstream:track)%00%(upstream:remotename)%00%(upstream:remoteref) refs/heads/cow refs/remotes/cow [86ms]
2023-07-18 11:32:06.181 [info] > git status -z -uall [54ms]
2023-07-18 11:32:06.182 [info] > git rev-parse --git-dir --git-common-dir [70ms]
2023-07-18 11:32:06.187 [info] Open repository: /home/funny/lab9
2023-07-18 11:32:06.192 [info] > git config --get commit.template [98ms]
2023-07-18 11:32:06.192 [info] > git for-each-ref --format=%(refname)%00%(upstream:short)%00%(objectname)%00%(upstream:track)%00%(upstream:remotename)%00%(upstream:remoteref) refs/heads/pgtbl refs/remotes/pgtbl [114ms]
2023-07-18 11:32:06.260 [info] > git config --get commit.template [88ms]
2023-07-18 11:32:06.261 [info] > git for-each-ref --format=%(refname)%00%(upstream:short)%00%(objectname)%00%(upstream:track)%00%(upstream:remotename)%00%(upstream:remoteref) refs/heads/thread refs/remotes/thread [109ms]
2023-07-18 11:32:06.324 [info] > git status -z -uall [109ms]
2023-07-18 11:32:06.324 [info] > git status -z -uall [46ms]
2023-07-18 11:32:06.325 [info] > git config --get commit.template [66ms]
2023-07-18 11:32:06.325 [info] > git for-each-ref --format=%(refname)%00%(upstream:short)%00%(objectname)%00%(upstream:track)%00%(upstream:remotename)%00%(upstream:remoteref) refs/heads/traps refs/remotes/traps [87ms]
2023-07-18 11:32:06.361 [info] > git config --get commit.template [41ms]
2023-07-18 11:32:06.361 [info] > git for-each-ref --format=%(refname)%00%(upstream:short)%00%(objectname)%00%(upstream:track)%00%(upstream:remotename)%00%(upstream:remoteref) refs/heads/lock refs/remotes/lock [60ms]
2023-07-18 11:32:06.415 [info] > git status -z -uall [73ms]
2023-07-18 11:32:06.415 [info] > git status -z -uall [39ms]
2023-07-18 11:32:06.416 [info] > git for-each-ref --format=%(refname)%00%(upstream:short)%00%(objectname)%00%(upstream:track)%00%(upstream:remotename)%00%(upstream:remoteref) refs/heads/lazy refs/remotes/lazy [55ms]
2023-07-18 11:32:06.447 [info] > git config --get commit.template [35ms]
2023-07-18 11:32:06.448 [info] > git for-each-ref --format=%(refname)%00%(upstream:short)%00%(objectname)%00%(upstream:track)%00%(upstream:remotename)%00%(upstream:remoteref) refs/heads/fs refs/remotes/fs [50ms]
2023-07-18 11:32:06.492 [info] > git status -z -uall [63ms]
2023-07-18 11:32:06.492 [info] > git status -z -uall [29ms]
2023-07-18 11:32:06.492 [info] > git for-each-ref --format=%(refname)%00%(upstream:short)%00%(objectname)%00%(upstream:track)%00%(upstream:remotename)%00%(upstream:remoteref) refs/heads/cow refs/remotes/cow [46ms]
2023-07-18 11:32:06.651 [info] > git status -z -uall [144ms]
2023-07-18 11:32:06.651 [info] > git check-ignore -v -z --stdin [129ms]
2023-07-18 11:32:06.653 [info] > git check-ignore -v -z --stdin [117ms]
2023-07-18 11:32:06.653 [info] > git check-ignore -v -z --stdin [104ms]
2023-07-18 11:32:06.653 [info] > git check-ignore -v -z --stdin [90ms]
2023-07-18 11:32:06.654 [info] > git check-ignore -v -z --stdin [78ms]
2023-07-18 11:32:06.654 [info] > git check-ignore -v -z --stdin [64ms]
2023-07-18 11:32:06.654 [info] > git check-ignore -v -z --stdin [50ms]
2023-07-18 11:32:06.654 [info] > git check-ignore -v -z --stdin [36ms]
2023-07-18 11:32:06.655 [info] > git check-ignore -v -z --stdin [24ms]
2023-07-18 11:32:06.656 [info] > git config --get commit.template [172ms]
2023-07-18 11:32:06.685 [info] > git for-each-ref --format=%(refname)%00%(upstream:short)%00%(objectname)%00%(upstream:track)%00%(upstream:remotename)%00%(upstream:remoteref) refs/heads/thread refs/remotes/thread [37ms]
2023-07-18 11:32:06.714 [info] > git config --get commit.template [34ms]
2023-07-18 11:32:06.731 [info] > git status -z -uall [32ms]
2023-07-18 11:32:06.731 [info] > git for-each-ref --format=%(refname)%00%(upstream:short)%00%(objectname)%00%(upstream:track)%00%(upstream:remotename)%00%(upstream:remoteref) refs/heads/lock refs/remotes/lock [18ms]
2023-07-18 11:32:06.751 [info] > git for-each-ref --format=%(refname)%00%(upstream:short)%00%(objectname)%00%(upstream:track)%00%(upstream:remotename)%00%(upstream:remoteref) refs/heads/fs refs/remotes/fs [21ms]
2023-07-18 11:32:06.779 [info] > git status -z -uall [30ms]
2023-07-18 11:32:06.792 [info] > git status -z -uall [23ms]
2023-07-18 11:32:07.136 [info] > git show --textconv :kernel/e1000.c [14ms]
2023-07-18 11:32:07.141 [info] > git ls-files --stage -- /home/funny/lab11/kernel/e1000.c [5ms]
2023-07-18 11:32:07.158 [info] > git cat-file -s 70a2adf968a645086a43e3b0136d97f3ce2b39b9 [5ms]
2023-07-18 11:36:28.388 [info] > git check-ignore -v -z --stdin [5ms]
2023-07-18 12:20:08.079 [info] > git check-ignore -v -z --stdin [5ms]
2023-07-18 12:20:09.139 [info] > git check-ignore -v -z --stdin [5ms]
2023-07-18 12:20:11.624 [info] > git check-ignore -v -z --stdin [5ms]
2023-07-18 12:20:12.309 [info] > git check-ignore -v -z --stdin [6ms]
2023-07-18 12:20:12.954 [info] > git check-ignore -v -z --stdin [4ms]
2023-07-18 12:20:13.905 [info] > git show --textconv :user/sleep.c [9ms]
2023-07-18 12:20:13.910 [info] > git ls-files --stage -- /home/funny/lab1/user/sleep.c [5ms]
2023-07-18 12:42:59.247 [info] > git show --textconv :user/pingpong.c [10ms]
2023-07-18 12:42:59.251 [info] > git ls-files --stage -- /home/funny/lab1/user/pingpong.c [5ms]
