2023-07-22 15:23:04.928 [info] 日志级别: Info
2023-07-22 15:23:04.928 [info] 正在验证在以下位置找到的 git: "git"
2023-07-22 15:23:04.928 [info] 将使用位于 "2.25.1" 的 Git "git"
2023-07-22 15:23:04.928 [info] > git rev-parse --show-toplevel [11ms]
2023-07-22 15:23:04.929 [info] fatal: not a git repository (or any of the parent directories): .git
2023-07-22 15:23:04.929 [info] > git rev-parse --show-toplevel [13ms]
2023-07-22 15:23:04.929 [info] fatal: not a git repository (or any of the parent directories): .git
2023-07-22 15:23:04.930 [info] > git rev-parse --show-toplevel [64ms]
2023-07-22 15:23:04.930 [info] fatal: not a git repository (or any of the parent directories): .git
2023-07-22 15:23:04.949 [info] > git rev-parse --show-toplevel [4ms]
2023-07-22 15:23:04.949 [info] fatal: not a git repository (or any of the parent directories): .git
2023-07-22 15:23:04.972 [info] > git rev-parse --show-toplevel [8ms]
2023-07-22 15:23:04.972 [info] fatal: not a git repository (or any of the parent directories): .git
2023-07-22 15:23:04.995 [info] > git rev-parse --show-toplevel [5ms]
2023-07-22 15:23:05.016 [info] > git rev-parse --git-dir --git-common-dir [5ms]
2023-07-22 15:23:05.030 [info] Open repository: /home/funny/lab1
2023-07-22 15:23:05.077 [info] > git config --get commit.template [15ms]
2023-07-22 15:23:05.078 [info] > git rev-parse --show-toplevel [31ms]
2023-07-22 15:23:05.114 [info] > git rev-parse --git-dir --git-common-dir [19ms]
2023-07-22 15:23:05.119 [info] Open repository: /home/funny/lab10
2023-07-22 15:23:05.162 [info] > git for-each-ref --format=%(refname)%00%(upstream:short)%00%(objectname)%00%(upstream:track)%00%(upstream:remotename)%00%(upstream:remoteref) refs/heads/util refs/remotes/util [50ms]
2023-07-22 15:23:05.183 [info] > git config --get commit.template [23ms]
2023-07-22 15:23:05.184 [info] > git rev-parse --show-toplevel [47ms]
2023-07-22 15:23:05.201 [info] > git status -z -uall [21ms]
2023-07-22 15:23:05.223 [info] > git rev-parse --git-dir --git-common-dir [24ms]
2023-07-22 15:23:05.229 [info] Open repository: /home/funny/lab11
2023-07-22 15:23:05.281 [info] > git for-each-ref --format=%(refname)%00%(upstream:short)%00%(objectname)%00%(upstream:track)%00%(upstream:remotename)%00%(upstream:remoteref) refs/heads/mmap refs/remotes/mmap [59ms]
2023-07-22 15:23:05.297 [info] > git config --get commit.template [19ms]
2023-07-22 15:23:05.297 [info] > git config --get commit.template [34ms]
2023-07-22 15:23:05.297 [info] > git rev-parse --show-toplevel [51ms]
2023-07-22 15:23:05.352 [info] > git status -z -uall [56ms]
2023-07-22 15:23:05.353 [info] > git rev-parse --git-dir --git-common-dir [41ms]
2023-07-22 15:23:05.358 [info] Open repository: /home/funny/lab2
2023-07-22 15:23:05.417 [info] > git rev-parse --show-toplevel [42ms]
2023-07-22 15:23:05.437 [info] > git for-each-ref --format=%(refname)%00%(upstream:short)%00%(objectname)%00%(upstream:track)%00%(upstream:remotename)%00%(upstream:remoteref) refs/heads/util refs/remotes/util [86ms]
2023-07-22 15:23:05.469 [info] > git status -z -uall [16ms]
2023-07-22 15:23:05.469 [info] > git rev-parse --git-dir --git-common-dir [33ms]
2023-07-22 15:23:05.474 [info] Open repository: /home/funny/lab3
2023-07-22 15:23:05.487 [info] > git config --get commit.template [78ms]
2023-07-22 15:23:05.487 [info] > git for-each-ref --format=%(refname)%00%(upstream:short)%00%(objectname)%00%(upstream:track)%00%(upstream:remotename)%00%(upstream:remoteref) refs/heads/net refs/remotes/net [93ms]
2023-07-22 15:23:05.526 [info] > git rev-parse --show-toplevel [40ms]
2023-07-22 15:23:05.543 [info] > git config --get commit.template [74ms]
2023-07-22 15:23:05.575 [info] > git status -z -uall [74ms]
2023-07-22 15:23:05.575 [info] > git rev-parse --git-dir --git-common-dir [33ms]
2023-07-22 15:23:05.580 [info] Open repository: /home/funny/lab4
2023-07-22 15:23:05.600 [info] > git config --get commit.template [79ms]
2023-07-22 15:23:05.649 [info] > git rev-parse --show-toplevel [49ms]
2023-07-22 15:23:05.668 [info] > git for-each-ref --format=%(refname)%00%(upstream:short)%00%(objectname)%00%(upstream:track)%00%(upstream:remotename)%00%(upstream:remoteref) refs/heads/mmap refs/remotes/mmap [94ms]
2023-07-22 15:23:05.686 [info] > git for-each-ref --format=%(refname)%00%(upstream:short)%00%(objectname)%00%(upstream:track)%00%(upstream:remotename)%00%(upstream:remoteref) refs/heads/syscall refs/remotes/syscall [126ms]
2023-07-22 15:23:05.734 [info] > git status -z -uall [48ms]
2023-07-22 15:23:05.735 [info] > git status -z -uall [28ms]
2023-07-22 15:23:05.737 [info] > git rev-parse --git-dir --git-common-dir [70ms]
2023-07-22 15:23:05.743 [info] Open repository: /home/funny/lab5
2023-07-22 15:23:05.761 [info] > git config --get commit.template [118ms]
2023-07-22 15:23:05.761 [info] > git config --get commit.template [138ms]
2023-07-22 15:23:05.782 [info] > git for-each-ref --format=%(refname)%00%(upstream:short)%00%(objectname)%00%(upstream:track)%00%(upstream:remotename)%00%(upstream:remoteref) refs/heads/pgtbl refs/remotes/pgtbl [50ms]
2023-07-22 15:23:05.857 [info] > git status -z -uall [56ms]
2023-07-22 15:23:05.858 [info] > git config --get commit.template [77ms]
2023-07-22 15:23:05.859 [info] > git rev-parse --show-toplevel [97ms]
2023-07-22 15:23:05.930 [info] > git rev-parse --git-dir --git-common-dir [47ms]
2023-07-22 15:23:05.935 [info] Open repository: /home/funny/lab6
2023-07-22 15:23:05.959 [info] > git for-each-ref --format=%(refname)%00%(upstream:short)%00%(objectname)%00%(upstream:track)%00%(upstream:remotename)%00%(upstream:remoteref) refs/heads/net refs/remotes/net [110ms]
2023-07-22 15:23:05.978 [info] > git for-each-ref --format=%(refname)%00%(upstream:short)%00%(objectname)%00%(upstream:track)%00%(upstream:remotename)%00%(upstream:remoteref) refs/heads/traps refs/remotes/traps [148ms]
2023-07-22 15:23:06.059 [info] > git status -z -uall [82ms]
2023-07-22 15:23:06.059 [info] > git status -z -uall [63ms]
2023-07-22 15:23:06.062 [info] > git rev-parse --show-toplevel [104ms]
2023-07-22 15:23:06.077 [info] > git config --get commit.template [159ms]
2023-07-22 15:23:06.094 [info] > git config --get commit.template [39ms]
2023-07-22 15:23:06.094 [info] > git config --get commit.template [55ms]
2023-07-22 15:23:06.095 [info] > git for-each-ref --format=%(refname)%00%(upstream:short)%00%(objectname)%00%(upstream:track)%00%(upstream:remotename)%00%(upstream:remoteref) refs/heads/lazy refs/remotes/lazy [72ms]
2023-07-22 15:23:06.138 [info] > git for-each-ref --format=%(refname)%00%(upstream:short)%00%(objectname)%00%(upstream:track)%00%(upstream:remotename)%00%(upstream:remoteref) refs/heads/syscall refs/remotes/syscall [44ms]
2023-07-22 15:23:06.154 [info] > git rev-parse --git-dir --git-common-dir [77ms]
2023-07-22 15:23:06.160 [info] Open repository: /home/funny/lab7
2023-07-22 15:23:06.219 [info] > git status -z -uall [107ms]
2023-07-22 15:23:06.220 [info] > git status -z -uall [66ms]
2023-07-22 15:23:06.223 [info] > git config --get commit.template [87ms]
2023-07-22 15:23:06.245 [info] > git config --get commit.template [27ms]
2023-07-22 15:23:06.245 [info] > git for-each-ref --format=%(refname)%00%(upstream:short)%00%(objectname)%00%(upstream:track)%00%(upstream:remotename)%00%(upstream:remoteref) refs/heads/pgtbl refs/remotes/pgtbl [40ms]
2023-07-22 15:23:06.260 [info] > git for-each-ref --format=%(refname)%00%(upstream:short)%00%(objectname)%00%(upstream:track)%00%(upstream:remotename)%00%(upstream:remoteref) refs/heads/cow refs/remotes/cow [68ms]
2023-07-22 15:23:06.274 [info] > git rev-parse --show-toplevel [98ms]
2023-07-22 15:23:06.305 [info] > git status -z -uall [45ms]
2023-07-22 15:23:06.307 [info] > git config --get commit.template [65ms]
2023-07-22 15:23:06.323 [info] > git status -z -uall [50ms]
2023-07-22 15:23:06.323 [info] > git rev-parse --git-dir --git-common-dir [35ms]
2023-07-22 15:23:06.327 [info] Open repository: /home/funny/lab8
2023-07-22 15:23:06.392 [info] > git rev-parse --show-toplevel [53ms]
2023-07-22 15:23:06.408 [info] > git for-each-ref --format=%(refname)%00%(upstream:short)%00%(objectname)%00%(upstream:track)%00%(upstream:remotename)%00%(upstream:remoteref) refs/heads/thread refs/remotes/thread [86ms]
2023-07-22 15:23:06.424 [info] > git for-each-ref --format=%(refname)%00%(upstream:short)%00%(objectname)%00%(upstream:track)%00%(upstream:remotename)%00%(upstream:remoteref) refs/heads/traps refs/remotes/traps [121ms]
2023-07-22 15:23:06.451 [info] > git rev-parse --git-dir --git-common-dir [44ms]
2023-07-22 15:23:06.455 [info] Open repository: /home/funny/lab9
2023-07-22 15:23:06.461 [info] > git config --get commit.template [69ms]
2023-07-22 15:23:06.461 [info] > git config --get commit.template [85ms]
2023-07-22 15:23:06.461 [info] > git for-each-ref --format=%(refname)%00%(upstream:short)%00%(objectname)%00%(upstream:track)%00%(upstream:remotename)%00%(upstream:remoteref) refs/heads/lazy refs/remotes/lazy [100ms]
2023-07-22 15:23:06.500 [info] > git status -z -uall [77ms]
2023-07-22 15:23:06.500 [info] > git status -z -uall [60ms]
2023-07-22 15:23:06.543 [info] > git status -z -uall [63ms]
2023-07-22 15:23:06.543 [info] > git config --get commit.template [46ms]
2023-07-22 15:23:06.563 [info] > git for-each-ref --format=%(refname)%00%(upstream:short)%00%(objectname)%00%(upstream:track)%00%(upstream:remotename)%00%(upstream:remoteref) refs/heads/cow refs/remotes/cow [28ms]
2023-07-22 15:23:06.582 [info] > git for-each-ref --format=%(refname)%00%(upstream:short)%00%(objectname)%00%(upstream:track)%00%(upstream:remotename)%00%(upstream:remoteref) refs/heads/lock refs/remotes/lock [60ms]
2023-07-22 15:23:06.613 [info] > git status -z -uall [32ms]
2023-07-22 15:23:06.613 [info] > git config --get commit.template [52ms]
2023-07-22 15:23:06.638 [info] > git status -z -uall [42ms]
2023-07-22 15:23:06.638 [info] > git for-each-ref --format=%(refname)%00%(upstream:short)%00%(objectname)%00%(upstream:track)%00%(upstream:remotename)%00%(upstream:remoteref) refs/heads/fs refs/remotes/fs [26ms]
2023-07-22 15:23:06.682 [info] > git for-each-ref --format=%(refname)%00%(upstream:short)%00%(objectname)%00%(upstream:track)%00%(upstream:remotename)%00%(upstream:remoteref) refs/heads/thread refs/remotes/thread [48ms]
2023-07-22 15:23:06.699 [info] > git status -z -uall [42ms]
2023-07-22 15:23:06.700 [info] > git config --get commit.template [20ms]
2023-07-22 15:23:06.744 [info] > git status -z -uall [46ms]
2023-07-22 15:23:06.744 [info] > git for-each-ref --format=%(refname)%00%(upstream:short)%00%(objectname)%00%(upstream:track)%00%(upstream:remotename)%00%(upstream:remoteref) refs/heads/lock refs/remotes/lock [23ms]
2023-07-22 15:23:06.778 [info] > git config --get commit.template [41ms]
2023-07-22 15:23:06.782 [info] > git status -z -uall [22ms]
2023-07-22 15:23:06.787 [info] > git for-each-ref --format=%(refname)%00%(upstream:short)%00%(objectname)%00%(upstream:track)%00%(upstream:remotename)%00%(upstream:remoteref) refs/heads/fs refs/remotes/fs [9ms]
2023-07-22 15:23:06.819 [info] > git status -z -uall [18ms]
2023-07-22 15:23:07.104 [info] > git check-ignore -v -z --stdin [129ms]
2023-07-22 15:23:07.106 [info] > git check-ignore -v -z --stdin [113ms]
2023-07-22 15:23:07.106 [info] > git check-ignore -v -z --stdin [96ms]
2023-07-22 15:23:07.107 [info] > git check-ignore -v -z --stdin [76ms]
2023-07-22 15:23:07.107 [info] > git check-ignore -v -z --stdin [58ms]
2023-07-22 15:23:07.107 [info] > git check-ignore -v -z --stdin [41ms]
2023-07-22 15:23:07.107 [info] > git check-ignore -v -z --stdin [24ms]
2023-07-22 15:23:07.108 [info] > git check-ignore -v -z --stdin [8ms]
2023-07-22 15:23:11.052 [info] > git check-ignore -v -z --stdin [27ms]
2023-07-22 15:23:11.054 [info] > git check-ignore -v -z --stdin [17ms]
2023-07-22 15:23:11.057 [info] > git check-ignore -v -z --stdin [7ms]
2023-07-22 15:23:12.140 [info] > git check-ignore -v -z --stdin [4ms]
2023-07-22 15:23:12.847 [info] > git check-ignore -v -z --stdin [4ms]
2023-07-22 15:23:15.904 [info] > git check-ignore -v -z --stdin [5ms]
2023-07-22 15:23:16.856 [info] > git check-ignore -v -z --stdin [4ms]
2023-07-22 15:23:18.809 [info] > git show --textconv :kernel/file.h [13ms]
2023-07-22 15:23:18.813 [info] > git ls-files --stage -- /home/funny/lab9/kernel/file.h [4ms]
2023-07-22 15:23:18.832 [info] > git cat-file -s b076d1d8062ad0a416c0a7e0a21af33991495e26 [6ms]
2023-07-22 15:23:19.777 [info] > git show --textconv :kernel/fs.h [16ms]
2023-07-22 15:23:19.780 [info] > git ls-files --stage -- /home/funny/lab9/kernel/fs.h [4ms]
2023-07-22 15:23:19.799 [info] > git cat-file -s 139dcc9c37a0c1d64e479a3ba26dc9a0cc6273d3 [5ms]
2023-07-22 15:28:00.583 [info] > git show --textconv :kernel/fs.c [15ms]
2023-07-22 15:28:00.586 [info] > git ls-files --stage -- /home/funny/lab9/kernel/fs.c [5ms]
2023-07-22 15:28:00.603 [info] > git cat-file -s f33553a991ffe54d887aa1f6deef659371de0a52 [6ms]
2023-07-22 18:13:12.057 [info] > git check-ignore -v -z --stdin [5ms]
2023-07-22 18:13:16.454 [info] > git check-ignore -v -z --stdin [6ms]
2023-07-22 18:13:17.648 [info] > git show --textconv :user/user.h [16ms]
2023-07-22 18:13:17.652 [info] > git ls-files --stage -- /home/funny/lab9/user/user.h [5ms]
2023-07-22 18:13:17.670 [info] > git cat-file -s b71ecda2b66d940b2dcc52fcd3673d5d91b3f9f1 [6ms]
2023-07-22 18:13:49.823 [info] > git show --textconv :user/usys.pl [13ms]
2023-07-22 18:13:49.826 [info] > git ls-files --stage -- /home/funny/lab9/user/usys.pl [4ms]
2023-07-22 18:13:49.842 [info] > git cat-file -s 01e426e6b36c706967da4dfc41f6377df9da9e31 [5ms]
2023-07-22 18:14:24.134 [info] > git check-ignore -v -z --stdin [5ms]
2023-07-22 18:14:25.322 [info] > git show --textconv :kernel/syscall.c [12ms]
2023-07-22 18:14:25.326 [info] > git ls-files --stage -- /home/funny/lab9/kernel/syscall.c [5ms]
2023-07-22 18:14:25.343 [info] > git cat-file -s c1b3670db9d39f5570df45da08ab392eb74f2338 [6ms]
2023-07-22 18:14:25.972 [info] > git show --textconv :kernel/syscall.h [17ms]
2023-07-22 18:14:25.976 [info] > git ls-files --stage -- /home/funny/lab9/kernel/syscall.h [6ms]
2023-07-22 18:14:25.999 [info] > git cat-file -s bc5f35651c0e0e6d79e60a80b778962429832aeb [9ms]
2023-07-22 18:20:26.688 [info] > git show --textconv :kernel/stat.h [12ms]
2023-07-22 18:20:26.692 [info] > git ls-files --stage -- /home/funny/lab9/kernel/stat.h [6ms]
2023-07-22 18:20:26.711 [info] > git cat-file -s 19543afdf206d9d165812bf32a5a9eea6633f3be [5ms]
2023-07-22 18:20:50.525 [info] > git show --textconv :kernel/fcntl.h [15ms]
2023-07-22 18:20:50.529 [info] > git ls-files --stage -- /home/funny/lab9/kernel/fcntl.h [5ms]
2023-07-22 18:20:50.548 [info] > git cat-file -s 44861b9a23da4e414225cd6fa9465c2219412811 [6ms]
2023-07-22 18:23:02.748 [info] > git show --textconv :kernel/sysfile.c [18ms]
2023-07-22 18:23:02.751 [info] > git ls-files --stage -- /home/funny/lab9/kernel/sysfile.c [5ms]
2023-07-22 18:23:02.769 [info] > git cat-file -s 5dc453b906f3353d800ec9c4b725375a2edeacd7 [6ms]
2023-07-22 18:46:38.798 [info] > git config --get commit.template [19ms]
2023-07-22 18:46:38.806 [info] > git for-each-ref --format=%(refname)%00%(upstream:short)%00%(objectname)%00%(upstream:track)%00%(upstream:remotename)%00%(upstream:remoteref) refs/heads/fs refs/remotes/fs [8ms]
2023-07-22 18:46:38.847 [info] > git status -z -uall [22ms]
2023-07-22 18:46:48.641 [info] > git config --get commit.template [17ms]
2023-07-22 18:46:48.652 [info] > git for-each-ref --format=%(refname)%00%(upstream:short)%00%(objectname)%00%(upstream:track)%00%(upstream:remotename)%00%(upstream:remoteref) refs/heads/fs refs/remotes/fs [13ms]
2023-07-22 18:46:48.688 [info] > git status -z -uall [23ms]
2023-07-22 19:55:51.901 [info] > git check-ignore -v -z --stdin [5ms]
2023-07-22 20:28:26.098 [info] > git check-ignore -v -z --stdin [5ms]
2023-07-22 20:28:38.095 [info] > git check-ignore -v -z --stdin [6ms]
2023-07-22 20:28:39.163 [info] > git show --textconv :user/user.h [16ms]
2023-07-22 20:28:39.167 [info] > git ls-files --stage -- /home/funny/lab10/user/user.h [5ms]
2023-07-22 20:28:39.184 [info] > git cat-file -s b71ecda2b66d940b2dcc52fcd3673d5d91b3f9f1 [4ms]
2023-07-22 20:29:01.697 [info] > git show --textconv :user/usys.pl [16ms]
2023-07-22 20:29:01.701 [info] > git ls-files --stage -- /home/funny/lab10/user/usys.pl [5ms]
2023-07-22 20:29:01.721 [info] > git cat-file -s 01e426e6b36c706967da4dfc41f6377df9da9e31 [6ms]
2023-07-22 20:29:59.376 [info] > git check-ignore -v -z --stdin [6ms]
2023-07-22 20:30:06.673 [info] > git check-ignore -v -z --stdin [6ms]
2023-07-22 20:30:09.693 [info] > git show --textconv :kernel/syscall.h [16ms]
2023-07-22 20:30:09.697 [info] > git ls-files --stage -- /home/funny/lab10/kernel/syscall.h [5ms]
2023-07-22 20:30:09.716 [info] > git cat-file -s bc5f35651c0e0e6d79e60a80b778962429832aeb [5ms]
2023-07-22 20:30:54.659 [info] > git show --textconv :kernel/syscall.c [14ms]
2023-07-22 20:30:54.664 [info] > git ls-files --stage -- /home/funny/lab10/kernel/syscall.c [5ms]
2023-07-22 20:30:54.680 [info] > git cat-file -s c1b3670db9d39f5570df45da08ab392eb74f2338 [5ms]
2023-07-22 20:34:46.734 [info] > git show --textconv :kernel/proc.h [16ms]
2023-07-22 20:34:46.740 [info] > git ls-files --stage -- /home/funny/lab10/kernel/proc.h [6ms]
2023-07-22 20:34:46.758 [info] > git cat-file -s 9c16ea726d05735e23d0d2f74168c483c017be60 [5ms]
2023-07-22 20:37:51.248 [info] > git show --textconv :kernel/sysfile.c [13ms]
2023-07-22 20:37:51.252 [info] > git ls-files --stage -- /home/funny/lab10/kernel/sysfile.c [6ms]
2023-07-22 20:37:51.278 [info] > git cat-file -s 5dc453b906f3353d800ec9c4b725375a2edeacd7 [14ms]
2023-07-22 20:48:55.516 [info] > git rev-parse --show-toplevel [9ms]
2023-07-22 20:48:55.516 [info] fatal: not a git repository (or any of the parent directories): .git
2023-07-22 20:49:26.190 [info] > git rev-parse --show-toplevel [5ms]
2023-07-22 20:49:26.191 [info] fatal: not a git repository (or any of the parent directories): .git
2023-07-22 20:49:29.690 [info] > git rev-parse --show-toplevel [4ms]
2023-07-22 20:49:29.690 [info] fatal: not a git repository (or any of the parent directories): .git
2023-07-22 20:49:32.638 [info] > git rev-parse --show-toplevel [4ms]
2023-07-22 20:49:32.638 [info] fatal: not a git repository (or any of the parent directories): .git
2023-07-22 20:49:35.987 [info] > git show --textconv :kernel/trap.c [16ms]
2023-07-22 20:49:36.005 [info] > git ls-files --stage -- /home/funny/lab10/kernel/trap.c [19ms]
2023-07-22 20:49:36.026 [info] > git cat-file -s a63249e4e0e3fc829e6a23bc15242c8efcc4542c [7ms]
2023-07-22 21:02:45.600 [info] > git show --textconv :kernel/proc.c [14ms]
2023-07-22 21:02:45.605 [info] > git ls-files --stage -- /home/funny/lab10/kernel/proc.c [5ms]
2023-07-22 21:02:45.624 [info] > git cat-file -s ba1a9e3b5df52164b8cc7fa4d5baafe376423d32 [5ms]
2023-07-22 21:14:32.043 [info] > git config --get commit.template [21ms]
2023-07-22 21:14:32.052 [info] > git for-each-ref --format=%(refname)%00%(upstream:short)%00%(objectname)%00%(upstream:track)%00%(upstream:remotename)%00%(upstream:remoteref) refs/heads/mmap refs/remotes/mmap [10ms]
2023-07-22 21:14:32.088 [info] > git status -z -uall [20ms]
2023-07-22 21:14:40.574 [info] > git config --get commit.template [16ms]
2023-07-22 21:14:40.583 [info] > git for-each-ref --format=%(refname)%00%(upstream:short)%00%(objectname)%00%(upstream:track)%00%(upstream:remotename)%00%(upstream:remoteref) refs/heads/mmap refs/remotes/mmap [10ms]
2023-07-22 21:14:40.619 [info] > git status -z -uall [22ms]
